# JRE version: Java(TM) SE Runtime Environment (9.0+11) (build 9.0.1+11)
# Java VM: Java HotSpot(TM) 64-Bit Server VM (9.0.1+11, mixed mode, tiered, compressed oops, g1 gc, bsd-amd64)
Heap:
 garbage-first heap   total 131072K, used 19861K [0x0000000740000000, 0x0000000740100400, 0x00000007c0000000)
  region size 1024K, 16 young (16384K), 4 survivors (4096K)
 Metaspace       used 15954K, capacity 16264K, committed 16512K, reserved 1064960K
  class space    used 1729K, capacity 1865K, committed 1920K, reserved 1048576K
GC Heap History (6 events):
Event: 2.934 GC heap before
{Heap before GC invocations=0 (full 0):
 garbage-first heap   total 131072K, used 14336K [0x0000000740000000, 0x0000000740100400, 0x00000007c0000000)
  region size 1024K, 14 young (14336K), 0 survivors (0K)
 Metaspace       used 9623K, capacity 9840K, committed 9984K, reserved 1058816K
  class space    used 908K, capacity 993K, committed 1024K, reserved 1048576K
}
Event: 2.940 GC heap after
{Heap after GC invocations=1 (full 0):
 garbage-first heap   total 131072K, used 4454K [0x0000000740000000, 0x0000000740100400, 0x00000007c0000000)
  region size 1024K, 2 young (2048K), 2 survivors (2048K)
 Metaspace       used 9623K, capacity 9840K, committed 9984K, reserved 1058816K
  class space    used 908K, capacity 993K, committed 1024K, reserved 1048576K
}
Event: 5.089 GC heap before
{Heap before GC invocations=1 (full 0):
 garbage-first heap   total 131072K, used 14694K [0x0000000740000000, 0x0000000740100400, 0x00000007c0000000)
  region size 1024K, 12 young (12288K), 2 survivors (2048K)
 Metaspace       used 12163K, capacity 12500K, committed 12672K, reserved 1060864K
  class space    used 1241K, capacity 1341K, committed 1408K, reserved 1048576K
}
Event: 5.094 GC heap after
{Heap after GC invocations=2 (full 0):
 garbage-first heap   total 131072K, used 6460K [0x0000000740000000, 0x0000000740100400, 0x00000007c0000000)
  region size 1024K, 2 young (2048K), 2 survivors (2048K)
 Metaspace       used 12163K, capacity 12500K, committed 12672K, reserved 1060864K
  class space    used 1241K, capacity 1341K, committed 1408K, reserved 1048576K
}
Event: 9.035 GC heap before
{Heap before GC invocations=2 (full 0):
 garbage-first heap   total 131072K, used 33084K [0x0000000740000000, 0x0000000740100400, 0x00000007c0000000)
  region size 1024K, 28 young (28672K), 2 survivors (2048K)
 Metaspace       used 14537K, capacity 14838K, committed 14976K, reserved 1062912K
  class space    used 1530K, capacity 1604K, committed 1664K, reserved 1048576K
}
Event: 9.041 GC heap after
{Heap after GC invocations=3 (full 0):
 garbage-first heap   total 131072K, used 8597K [0x0000000740000000, 0x0000000740100400, 0x00000007c0000000)
  region size 1024K, 4 young (4096K), 4 survivors (4096K)
 Metaspace       used 14537K, capacity 14838K, committed 14976K, reserved 1062912K
  class space    used 1530K, capacity 1604K, committed 1664K, reserved 1048576K
}

