# JRE version: Java(TM) SE Runtime Environment (9.0+11) (build 9.0.1+11)
# Java VM: Java HotSpot(TM) 64-Bit Server VM (9.0.1+11, mixed mode, tiered, compressed oops, g1 gc, bsd-amd64)
Heap:
 garbage-first heap   total 131072K, used 25884K [0x0000000740000000, 0x0000000740100400, 0x00000007c0000000)
  region size 1024K, 22 young (22528K), 4 survivors (4096K)
 Metaspace       used 16549K, capacity 16894K, committed 17152K, reserved 1064960K
  class space    used 1819K, capacity 1962K, committed 2048K, reserved 1048576K
GC Heap History (6 events):
Event: 3.306 GC heap before
{Heap before GC invocations=0 (full 0):
 garbage-first heap   total 131072K, used 14336K [0x0000000740000000, 0x0000000740100400, 0x00000007c0000000)
  region size 1024K, 14 young (14336K), 0 survivors (0K)
 Metaspace       used 9686K, capacity 9944K, committed 10240K, reserved 1058816K
  class space    used 917K, capacity 997K, committed 1024K, reserved 1048576K
}
Event: 3.313 GC heap after
{Heap after GC invocations=1 (full 0):
 garbage-first heap   total 131072K, used 4477K [0x0000000740000000, 0x0000000740100400, 0x00000007c0000000)
  region size 1024K, 2 young (2048K), 2 survivors (2048K)
 Metaspace       used 9686K, capacity 9944K, committed 10240K, reserved 1058816K
  class space    used 917K, capacity 997K, committed 1024K, reserved 1048576K
}
Event: 4.568 GC heap before
{Heap before GC invocations=1 (full 0):
 garbage-first heap   total 131072K, used 13693K [0x0000000740000000, 0x0000000740100400, 0x00000007c0000000)
  region size 1024K, 11 young (11264K), 2 survivors (2048K)
 Metaspace       used 12107K, capacity 12356K, committed 12672K, reserved 1060864K
  class space    used 1234K, capacity 1309K, committed 1408K, reserved 1048576K
}
Event: 4.574 GC heap after
{Heap after GC invocations=2 (full 0):
 garbage-first heap   total 131072K, used 6443K [0x0000000740000000, 0x0000000740100400, 0x00000007c0000000)
  region size 1024K, 2 young (2048K), 2 survivors (2048K)
 Metaspace       used 12107K, capacity 12356K, committed 12672K, reserved 1060864K
  class space    used 1234K, capacity 1309K, committed 1408K, reserved 1048576K
}
Event: 8.379 GC heap before
{Heap before GC invocations=2 (full 0):
 garbage-first heap   total 131072K, used 32043K [0x0000000740000000, 0x0000000740100400, 0x00000007c0000000)
  region size 1024K, 27 young (27648K), 2 survivors (2048K)
 Metaspace       used 14406K, capacity 14726K, committed 14976K, reserved 1062912K
  class space    used 1520K, capacity 1604K, committed 1664K, reserved 1048576K
}
Event: 8.385 GC heap after
{Heap after GC invocations=3 (full 0):
 garbage-first heap   total 131072K, used 8476K [0x0000000740000000, 0x0000000740100400, 0x00000007c0000000)
  region size 1024K, 4 young (4096K), 4 survivors (4096K)
 Metaspace       used 14406K, capacity 14726K, committed 14976K, reserved 1062912K
  class space    used 1520K, capacity 1604K, committed 1664K, reserved 1048576K
}

