# JRE version: Java(TM) SE Runtime Environment (9.0+11) (build 9.0.1+11)
# Java VM: Java HotSpot(TM) 64-Bit Server VM (9.0.1+11, mixed mode, tiered, compressed oops, g1 gc, bsd-amd64)
Heap:
 garbage-first heap   total 131072K, used 41157K [0x0000000740000000, 0x0000000740100400, 0x00000007c0000000)
  region size 1024K, 35 young (35840K), 7 survivors (7168K)
 Metaspace       used 20085K, capacity 20446K, committed 20736K, reserved 1067008K
  class space    used 2158K, capacity 2298K, committed 2304K, reserved 1048576K
GC Heap History (8 events):
Event: 2.820 GC heap before
{Heap before GC invocations=0 (full 0):
 garbage-first heap   total 131072K, used 14336K [0x0000000740000000, 0x0000000740100400, 0x00000007c0000000)
  region size 1024K, 14 young (14336K), 0 survivors (0K)
 Metaspace       used 9651K, capacity 9862K, committed 9984K, reserved 1058816K
  class space    used 911K, capacity 994K, committed 1024K, reserved 1048576K
}
Event: 2.838 GC heap after
{Heap after GC invocations=1 (full 0):
 garbage-first heap   total 131072K, used 4649K [0x0000000740000000, 0x0000000740100400, 0x00000007c0000000)
  region size 1024K, 2 young (2048K), 2 survivors (2048K)
 Metaspace       used 9651K, capacity 9862K, committed 9984K, reserved 1058816K
  class space    used 911K, capacity 994K, committed 1024K, reserved 1048576K
}
Event: 4.033 GC heap before
{Heap before GC invocations=1 (full 0):
 garbage-first heap   total 131072K, used 10793K [0x0000000740000000, 0x0000000740100400, 0x00000007c0000000)
  region size 1024K, 8 young (8192K), 2 survivors (2048K)
 Metaspace       used 11354K, capacity 11644K, committed 12032K, reserved 1060864K
  class space    used 1140K, capacity 1199K, committed 1280K, reserved 1048576K
}
Event: 4.039 GC heap after
{Heap after GC invocations=2 (full 0):
 garbage-first heap   total 131072K, used 5896K [0x0000000740000000, 0x0000000740100400, 0x00000007c0000000)
  region size 1024K, 1 young (1024K), 1 survivors (1024K)
 Metaspace       used 11354K, capacity 11644K, committed 12032K, reserved 1060864K
  class space    used 1140K, capacity 1199K, committed 1280K, reserved 1048576K
}
Event: 6.347 GC heap before
{Heap before GC invocations=2 (full 0):
 garbage-first heap   total 131072K, used 28424K [0x0000000740000000, 0x0000000740100400, 0x00000007c0000000)
  region size 1024K, 23 young (23552K), 1 survivors (1024K)
 Metaspace       used 13373K, capacity 13682K, committed 13824K, reserved 1060864K
  class space    used 1390K, capacity 1470K, committed 1536K, reserved 1048576K
}
Event: 6.351 GC heap after
{Heap after GC invocations=3 (full 0):
 garbage-first heap   total 131072K, used 7766K [0x0000000740000000, 0x0000000740100400, 0x00000007c0000000)
  region size 1024K, 3 young (3072K), 3 survivors (3072K)
 Metaspace       used 13373K, capacity 13682K, committed 13824K, reserved 1060864K
  class space    used 1390K, capacity 1470K, committed 1536K, reserved 1048576K
}
Event: 13.866 GC heap before
{Heap before GC invocations=3 (full 0):
 garbage-first heap   total 131072K, used 57942K [0x0000000740000000, 0x0000000740100400, 0x00000007c0000000)
  region size 1024K, 52 young (53248K), 3 survivors (3072K)
 Metaspace       used 19463K, capacity 19838K, committed 19968K, reserved 1067008K
  class space    used 2114K, capacity 2266K, committed 2304K, reserved 1048576K
}
Event: 13.889 GC heap after
{Heap after GC invocations=4 (full 0):
 garbage-first heap   total 131072K, used 13509K [0x0000000740000000, 0x0000000740100400, 0x00000007c0000000)
  region size 1024K, 7 young (7168K), 7 survivors (7168K)
 Metaspace       used 19463K, capacity 19838K, committed 19968K, reserved 1067008K
  class space    used 2114K, capacity 2266K, committed 2304K, reserved 1048576K
}

