# JRE version: Java(TM) SE Runtime Environment (8.0_144-b01) (build 1.8.0_144-b01)
# Java VM: Java HotSpot(TM) 64-Bit Server VM (25.144-b01 mixed mode bsd-amd64 compressed oops)
Heap:
 PSYoungGen      total 138240K, used 111250K [0x0000000795580000, 0x00000007a2200000, 0x00000007c0000000)
  eden space 133120K, 79% used [0x0000000795580000,0x000000079bd2c990,0x000000079d780000)
  from space 5120K, 99% used [0x000000079d780000,0x000000079dc78040,0x000000079dc80000)
  to   space 14336K, 0% used [0x00000007a1400000,0x00000007a1400000,0x00000007a2200000)
 ParOldGen       total 78336K, used 18690K [0x0000000740000000, 0x0000000744c80000, 0x0000000795580000)
  object space 78336K, 23% used [0x0000000740000000,0x0000000741240828,0x0000000744c80000)
 Metaspace       used 30868K, capacity 31694K, committed 31872K, reserved 1077248K
  class space    used 3682K, capacity 3914K, committed 3968K, reserved 1048576K
GC Heap History (10 events):
Event: 0.712 GC heap before
{Heap before GC invocations=2 (full 0):
 PSYoungGen      total 38400K, used 38250K [0x0000000795580000, 0x000000079a080000, 0x00000007c0000000)
  eden space 33280K, 100% used [0x0000000795580000,0x0000000797600000,0x0000000797600000)
  from space 5120K, 97% used [0x0000000797600000,0x0000000797ada820,0x0000000797b00000)
  to   space 5120K, 0% used [0x0000000799b80000,0x0000000799b80000,0x000000079a080000)
 ParOldGen       total 87552K, used 8K [0x0000000740000000, 0x0000000745580000, 0x0000000795580000)
  object space 87552K, 0% used [0x0000000740000000,0x0000000740002000,0x0000000745580000)
 Metaspace       used 11637K, capacity 11752K, committed 12032K, reserved 1060864K
  class space    used 1444K, capacity 1508K, committed 1536K, reserved 1048576K
Event: 0.718 GC heap after
Heap after GC invocations=2 (full 0):
 PSYoungGen      total 71680K, used 5089K [0x0000000795580000, 0x000000079a080000, 0x00000007c0000000)
  eden space 66560K, 0% used [0x0000000795580000,0x0000000795580000,0x0000000799680000)
  from space 5120K, 99% used [0x0000000799b80000,0x000000079a0785e0,0x000000079a080000)
  to   space 5120K, 0% used [0x0000000799680000,0x0000000799680000,0x0000000799b80000)
 ParOldGen       total 87552K, used 1666K [0x0000000740000000, 0x0000000745580000, 0x0000000795580000)
  object space 87552K, 1% used [0x0000000740000000,0x00000007401a0938,0x0000000745580000)
 Metaspace       used 11637K, capacity 11752K, committed 12032K, reserved 1060864K
  class space    used 1444K, capacity 1508K, committed 1536K, reserved 1048576K
}
Event: 1.554 GC heap before
{Heap before GC invocations=3 (full 0):
 PSYoungGen      total 71680K, used 71649K [0x0000000795580000, 0x000000079a080000, 0x00000007c0000000)
  eden space 66560K, 100% used [0x0000000795580000,0x0000000799680000,0x0000000799680000)
  from space 5120K, 99% used [0x0000000799b80000,0x000000079a0785e0,0x000000079a080000)
  to   space 5120K, 0% used [0x0000000799680000,0x0000000799680000,0x0000000799b80000)
 ParOldGen       total 87552K, used 1666K [0x0000000740000000, 0x0000000745580000, 0x0000000795580000)
  object space 87552K, 1% used [0x0000000740000000,0x00000007401a0938,0x0000000745580000)
 Metaspace       used 15931K, capacity 16306K, committed 16512K, reserved 1062912K
  class space    used 1947K, capacity 2051K, committed 2176K, reserved 1048576K
Event: 1.566 GC heap after
Heap after GC invocations=3 (full 0):
 PSYoungGen      total 71680K, used 5088K [0x0000000795580000, 0x000000079e180000, 0x00000007c0000000)
  eden space 66560K, 0% used [0x0000000795580000,0x0000000795580000,0x0000000799680000)
  from space 5120K, 99% used [0x0000000799680000,0x0000000799b78040,0x0000000799b80000)
  to   space 5120K, 0% used [0x000000079dc80000,0x000000079dc80000,0x000000079e180000)
 ParOldGen       total 87552K, used 6531K [0x0000000740000000, 0x0000000745580000, 0x0000000795580000)
  object space 87552K, 7% used [0x0000000740000000,0x0000000740660e88,0x0000000745580000)
 Metaspace       used 15931K, capacity 16306K, committed 16512K, reserved 1062912K
  class space    used 1947K, capacity 2051K, committed 2176K, reserved 1048576K
}
Event: 2.088 GC heap before
{Heap before GC invocations=4 (full 0):
 PSYoungGen      total 71680K, used 53472K [0x0000000795580000, 0x000000079e180000, 0x00000007c0000000)
  eden space 66560K, 72% used [0x0000000795580000,0x00000007984c00c8,0x0000000799680000)
  from space 5120K, 99% used [0x0000000799680000,0x0000000799b78040,0x0000000799b80000)
  to   space 5120K, 0% used [0x000000079dc80000,0x000000079dc80000,0x000000079e180000)
 ParOldGen       total 87552K, used 6531K [0x0000000740000000, 0x0000000745580000, 0x0000000795580000)
  object space 87552K, 7% used [0x0000000740000000,0x0000000740660e88,0x0000000745580000)
 Metaspace       used 20743K, capacity 21178K, committed 21296K, reserved 1069056K
  class space    used 2535K, capacity 2675K, committed 2688K, reserved 1048576K
Event: 2.103 GC heap after
Heap after GC invocations=4 (full 0):
 PSYoungGen      total 138240K, used 5104K [0x0000000795580000, 0x000000079e180000, 0x00000007c0000000)
  eden space 133120K, 0% used [0x0000000795580000,0x0000000795580000,0x000000079d780000)
  from space 5120K, 99% used [0x000000079dc80000,0x000000079e17c030,0x000000079e180000)
  to   space 5120K, 0% used [0x000000079d780000,0x000000079d780000,0x000000079dc80000)
 ParOldGen       total 87552K, used 14503K [0x0000000740000000, 0x0000000745580000, 0x0000000795580000)
  object space 87552K, 16% used [0x0000000740000000,0x0000000740e29db0,0x0000000745580000)
 Metaspace       used 20743K, capacity 21178K, committed 21296K, reserved 1069056K
  class space    used 2535K, capacity 2675K, committed 2688K, reserved 1048576K
}
Event: 2.103 GC heap before
{Heap before GC invocations=5 (full 1):
 PSYoungGen      total 138240K, used 5104K [0x0000000795580000, 0x000000079e180000, 0x00000007c0000000)
  eden space 133120K, 0% used [0x0000000795580000,0x0000000795580000,0x000000079d780000)
  from space 5120K, 99% used [0x000000079dc80000,0x000000079e17c030,0x000000079e180000)
  to   space 5120K, 0% used [0x000000079d780000,0x000000079d780000,0x000000079dc80000)
 ParOldGen       total 87552K, used 14503K [0x0000000740000000, 0x0000000745580000, 0x0000000795580000)
  object space 87552K, 16% used [0x0000000740000000,0x0000000740e29db0,0x0000000745580000)
 Metaspace       used 20743K, capacity 21178K, committed 21296K, reserved 1069056K
  class space    used 2535K, capacity 2675K, committed 2688K, reserved 1048576K
Event: 2.164 GC heap after
Heap after GC invocations=5 (full 1):
 PSYoungGen      total 138240K, used 0K [0x0000000795580000, 0x000000079e180000, 0x00000007c0000000)
  eden space 133120K, 0% used [0x0000000795580000,0x0000000795580000,0x000000079d780000)
  from space 5120K, 0% used [0x000000079dc80000,0x000000079dc80000,0x000000079e180000)
  to   space 5120K, 0% used [0x000000079d780000,0x000000079d780000,0x000000079dc80000)
 ParOldGen       total 78336K, used 14574K [0x0000000740000000, 0x0000000744c80000, 0x0000000795580000)
  object space 78336K, 18% used [0x0000000740000000,0x0000000740e3b8d8,0x0000000744c80000)
 Metaspace       used 20743K, capacity 21178K, committed 21296K, reserved 1069056K
  class space    used 2535K, capacity 2675K, committed 2688K, reserved 1048576K
}
Event: 4.175 GC heap before
{Heap before GC invocations=6 (full 1):
 PSYoungGen      total 138240K, used 133120K [0x0000000795580000, 0x000000079e180000, 0x00000007c0000000)
  eden space 133120K, 100% used [0x0000000795580000,0x000000079d780000,0x000000079d780000)
  from space 5120K, 0% used [0x000000079dc80000,0x000000079dc80000,0x000000079e180000)
  to   space 5120K, 0% used [0x000000079d780000,0x000000079d780000,0x000000079dc80000)
 ParOldGen       total 78336K, used 14574K [0x0000000740000000, 0x0000000744c80000, 0x0000000795580000)
  object space 78336K, 18% used [0x0000000740000000,0x0000000740e3b8d8,0x0000000744c80000)
 Metaspace       used 28051K, capacity 28814K, committed 29056K, reserved 1075200K
  class space    used 3373K, capacity 3626K, committed 3712K, reserved 1048576K
Event: 4.187 GC heap after
Heap after GC invocations=6 (full 1):
 PSYoungGen      total 138240K, used 5088K [0x0000000795580000, 0x00000007a2200000, 0x00000007c0000000)
  eden space 133120K, 0% used [0x0000000795580000,0x0000000795580000,0x000000079d780000)
  from space 5120K, 99% used [0x000000079d780000,0x000000079dc78040,0x000000079dc80000)
  to   space 14336K, 0% used [0x00000007a1400000,0x00000007a1400000,0x00000007a2200000)
 ParOldGen       total 78336K, used 18690K [0x0000000740000000, 0x0000000744c80000, 0x0000000795580000)
  object space 78336K, 23% used [0x0000000740000000,0x0000000741240828,0x0000000744c80000)
 Metaspace       used 28051K, capacity 28814K, committed 29056K, reserved 1075200K
  class space    used 3373K, capacity 3626K, committed 3712K, reserved 1048576K
}

