# JRE version: Java(TM) SE Runtime Environment (8.0_144-b01) (build 1.8.0_144-b01)
# Java VM: Java HotSpot(TM) 64-Bit Server VM (25.144-b01 mixed mode bsd-amd64 compressed oops)
Heap:
 PSYoungGen      total 42496K, used 11202K [0x0000000795580000, 0x0000000799b00000, 0x00000007c0000000)
  eden space 31744K, 23% used [0x0000000795580000,0x0000000795ce8a88,0x0000000797480000)
  from space 10752K, 33% used [0x0000000797480000,0x0000000797807ff0,0x0000000797f00000)
  to   space 10752K, 0% used [0x0000000799080000,0x0000000799080000,0x0000000799b00000)
 ParOldGen       total 64000K, used 13096K [0x0000000740000000, 0x0000000743e80000, 0x0000000795580000)
  object space 64000K, 20% used [0x0000000740000000,0x0000000740cca078,0x0000000743e80000)
 Metaspace       used 23185K, capacity 23714K, committed 23808K, reserved 1071104K
  class space    used 2826K, capacity 2982K, committed 3072K, reserved 1048576K
GC Heap History (10 events):
Event: 12.554 GC heap before
{Heap before GC invocations=4 (full 0):
 PSYoungGen      total 38400K, used 38368K [0x0000000795580000, 0x0000000798000000, 0x00000007c0000000)
  eden space 33280K, 100% used [0x0000000795580000,0x0000000797600000,0x0000000797600000)
  from space 5120K, 99% used [0x0000000797600000,0x0000000797af8020,0x0000000797b00000)
  to   space 5120K, 0% used [0x0000000797b00000,0x0000000797b00000,0x0000000798000000)
 ParOldGen       total 87552K, used 4090K [0x0000000740000000, 0x0000000745580000, 0x0000000795580000)
  object space 87552K, 4% used [0x0000000740000000,0x00000007403fe878,0x0000000745580000)
 Metaspace       used 15969K, capacity 16306K, committed 16512K, reserved 1062912K
  class space    used 1945K, capacity 2051K, committed 2176K, reserved 1048576K
Event: 12.585 GC heap after
Heap after GC invocations=4 (full 0):
 PSYoungGen      total 38400K, used 5104K [0x0000000795580000, 0x0000000798000000, 0x00000007c0000000)
  eden space 33280K, 0% used [0x0000000795580000,0x0000000795580000,0x0000000797600000)
  from space 5120K, 99% used [0x0000000797b00000,0x0000000797ffc010,0x0000000798000000)
  to   space 5120K, 0% used [0x0000000797600000,0x0000000797600000,0x0000000797b00000)
 ParOldGen       total 87552K, used 6426K [0x0000000740000000, 0x0000000745580000, 0x0000000795580000)
  object space 87552K, 7% used [0x0000000740000000,0x00000007406469f0,0x0000000745580000)
 Metaspace       used 15969K, capacity 16306K, committed 16512K, reserved 1062912K
  class space    used 1945K, capacity 2051K, committed 2176K, reserved 1048576K
}
Event: 16.107 GC heap before
{Heap before GC invocations=5 (full 0):
 PSYoungGen      total 38400K, used 37438K [0x0000000795580000, 0x0000000798000000, 0x00000007c0000000)
  eden space 33280K, 97% used [0x0000000795580000,0x0000000797513b00,0x0000000797600000)
  from space 5120K, 99% used [0x0000000797b00000,0x0000000797ffc010,0x0000000798000000)
  to   space 5120K, 0% used [0x0000000797600000,0x0000000797600000,0x0000000797b00000)
 ParOldGen       total 87552K, used 6426K [0x0000000740000000, 0x0000000745580000, 0x0000000795580000)
  object space 87552K, 7% used [0x0000000740000000,0x00000007406469f0,0x0000000745580000)
 Metaspace       used 20466K, capacity 20986K, committed 21120K, reserved 1067008K
  class space    used 2518K, capacity 2675K, committed 2688K, reserved 1048576K
Event: 16.143 GC heap after
Heap after GC invocations=5 (full 0):
 PSYoungGen      total 37888K, used 5088K [0x0000000795580000, 0x0000000798880000, 0x00000007c0000000)
  eden space 32768K, 0% used [0x0000000795580000,0x0000000795580000,0x0000000797580000)
  from space 5120K, 99% used [0x0000000797600000,0x0000000797af8020,0x0000000797b00000)
  to   space 9728K, 0% used [0x0000000797f00000,0x0000000797f00000,0x0000000798880000)
 ParOldGen       total 87552K, used 9441K [0x0000000740000000, 0x0000000745580000, 0x0000000795580000)
  object space 87552K, 10% used [0x0000000740000000,0x00000007409384e0,0x0000000745580000)
 Metaspace       used 20466K, capacity 20986K, committed 21120K, reserved 1067008K
  class space    used 2518K, capacity 2675K, committed 2688K, reserved 1048576K
}
Event: 16.727 GC heap before
{Heap before GC invocations=6 (full 0):
 PSYoungGen      total 37888K, used 15005K [0x0000000795580000, 0x0000000798880000, 0x00000007c0000000)
  eden space 32768K, 30% used [0x0000000795580000,0x0000000795f2f410,0x0000000797580000)
  from space 5120K, 99% used [0x0000000797600000,0x0000000797af8020,0x0000000797b00000)
  to   space 9728K, 0% used [0x0000000797f00000,0x0000000797f00000,0x0000000798880000)
 ParOldGen       total 87552K, used 9441K [0x0000000740000000, 0x0000000745580000, 0x0000000795580000)
  object space 87552K, 10% used [0x0000000740000000,0x00000007409384e0,0x0000000745580000)
 Metaspace       used 20676K, capacity 21178K, committed 21296K, reserved 1069056K
  class space    used 2543K, capacity 2675K, committed 2688K, reserved 1048576K
Event: 16.768 GC heap after
Heap after GC invocations=6 (full 0):
 PSYoungGen      total 41472K, used 9441K [0x0000000795580000, 0x000000079aa80000, 0x00000007c0000000)
  eden space 31744K, 0% used [0x0000000795580000,0x0000000795580000,0x0000000797480000)
  from space 9728K, 97% used [0x0000000797f00000,0x0000000798838548,0x0000000798880000)
  to   space 10752K, 0% used [0x0000000797480000,0x0000000797480000,0x0000000797f00000)
 ParOldGen       total 87552K, used 9449K [0x0000000740000000, 0x0000000745580000, 0x0000000795580000)
  object space 87552K, 10% used [0x0000000740000000,0x000000074093a4e0,0x0000000745580000)
 Metaspace       used 20676K, capacity 21178K, committed 21296K, reserved 1069056K
  class space    used 2543K, capacity 2675K, committed 2688K, reserved 1048576K
}
Event: 16.768 GC heap before
{Heap before GC invocations=7 (full 1):
 PSYoungGen      total 41472K, used 9441K [0x0000000795580000, 0x000000079aa80000, 0x00000007c0000000)
  eden space 31744K, 0% used [0x0000000795580000,0x0000000795580000,0x0000000797480000)
  from space 9728K, 97% used [0x0000000797f00000,0x0000000798838548,0x0000000798880000)
  to   space 10752K, 0% used [0x0000000797480000,0x0000000797480000,0x0000000797f00000)
 ParOldGen       total 87552K, used 9449K [0x0000000740000000, 0x0000000745580000, 0x0000000795580000)
  object space 87552K, 10% used [0x0000000740000000,0x000000074093a4e0,0x0000000745580000)
 Metaspace       used 20676K, capacity 21178K, committed 21296K, reserved 1069056K
  class space    used 2543K, capacity 2675K, committed 2688K, reserved 1048576K
Event: 16.992 GC heap after
Heap after GC invocations=7 (full 1):
 PSYoungGen      total 41472K, used 0K [0x0000000795580000, 0x000000079aa80000, 0x00000007c0000000)
  eden space 31744K, 0% used [0x0000000795580000,0x0000000795580000,0x0000000797480000)
  from space 9728K, 0% used [0x0000000797f00000,0x0000000797f00000,0x0000000798880000)
  to   space 10752K, 0% used [0x0000000797480000,0x0000000797480000,0x0000000797f00000)
 ParOldGen       total 64000K, used 13088K [0x0000000740000000, 0x0000000743e80000, 0x0000000795580000)
  object space 64000K, 20% used [0x0000000740000000,0x0000000740cc8078,0x0000000743e80000)
 Metaspace       used 20676K, capacity 21178K, committed 21296K, reserved 1069056K
  class space    used 2543K, capacity 2675K, committed 2688K, reserved 1048576K
}
Event: 21.398 GC heap before
{Heap before GC invocations=8 (full 1):
 PSYoungGen      total 41472K, used 31744K [0x0000000795580000, 0x000000079aa80000, 0x00000007c0000000)
  eden space 31744K, 100% used [0x0000000795580000,0x0000000797480000,0x0000000797480000)
  from space 9728K, 0% used [0x0000000797f00000,0x0000000797f00000,0x0000000798880000)
  to   space 10752K, 0% used [0x0000000797480000,0x0000000797480000,0x0000000797f00000)
 ParOldGen       total 64000K, used 13088K [0x0000000740000000, 0x0000000743e80000, 0x0000000795580000)
  object space 64000K, 20% used [0x0000000740000000,0x0000000740cc8078,0x0000000743e80000)
 Metaspace       used 23157K, capacity 23714K, committed 23808K, reserved 1071104K
  class space    used 2826K, capacity 2982K, committed 3072K, reserved 1048576K
Event: 21.409 GC heap after
Heap after GC invocations=8 (full 1):
 PSYoungGen      total 42496K, used 3615K [0x0000000795580000, 0x0000000799b00000, 0x00000007c0000000)
  eden space 31744K, 0% used [0x0000000795580000,0x0000000795580000,0x0000000797480000)
  from space 10752K, 33% used [0x0000000797480000,0x0000000797807ff0,0x0000000797f00000)
  to   space 10752K, 0% used [0x0000000799080000,0x0000000799080000,0x0000000799b00000)
 ParOldGen       total 64000K, used 13096K [0x0000000740000000, 0x0000000743e80000, 0x0000000795580000)
  object space 64000K, 20% used [0x0000000740000000,0x0000000740cca078,0x0000000743e80000)
 Metaspace       used 23157K, capacity 23714K, committed 23808K, reserved 1071104K
  class space    used 2826K, capacity 2982K, committed 3072K, reserved 1048576K
}

