# JRE version: Java(TM) SE Runtime Environment (8.0_144-b01) (build 1.8.0_144-b01)
# Java VM: Java HotSpot(TM) 64-Bit Server VM (25.144-b01 mixed mode bsd-amd64 compressed oops)
Heap:
 PSYoungGen      total 59904K, used 29396K [0x0000000795580000, 0x0000000799b00000, 0x00000007c0000000)
  eden space 48640K, 52% used [0x0000000795580000,0x0000000796e851a0,0x0000000798500000)
  from space 11264K, 33% used [0x0000000799000000,0x00000007993b0040,0x0000000799b00000)
  to   space 11264K, 0% used [0x0000000798500000,0x0000000798500000,0x0000000799000000)
 ParOldGen       total 65024K, used 13084K [0x0000000740000000, 0x0000000743f80000, 0x0000000795580000)
  object space 65024K, 20% used [0x0000000740000000,0x0000000740cc7130,0x0000000743f80000)
 Metaspace       used 27811K, capacity 28548K, committed 28928K, reserved 1075200K
  class space    used 3476K, capacity 3715K, committed 3840K, reserved 1048576K
GC Heap History (10 events):
Event: 16.507 GC heap before
{Heap before GC invocations=5 (full 0):
 PSYoungGen      total 38400K, used 38384K [0x0000000795580000, 0x0000000798000000, 0x00000007c0000000)
  eden space 33280K, 100% used [0x0000000795580000,0x0000000797600000,0x0000000797600000)
  from space 5120K, 99% used [0x0000000797b00000,0x0000000797ffc030,0x0000000798000000)
  to   space 5120K, 0% used [0x0000000797600000,0x0000000797600000,0x0000000797b00000)
 ParOldGen       total 87552K, used 6352K [0x0000000740000000, 0x0000000745580000, 0x0000000795580000)
  object space 87552K, 7% used [0x0000000740000000,0x00000007406340c8,0x0000000745580000)
 Metaspace       used 20470K, capacity 20986K, committed 21120K, reserved 1067008K
  class space    used 2519K, capacity 2675K, committed 2688K, reserved 1048576K
Event: 16.541 GC heap after
Heap after GC invocations=5 (full 0):
 PSYoungGen      total 37888K, used 5120K [0x0000000795580000, 0x0000000798880000, 0x00000007c0000000)
  eden space 32768K, 0% used [0x0000000795580000,0x0000000795580000,0x0000000797580000)
  from space 5120K, 100% used [0x0000000797600000,0x0000000797b00000,0x0000000797b00000)
  to   space 9728K, 0% used [0x0000000797f00000,0x0000000797f00000,0x0000000798880000)
 ParOldGen       total 87552K, used 9410K [0x0000000740000000, 0x0000000745580000, 0x0000000795580000)
  object space 87552K, 10% used [0x0000000740000000,0x0000000740930bc8,0x0000000745580000)
 Metaspace       used 20470K, capacity 20986K, committed 21120K, reserved 1067008K
  class space    used 2519K, capacity 2675K, committed 2688K, reserved 1048576K
}
Event: 16.975 GC heap before
{Heap before GC invocations=6 (full 0):
 PSYoungGen      total 37888K, used 15204K [0x0000000795580000, 0x0000000798880000, 0x00000007c0000000)
  eden space 32768K, 30% used [0x0000000795580000,0x0000000795f59110,0x0000000797580000)
  from space 5120K, 100% used [0x0000000797600000,0x0000000797b00000,0x0000000797b00000)
  to   space 9728K, 0% used [0x0000000797f00000,0x0000000797f00000,0x0000000798880000)
 ParOldGen       total 87552K, used 9410K [0x0000000740000000, 0x0000000745580000, 0x0000000795580000)
  object space 87552K, 10% used [0x0000000740000000,0x0000000740930bc8,0x0000000745580000)
 Metaspace       used 20680K, capacity 21178K, committed 21296K, reserved 1069056K
  class space    used 2543K, capacity 2675K, committed 2688K, reserved 1048576K
Event: 17.011 GC heap after
Heap after GC invocations=6 (full 0):
 PSYoungGen      total 41472K, used 9473K [0x0000000795580000, 0x000000079aa80000, 0x00000007c0000000)
  eden space 31744K, 0% used [0x0000000795580000,0x0000000795580000,0x0000000797480000)
  from space 9728K, 97% used [0x0000000797f00000,0x0000000798840548,0x0000000798880000)
  to   space 10752K, 0% used [0x0000000797480000,0x0000000797480000,0x0000000797f00000)
 ParOldGen       total 87552K, used 9410K [0x0000000740000000, 0x0000000745580000, 0x0000000795580000)
  object space 87552K, 10% used [0x0000000740000000,0x0000000740930bc8,0x0000000745580000)
 Metaspace       used 20680K, capacity 21178K, committed 21296K, reserved 1069056K
  class space    used 2543K, capacity 2675K, committed 2688K, reserved 1048576K
}
Event: 17.011 GC heap before
{Heap before GC invocations=7 (full 1):
 PSYoungGen      total 41472K, used 9473K [0x0000000795580000, 0x000000079aa80000, 0x00000007c0000000)
  eden space 31744K, 0% used [0x0000000795580000,0x0000000795580000,0x0000000797480000)
  from space 9728K, 97% used [0x0000000797f00000,0x0000000798840548,0x0000000798880000)
  to   space 10752K, 0% used [0x0000000797480000,0x0000000797480000,0x0000000797f00000)
 ParOldGen       total 87552K, used 9410K [0x0000000740000000, 0x0000000745580000, 0x0000000795580000)
  object space 87552K, 10% used [0x0000000740000000,0x0000000740930bc8,0x0000000745580000)
 Metaspace       used 20680K, capacity 21178K, committed 21296K, reserved 1069056K
  class space    used 2543K, capacity 2675K, committed 2688K, reserved 1048576K
Event: 17.303 GC heap after
Heap after GC invocations=7 (full 1):
 PSYoungGen      total 41472K, used 0K [0x0000000795580000, 0x000000079aa80000, 0x00000007c0000000)
  eden space 31744K, 0% used [0x0000000795580000,0x0000000795580000,0x0000000797480000)
  from space 9728K, 0% used [0x0000000797f00000,0x0000000797f00000,0x0000000798880000)
  to   space 10752K, 0% used [0x0000000797480000,0x0000000797480000,0x0000000797f00000)
 ParOldGen       total 65024K, used 13076K [0x0000000740000000, 0x0000000743f80000, 0x0000000795580000)
  object space 65024K, 20% used [0x0000000740000000,0x0000000740cc5130,0x0000000743f80000)
 Metaspace       used 20680K, capacity 21178K, committed 21296K, reserved 1069056K
  class space    used 2543K, capacity 2675K, committed 2688K, reserved 1048576K
}
Event: 21.173 GC heap before
{Heap before GC invocations=8 (full 1):
 PSYoungGen      total 41472K, used 31744K [0x0000000795580000, 0x000000079aa80000, 0x00000007c0000000)
  eden space 31744K, 100% used [0x0000000795580000,0x0000000797480000,0x0000000797480000)
  from space 9728K, 0% used [0x0000000797f00000,0x0000000797f00000,0x0000000798880000)
  to   space 10752K, 0% used [0x0000000797480000,0x0000000797480000,0x0000000797f00000)
 ParOldGen       total 65024K, used 13076K [0x0000000740000000, 0x0000000743f80000, 0x0000000795580000)
  object space 65024K, 20% used [0x0000000740000000,0x0000000740cc5130,0x0000000743f80000)
 Metaspace       used 23147K, capacity 23714K, committed 23808K, reserved 1071104K
  class space    used 2828K, capacity 2982K, committed 3072K, reserved 1048576K
Event: 21.195 GC heap after
Heap after GC invocations=8 (full 1):
 PSYoungGen      total 42496K, used 3612K [0x0000000795580000, 0x0000000799b00000, 0x00000007c0000000)
  eden space 31744K, 0% used [0x0000000795580000,0x0000000795580000,0x0000000797480000)
  from space 10752K, 33% used [0x0000000797480000,0x00000007978070d8,0x0000000797f00000)
  to   space 11264K, 0% used [0x0000000799000000,0x0000000799000000,0x0000000799b00000)
 ParOldGen       total 65024K, used 13076K [0x0000000740000000, 0x0000000743f80000, 0x0000000795580000)
  object space 65024K, 20% used [0x0000000740000000,0x0000000740cc5130,0x0000000743f80000)
 Metaspace       used 23147K, capacity 23714K, committed 23808K, reserved 1071104K
  class space    used 2828K, capacity 2982K, committed 3072K, reserved 1048576K
}
Event: 22.531 GC heap before
{Heap before GC invocations=9 (full 1):
 PSYoungGen      total 42496K, used 35356K [0x0000000795580000, 0x0000000799b00000, 0x00000007c0000000)
  eden space 31744K, 100% used [0x0000000795580000,0x0000000797480000,0x0000000797480000)
  from space 10752K, 33% used [0x0000000797480000,0x00000007978070d8,0x0000000797f00000)
  to   space 11264K, 0% used [0x0000000799000000,0x0000000799000000,0x0000000799b00000)
 ParOldGen       total 65024K, used 13076K [0x0000000740000000, 0x0000000743f80000, 0x0000000795580000)
  object space 65024K, 20% used [0x0000000740000000,0x0000000740cc5130,0x0000000743f80000)
 Metaspace       used 23398K, capacity 23996K, committed 24320K, reserved 1071104K
  class space    used 2832K, capacity 2987K, committed 3072K, reserved 1048576K
Event: 22.553 GC heap after
Heap after GC invocations=9 (full 1):
 PSYoungGen      total 59904K, used 3776K [0x0000000795580000, 0x0000000799b00000, 0x00000007c0000000)
  eden space 48640K, 0% used [0x0000000795580000,0x0000000795580000,0x0000000798500000)
  from space 11264K, 33% used [0x0000000799000000,0x00000007993b0040,0x0000000799b00000)
  to   space 11264K, 0% used [0x0000000798500000,0x0000000798500000,0x0000000799000000)
 ParOldGen       total 65024K, used 13084K [0x0000000740000000, 0x0000000743f80000, 0x0000000795580000)
  object space 65024K, 20% used [0x0000000740000000,0x0000000740cc7130,0x0000000743f80000)
 Metaspace       used 23398K, capacity 23996K, committed 24320K, reserved 1071104K
  class space    used 2832K, capacity 2987K, committed 3072K, reserved 1048576K
}

