# JRE version: Java(TM) SE Runtime Environment (8.0_144-b01) (build 1.8.0_144-b01)
# Java VM: Java HotSpot(TM) 64-Bit Server VM (25.144-b01 mixed mode bsd-amd64 compressed oops)
Heap:
 PSYoungGen      total 99840K, used 80644K [0x0000000795580000, 0x000000079e900000, 0x00000007c0000000)
  eden space 94720K, 80% used [0x0000000795580000,0x0000000799fb7f68,0x000000079b200000)
  from space 5120K, 90% used [0x000000079e400000,0x000000079e8891a8,0x000000079e900000)
  to   space 12800K, 0% used [0x000000079d000000,0x000000079d000000,0x000000079dc80000)
 ParOldGen       total 72192K, used 14049K [0x0000000740000000, 0x0000000744680000, 0x0000000795580000)
  object space 72192K, 19% used [0x0000000740000000,0x0000000740db8490,0x0000000744680000)
 Metaspace       used 29122K, capacity 29818K, committed 29952K, reserved 1075200K
  class space    used 3564K, capacity 3788K, committed 3840K, reserved 1048576K
GC Heap History (10 events):
Event: 1.615 GC heap before
{Heap before GC invocations=3 (full 0):
 PSYoungGen      total 38400K, used 38375K [0x0000000795580000, 0x000000079a080000, 0x00000007c0000000)
  eden space 33280K, 100% used [0x0000000795580000,0x0000000797600000,0x0000000797600000)
  from space 5120K, 99% used [0x0000000797b00000,0x0000000797ff9c80,0x0000000798000000)
  to   space 5120K, 0% used [0x0000000797600000,0x0000000797600000,0x0000000797b00000)
 ParOldGen       total 87552K, used 1788K [0x0000000740000000, 0x0000000745580000, 0x0000000795580000)
  object space 87552K, 2% used [0x0000000740000000,0x00000007401bf298,0x0000000745580000)
 Metaspace       used 14964K, capacity 15138K, committed 15360K, reserved 1062912K
  class space    used 1841K, capacity 1939K, committed 2048K, reserved 1048576K
Event: 1.623 GC heap after
Heap after GC invocations=3 (full 0):
 PSYoungGen      total 38400K, used 5104K [0x0000000795580000, 0x000000079a080000, 0x00000007c0000000)
  eden space 33280K, 0% used [0x0000000795580000,0x0000000795580000,0x0000000797600000)
  from space 5120K, 99% used [0x0000000797600000,0x0000000797afc030,0x0000000797b00000)
  to   space 5120K, 0% used [0x0000000799b80000,0x0000000799b80000,0x000000079a080000)
 ParOldGen       total 87552K, used 4138K [0x0000000740000000, 0x0000000745580000, 0x0000000795580000)
  object space 87552K, 4% used [0x0000000740000000,0x000000074040abf0,0x0000000745580000)
 Metaspace       used 14964K, capacity 15138K, committed 15360K, reserved 1062912K
  class space    used 1841K, capacity 1939K, committed 2048K, reserved 1048576K
}
Event: 2.053 GC heap before
{Heap before GC invocations=4 (full 0):
 PSYoungGen      total 38400K, used 38384K [0x0000000795580000, 0x000000079a080000, 0x00000007c0000000)
  eden space 33280K, 100% used [0x0000000795580000,0x0000000797600000,0x0000000797600000)
  from space 5120K, 99% used [0x0000000797600000,0x0000000797afc030,0x0000000797b00000)
  to   space 5120K, 0% used [0x0000000799b80000,0x0000000799b80000,0x000000079a080000)
 ParOldGen       total 87552K, used 4138K [0x0000000740000000, 0x0000000745580000, 0x0000000795580000)
  object space 87552K, 4% used [0x0000000740000000,0x000000074040abf0,0x0000000745580000)
 Metaspace       used 15950K, capacity 16306K, committed 16512K, reserved 1062912K
  class space    used 1946K, capacity 2051K, committed 2176K, reserved 1048576K
Event: 2.071 GC heap after
Heap after GC invocations=4 (full 0):
 PSYoungGen      total 71680K, used 5104K [0x0000000795580000, 0x000000079a080000, 0x00000007c0000000)
  eden space 66560K, 0% used [0x0000000795580000,0x0000000795580000,0x0000000799680000)
  from space 5120K, 99% used [0x0000000799b80000,0x000000079a07c010,0x000000079a080000)
  to   space 5120K, 0% used [0x0000000799680000,0x0000000799680000,0x0000000799b80000)
 ParOldGen       total 87552K, used 6516K [0x0000000740000000, 0x0000000745580000, 0x0000000795580000)
  object space 87552K, 7% used [0x0000000740000000,0x000000074065d3d0,0x0000000745580000)
 Metaspace       used 15950K, capacity 16306K, committed 16512K, reserved 1062912K
  class space    used 1946K, capacity 2051K, committed 2176K, reserved 1048576K
}
Event: 2.768 GC heap before
{Heap before GC invocations=5 (full 0):
 PSYoungGen      total 71680K, used 49653K [0x0000000795580000, 0x000000079a080000, 0x00000007c0000000)
  eden space 66560K, 66% used [0x0000000795580000,0x0000000798101588,0x0000000799680000)
  from space 5120K, 99% used [0x0000000799b80000,0x000000079a07c010,0x000000079a080000)
  to   space 5120K, 0% used [0x0000000799680000,0x0000000799680000,0x0000000799b80000)
 ParOldGen       total 87552K, used 6516K [0x0000000740000000, 0x0000000745580000, 0x0000000795580000)
  object space 87552K, 7% used [0x0000000740000000,0x000000074065d3d0,0x0000000745580000)
 Metaspace       used 20796K, capacity 21178K, committed 21296K, reserved 1069056K
  class space    used 2544K, capacity 2675K, committed 2688K, reserved 1048576K
Event: 2.784 GC heap after
Heap after GC invocations=5 (full 0):
 PSYoungGen      total 71680K, used 5104K [0x0000000795580000, 0x000000079f080000, 0x00000007c0000000)
  eden space 66560K, 0% used [0x0000000795580000,0x0000000795580000,0x0000000799680000)
  from space 5120K, 99% used [0x0000000799680000,0x0000000799b7c070,0x0000000799b80000)
  to   space 12800K, 0% used [0x000000079e400000,0x000000079e400000,0x000000079f080000)
 ParOldGen       total 87552K, used 14018K [0x0000000740000000, 0x0000000745580000, 0x0000000795580000)
  object space 87552K, 16% used [0x0000000740000000,0x0000000740db0bf0,0x0000000745580000)
 Metaspace       used 20796K, capacity 21178K, committed 21296K, reserved 1069056K
  class space    used 2544K, capacity 2675K, committed 2688K, reserved 1048576K
}
Event: 2.784 GC heap before
{Heap before GC invocations=6 (full 1):
 PSYoungGen      total 71680K, used 5104K [0x0000000795580000, 0x000000079f080000, 0x00000007c0000000)
  eden space 66560K, 0% used [0x0000000795580000,0x0000000795580000,0x0000000799680000)
  from space 5120K, 99% used [0x0000000799680000,0x0000000799b7c070,0x0000000799b80000)
  to   space 12800K, 0% used [0x000000079e400000,0x000000079e400000,0x000000079f080000)
 ParOldGen       total 87552K, used 14018K [0x0000000740000000, 0x0000000745580000, 0x0000000795580000)
  object space 87552K, 16% used [0x0000000740000000,0x0000000740db0bf0,0x0000000745580000)
 Metaspace       used 20796K, capacity 21178K, committed 21296K, reserved 1069056K
  class space    used 2544K, capacity 2675K, committed 2688K, reserved 1048576K
Event: 2.845 GC heap after
Heap after GC invocations=6 (full 1):
 PSYoungGen      total 71680K, used 0K [0x0000000795580000, 0x000000079f080000, 0x00000007c0000000)
  eden space 66560K, 0% used [0x0000000795580000,0x0000000795580000,0x0000000799680000)
  from space 5120K, 0% used [0x0000000799680000,0x0000000799680000,0x0000000799b80000)
  to   space 12800K, 0% used [0x000000079e400000,0x000000079e400000,0x000000079f080000)
 ParOldGen       total 72192K, used 14041K [0x0000000740000000, 0x0000000744680000, 0x0000000795580000)
  object space 72192K, 19% used [0x0000000740000000,0x0000000740db6490,0x0000000744680000)
 Metaspace       used 20796K, capacity 21178K, committed 21296K, reserved 1069056K
  class space    used 2544K, capacity 2675K, committed 2688K, reserved 1048576K
}
Event: 4.433 GC heap before
{Heap before GC invocations=7 (full 1):
 PSYoungGen      total 71680K, used 66560K [0x0000000795580000, 0x000000079f080000, 0x00000007c0000000)
  eden space 66560K, 100% used [0x0000000795580000,0x0000000799680000,0x0000000799680000)
  from space 5120K, 0% used [0x0000000799680000,0x0000000799680000,0x0000000799b80000)
  to   space 12800K, 0% used [0x000000079e400000,0x000000079e400000,0x000000079f080000)
 ParOldGen       total 72192K, used 14041K [0x0000000740000000, 0x0000000744680000, 0x0000000795580000)
  object space 72192K, 19% used [0x0000000740000000,0x0000000740db6490,0x0000000744680000)
 Metaspace       used 25028K, capacity 25594K, committed 25856K, reserved 1071104K
  class space    used 3006K, capacity 3224K, committed 3328K, reserved 1048576K
Event: 4.440 GC heap after
Heap after GC invocations=7 (full 1):
 PSYoungGen      total 99840K, used 4644K [0x0000000795580000, 0x000000079e900000, 0x00000007c0000000)
  eden space 94720K, 0% used [0x0000000795580000,0x0000000795580000,0x000000079b200000)
  from space 5120K, 90% used [0x000000079e400000,0x000000079e8891a8,0x000000079e900000)
  to   space 12800K, 0% used [0x000000079d000000,0x000000079d000000,0x000000079dc80000)
 ParOldGen       total 72192K, used 14049K [0x0000000740000000, 0x0000000744680000, 0x0000000795580000)
  object space 72192K, 19% used [0x0000000740000000,0x0000000740db8490,0x0000000744680000)
 Metaspace       used 25028K, capacity 25594K, committed 25856K, reserved 1071104K
  class space    used 3006K, capacity 3224K, committed 3328K, reserved 1048576K
}

