# JRE version: Java(TM) SE Runtime Environment (8.0_144-b01) (build 1.8.0_144-b01)
# Java VM: Java HotSpot(TM) 64-Bit Server VM (25.144-b01 mixed mode bsd-amd64 compressed oops)
Heap:
 PSYoungGen      total 53760K, used 24904K [0x0000000795580000, 0x0000000799580000, 0x00000007c0000000)
  eden space 43008K, 49% used [0x0000000795580000,0x0000000796a42158,0x0000000797f80000)
  from space 10752K, 33% used [0x0000000798b00000,0x0000000798e90040,0x0000000799580000)
  to   space 11264K, 0% used [0x0000000797f80000,0x0000000797f80000,0x0000000798a80000)
 ParOldGen       total 69120K, used 13105K [0x0000000740000000, 0x0000000744380000, 0x0000000795580000)
  object space 69120K, 18% used [0x0000000740000000,0x0000000740ccc790,0x0000000744380000)
 Metaspace       used 27259K, capacity 27966K, committed 28288K, reserved 1073152K
  class space    used 3368K, capacity 3586K, committed 3712K, reserved 1048576K
GC Heap History (10 events):
Event: 16.686 GC heap before
{Heap before GC invocations=5 (full 0):
 PSYoungGen      total 38400K, used 37733K [0x0000000795580000, 0x0000000798000000, 0x00000007c0000000)
  eden space 33280K, 98% used [0x0000000795580000,0x0000000797561700,0x0000000797600000)
  from space 5120K, 99% used [0x0000000797b00000,0x0000000797ff8040,0x0000000798000000)
  to   space 5120K, 0% used [0x0000000797600000,0x0000000797600000,0x0000000797b00000)
 ParOldGen       total 87552K, used 6578K [0x0000000740000000, 0x0000000745580000, 0x0000000795580000)
  object space 87552K, 7% used [0x0000000740000000,0x000000074066c978,0x0000000745580000)
 Metaspace       used 20466K, capacity 20922K, committed 21120K, reserved 1067008K
  class space    used 2521K, capacity 2675K, committed 2688K, reserved 1048576K
Event: 16.708 GC heap after
Heap after GC invocations=5 (full 0):
 PSYoungGen      total 37888K, used 5120K [0x0000000795580000, 0x0000000798780000, 0x00000007c0000000)
  eden space 32768K, 0% used [0x0000000795580000,0x0000000795580000,0x0000000797580000)
  from space 5120K, 100% used [0x0000000797600000,0x0000000797b00000,0x0000000797b00000)
  to   space 9216K, 0% used [0x0000000797e80000,0x0000000797e80000,0x0000000798780000)
 ParOldGen       total 87552K, used 9381K [0x0000000740000000, 0x0000000745580000, 0x0000000795580000)
  object space 87552K, 10% used [0x0000000740000000,0x0000000740929798,0x0000000745580000)
 Metaspace       used 20466K, capacity 20922K, committed 21120K, reserved 1067008K
  class space    used 2521K, capacity 2675K, committed 2688K, reserved 1048576K
}
Event: 17.362 GC heap before
{Heap before GC invocations=6 (full 0):
 PSYoungGen      total 37888K, used 15202K [0x0000000795580000, 0x0000000798780000, 0x00000007c0000000)
  eden space 32768K, 30% used [0x0000000795580000,0x0000000795f58820,0x0000000797580000)
  from space 5120K, 100% used [0x0000000797600000,0x0000000797b00000,0x0000000797b00000)
  to   space 9216K, 0% used [0x0000000797e80000,0x0000000797e80000,0x0000000798780000)
 ParOldGen       total 87552K, used 9381K [0x0000000740000000, 0x0000000745580000, 0x0000000795580000)
  object space 87552K, 10% used [0x0000000740000000,0x0000000740929798,0x0000000745580000)
 Metaspace       used 20680K, capacity 21114K, committed 21296K, reserved 1069056K
  class space    used 2546K, capacity 2675K, committed 2688K, reserved 1048576K
Event: 17.401 GC heap after
Heap after GC invocations=6 (full 0):
 PSYoungGen      total 40448K, used 9185K [0x0000000795580000, 0x000000079aa80000, 0x00000007c0000000)
  eden space 31232K, 0% used [0x0000000795580000,0x0000000795580000,0x0000000797400000)
  from space 9216K, 99% used [0x0000000797e80000,0x0000000798778548,0x0000000798780000)
  to   space 10752K, 0% used [0x0000000797400000,0x0000000797400000,0x0000000797e80000)
 ParOldGen       total 87552K, used 9637K [0x0000000740000000, 0x0000000745580000, 0x0000000795580000)
  object space 87552K, 11% used [0x0000000740000000,0x0000000740969798,0x0000000745580000)
 Metaspace       used 20680K, capacity 21114K, committed 21296K, reserved 1069056K
  class space    used 2546K, capacity 2675K, committed 2688K, reserved 1048576K
}
Event: 17.401 GC heap before
{Heap before GC invocations=7 (full 1):
 PSYoungGen      total 40448K, used 9185K [0x0000000795580000, 0x000000079aa80000, 0x00000007c0000000)
  eden space 31232K, 0% used [0x0000000795580000,0x0000000795580000,0x0000000797400000)
  from space 9216K, 99% used [0x0000000797e80000,0x0000000798778548,0x0000000798780000)
  to   space 10752K, 0% used [0x0000000797400000,0x0000000797400000,0x0000000797e80000)
 ParOldGen       total 87552K, used 9637K [0x0000000740000000, 0x0000000745580000, 0x0000000795580000)
  object space 87552K, 11% used [0x0000000740000000,0x0000000740969798,0x0000000745580000)
 Metaspace       used 20680K, capacity 21114K, committed 21296K, reserved 1069056K
  class space    used 2546K, capacity 2675K, committed 2688K, reserved 1048576K
Event: 17.785 GC heap after
Heap after GC invocations=7 (full 1):
 PSYoungGen      total 40448K, used 0K [0x0000000795580000, 0x000000079aa80000, 0x00000007c0000000)
  eden space 31232K, 0% used [0x0000000795580000,0x0000000795580000,0x0000000797400000)
  from space 9216K, 0% used [0x0000000797e80000,0x0000000797e80000,0x0000000798780000)
  to   space 10752K, 0% used [0x0000000797400000,0x0000000797400000,0x0000000797e80000)
 ParOldGen       total 69120K, used 13089K [0x0000000740000000, 0x0000000744380000, 0x0000000795580000)
  object space 69120K, 18% used [0x0000000740000000,0x0000000740cc8790,0x0000000744380000)
 Metaspace       used 20680K, capacity 21114K, committed 21296K, reserved 1069056K
  class space    used 2546K, capacity 2675K, committed 2688K, reserved 1048576K
}
Event: 21.178 GC heap before
{Heap before GC invocations=8 (full 1):
 PSYoungGen      total 40448K, used 31232K [0x0000000795580000, 0x000000079aa80000, 0x00000007c0000000)
  eden space 31232K, 100% used [0x0000000795580000,0x0000000797400000,0x0000000797400000)
  from space 9216K, 0% used [0x0000000797e80000,0x0000000797e80000,0x0000000798780000)
  to   space 10752K, 0% used [0x0000000797400000,0x0000000797400000,0x0000000797e80000)
 ParOldGen       total 69120K, used 13089K [0x0000000740000000, 0x0000000744380000, 0x0000000795580000)
  object space 69120K, 18% used [0x0000000740000000,0x0000000740cc8790,0x0000000744380000)
 Metaspace       used 23100K, capacity 23650K, committed 23808K, reserved 1071104K
  class space    used 2823K, capacity 2982K, committed 3072K, reserved 1048576K
Event: 21.199 GC heap after
Heap after GC invocations=8 (full 1):
 PSYoungGen      total 41984K, used 3533K [0x0000000795580000, 0x0000000799580000, 0x00000007c0000000)
  eden space 31232K, 0% used [0x0000000795580000,0x0000000795580000,0x0000000797400000)
  from space 10752K, 32% used [0x0000000797400000,0x00000007977736a0,0x0000000797e80000)
  to   space 10752K, 0% used [0x0000000798b00000,0x0000000798b00000,0x0000000799580000)
 ParOldGen       total 69120K, used 13097K [0x0000000740000000, 0x0000000744380000, 0x0000000795580000)
  object space 69120K, 18% used [0x0000000740000000,0x0000000740cca790,0x0000000744380000)
 Metaspace       used 23100K, capacity 23650K, committed 23808K, reserved 1071104K
  class space    used 2823K, capacity 2982K, committed 3072K, reserved 1048576K
}
Event: 22.515 GC heap before
{Heap before GC invocations=9 (full 1):
 PSYoungGen      total 41984K, used 34765K [0x0000000795580000, 0x0000000799580000, 0x00000007c0000000)
  eden space 31232K, 100% used [0x0000000795580000,0x0000000797400000,0x0000000797400000)
  from space 10752K, 32% used [0x0000000797400000,0x00000007977736a0,0x0000000797e80000)
  to   space 10752K, 0% used [0x0000000798b00000,0x0000000798b00000,0x0000000799580000)
 ParOldGen       total 69120K, used 13097K [0x0000000740000000, 0x0000000744380000, 0x0000000795580000)
  object space 69120K, 18% used [0x0000000740000000,0x0000000740cca790,0x0000000744380000)
 Metaspace       used 23322K, capacity 23932K, committed 24064K, reserved 1071104K
  class space    used 2827K, capacity 2987K, committed 3072K, reserved 1048576K
Event: 22.523 GC heap after
Heap after GC invocations=9 (full 1):
 PSYoungGen      total 53760K, used 3648K [0x0000000795580000, 0x0000000799580000, 0x00000007c0000000)
  eden space 43008K, 0% used [0x0000000795580000,0x0000000795580000,0x0000000797f80000)
  from space 10752K, 33% used [0x0000000798b00000,0x0000000798e90040,0x0000000799580000)
  to   space 11264K, 0% used [0x0000000797f80000,0x0000000797f80000,0x0000000798a80000)
 ParOldGen       total 69120K, used 13105K [0x0000000740000000, 0x0000000744380000, 0x0000000795580000)
  object space 69120K, 18% used [0x0000000740000000,0x0000000740ccc790,0x0000000744380000)
 Metaspace       used 23322K, capacity 23932K, committed 24064K, reserved 1071104K
  class space    used 2827K, capacity 2987K, committed 3072K, reserved 1048576K
}

