# JRE version: Java(TM) SE Runtime Environment (8.0_144-b01) (build 1.8.0_144-b01)
# Java VM: Java HotSpot(TM) 64-Bit Server VM (25.144-b01 mixed mode bsd-amd64 compressed oops)
Heap:
 PSYoungGen      total 138240K, used 42977K [0x0000000795580000, 0x00000007a2880000, 0x00000007c0000000)
  eden space 133120K, 28% used [0x0000000795580000,0x0000000797a7c418,0x000000079d780000)
  from space 5120K, 99% used [0x000000079d780000,0x000000079dc7c050,0x000000079dc80000)
  to   space 14336K, 0% used [0x00000007a1a80000,0x00000007a1a80000,0x00000007a2880000)
 ParOldGen       total 74752K, used 19212K [0x0000000740000000, 0x0000000744900000, 0x0000000795580000)
  object space 74752K, 25% used [0x0000000740000000,0x00000007412c32a0,0x0000000744900000)
 Metaspace       used 29364K, capacity 30010K, committed 30208K, reserved 1075200K
  class space    used 3563K, capacity 3788K, committed 3840K, reserved 1048576K
GC Heap History (10 events):
Event: 1.247 GC heap before
{Heap before GC invocations=2 (full 0):
 PSYoungGen      total 38400K, used 38249K [0x0000000795580000, 0x000000079a080000, 0x00000007c0000000)
  eden space 33280K, 100% used [0x0000000795580000,0x0000000797600000,0x0000000797600000)
  from space 5120K, 97% used [0x0000000797600000,0x0000000797ada738,0x0000000797b00000)
  to   space 5120K, 0% used [0x0000000799b80000,0x0000000799b80000,0x000000079a080000)
 ParOldGen       total 87552K, used 8K [0x0000000740000000, 0x0000000745580000, 0x0000000795580000)
  object space 87552K, 0% used [0x0000000740000000,0x0000000740002000,0x0000000745580000)
 Metaspace       used 11632K, capacity 11752K, committed 12032K, reserved 1060864K
  class space    used 1444K, capacity 1508K, committed 1536K, reserved 1048576K
Event: 1.255 GC heap after
Heap after GC invocations=2 (full 0):
 PSYoungGen      total 71680K, used 5088K [0x0000000795580000, 0x000000079a080000, 0x00000007c0000000)
  eden space 66560K, 0% used [0x0000000795580000,0x0000000795580000,0x0000000799680000)
  from space 5120K, 99% used [0x0000000799b80000,0x000000079a0781e8,0x000000079a080000)
  to   space 5120K, 0% used [0x0000000799680000,0x0000000799680000,0x0000000799b80000)
 ParOldGen       total 87552K, used 1679K [0x0000000740000000, 0x0000000745580000, 0x0000000795580000)
  object space 87552K, 1% used [0x0000000740000000,0x00000007401a3e18,0x0000000745580000)
 Metaspace       used 11632K, capacity 11752K, committed 12032K, reserved 1060864K
  class space    used 1444K, capacity 1508K, committed 1536K, reserved 1048576K
}
Event: 2.441 GC heap before
{Heap before GC invocations=3 (full 0):
 PSYoungGen      total 71680K, used 71648K [0x0000000795580000, 0x000000079a080000, 0x00000007c0000000)
  eden space 66560K, 100% used [0x0000000795580000,0x0000000799680000,0x0000000799680000)
  from space 5120K, 99% used [0x0000000799b80000,0x000000079a0781e8,0x000000079a080000)
  to   space 5120K, 0% used [0x0000000799680000,0x0000000799680000,0x0000000799b80000)
 ParOldGen       total 87552K, used 1679K [0x0000000740000000, 0x0000000745580000, 0x0000000795580000)
  object space 87552K, 1% used [0x0000000740000000,0x00000007401a3e18,0x0000000745580000)
 Metaspace       used 16006K, capacity 16370K, committed 16768K, reserved 1064960K
  class space    used 1947K, capacity 2051K, committed 2176K, reserved 1048576K
Event: 2.453 GC heap after
Heap after GC invocations=3 (full 0):
 PSYoungGen      total 71680K, used 5088K [0x0000000795580000, 0x000000079e180000, 0x00000007c0000000)
  eden space 66560K, 0% used [0x0000000795580000,0x0000000795580000,0x0000000799680000)
  from space 5120K, 99% used [0x0000000799680000,0x0000000799b78040,0x0000000799b80000)
  to   space 5120K, 0% used [0x000000079dc80000,0x000000079dc80000,0x000000079e180000)
 ParOldGen       total 87552K, used 6626K [0x0000000740000000, 0x0000000745580000, 0x0000000795580000)
  object space 87552K, 7% used [0x0000000740000000,0x0000000740678928,0x0000000745580000)
 Metaspace       used 16006K, capacity 16370K, committed 16768K, reserved 1064960K
  class space    used 1947K, capacity 2051K, committed 2176K, reserved 1048576K
}
Event: 3.231 GC heap before
{Heap before GC invocations=4 (full 0):
 PSYoungGen      total 71680K, used 49622K [0x0000000795580000, 0x000000079e180000, 0x00000007c0000000)
  eden space 66560K, 66% used [0x0000000795580000,0x00000007980fd978,0x0000000799680000)
  from space 5120K, 99% used [0x0000000799680000,0x0000000799b78040,0x0000000799b80000)
  to   space 5120K, 0% used [0x000000079dc80000,0x000000079dc80000,0x000000079e180000)
 ParOldGen       total 87552K, used 6626K [0x0000000740000000, 0x0000000745580000, 0x0000000795580000)
  object space 87552K, 7% used [0x0000000740000000,0x0000000740678928,0x0000000745580000)
 Metaspace       used 20718K, capacity 21178K, committed 21296K, reserved 1069056K
  class space    used 2526K, capacity 2675K, committed 2688K, reserved 1048576K
Event: 3.247 GC heap after
Heap after GC invocations=4 (full 0):
 PSYoungGen      total 138240K, used 5104K [0x0000000795580000, 0x000000079e180000, 0x00000007c0000000)
  eden space 133120K, 0% used [0x0000000795580000,0x0000000795580000,0x000000079d780000)
  from space 5120K, 99% used [0x000000079dc80000,0x000000079e17c010,0x000000079e180000)
  to   space 5120K, 0% used [0x000000079d780000,0x000000079d780000,0x000000079dc80000)
 ParOldGen       total 87552K, used 13917K [0x0000000740000000, 0x0000000745580000, 0x0000000795580000)
  object space 87552K, 15% used [0x0000000740000000,0x0000000740d977d0,0x0000000745580000)
 Metaspace       used 20718K, capacity 21178K, committed 21296K, reserved 1069056K
  class space    used 2526K, capacity 2675K, committed 2688K, reserved 1048576K
}
Event: 3.247 GC heap before
{Heap before GC invocations=5 (full 1):
 PSYoungGen      total 138240K, used 5104K [0x0000000795580000, 0x000000079e180000, 0x00000007c0000000)
  eden space 133120K, 0% used [0x0000000795580000,0x0000000795580000,0x000000079d780000)
  from space 5120K, 99% used [0x000000079dc80000,0x000000079e17c010,0x000000079e180000)
  to   space 5120K, 0% used [0x000000079d780000,0x000000079d780000,0x000000079dc80000)
 ParOldGen       total 87552K, used 13917K [0x0000000740000000, 0x0000000745580000, 0x0000000795580000)
  object space 87552K, 15% used [0x0000000740000000,0x0000000740d977d0,0x0000000745580000)
 Metaspace       used 20718K, capacity 21178K, committed 21296K, reserved 1069056K
  class space    used 2526K, capacity 2675K, committed 2688K, reserved 1048576K
Event: 3.307 GC heap after
Heap after GC invocations=5 (full 1):
 PSYoungGen      total 138240K, used 0K [0x0000000795580000, 0x000000079e180000, 0x00000007c0000000)
  eden space 133120K, 0% used [0x0000000795580000,0x0000000795580000,0x000000079d780000)
  from space 5120K, 0% used [0x000000079dc80000,0x000000079dc80000,0x000000079e180000)
  to   space 5120K, 0% used [0x000000079d780000,0x000000079d780000,0x000000079dc80000)
 ParOldGen       total 74752K, used 13955K [0x0000000740000000, 0x0000000744900000, 0x0000000795580000)
  object space 74752K, 18% used [0x0000000740000000,0x0000000740da0e38,0x0000000744900000)
 Metaspace       used 20718K, capacity 21178K, committed 21296K, reserved 1069056K
  class space    used 2526K, capacity 2675K, committed 2688K, reserved 1048576K
}
Event: 6.309 GC heap before
{Heap before GC invocations=6 (full 1):
 PSYoungGen      total 138240K, used 133120K [0x0000000795580000, 0x000000079e180000, 0x00000007c0000000)
  eden space 133120K, 100% used [0x0000000795580000,0x000000079d780000,0x000000079d780000)
  from space 5120K, 0% used [0x000000079dc80000,0x000000079dc80000,0x000000079e180000)
  to   space 5120K, 0% used [0x000000079d780000,0x000000079d780000,0x000000079dc80000)
 ParOldGen       total 74752K, used 13955K [0x0000000740000000, 0x0000000744900000, 0x0000000795580000)
  object space 74752K, 18% used [0x0000000740000000,0x0000000740da0e38,0x0000000744900000)
 Metaspace       used 29035K, capacity 29700K, committed 29952K, reserved 1075200K
  class space    used 3550K, capacity 3779K, committed 3840K, reserved 1048576K
Event: 6.325 GC heap after
Heap after GC invocations=6 (full 1):
 PSYoungGen      total 138240K, used 5104K [0x0000000795580000, 0x00000007a2880000, 0x00000007c0000000)
  eden space 133120K, 0% used [0x0000000795580000,0x0000000795580000,0x000000079d780000)
  from space 5120K, 99% used [0x000000079d780000,0x000000079dc7c050,0x000000079dc80000)
  to   space 14336K, 0% used [0x00000007a1a80000,0x00000007a1a80000,0x00000007a2880000)
 ParOldGen       total 74752K, used 19212K [0x0000000740000000, 0x0000000744900000, 0x0000000795580000)
  object space 74752K, 25% used [0x0000000740000000,0x00000007412c32a0,0x0000000744900000)
 Metaspace       used 29035K, capacity 29700K, committed 29952K, reserved 1075200K
  class space    used 3550K, capacity 3779K, committed 3840K, reserved 1048576K
}

