# JRE version: Java(TM) SE Runtime Environment (8.0_144-b01) (build 1.8.0_144-b01)
# Java VM: Java HotSpot(TM) 64-Bit Server VM (25.144-b01 mixed mode bsd-amd64 compressed oops)
Heap:
 PSYoungGen      total 71680K, used 29089K [0x0000000795580000, 0x000000079f080000, 0x00000007c0000000)
  eden space 66560K, 43% used [0x0000000795580000,0x00000007971e85e0,0x0000000799680000)
  from space 5120K, 0% used [0x0000000799680000,0x0000000799680000,0x0000000799b80000)
  to   space 12800K, 0% used [0x000000079e400000,0x000000079e400000,0x000000079f080000)
 ParOldGen       total 75264K, used 14574K [0x0000000740000000, 0x0000000744980000, 0x0000000795580000)
  object space 75264K, 19% used [0x0000000740000000,0x0000000740e3b8a0,0x0000000744980000)
 Metaspace       used 22429K, capacity 22912K, committed 23216K, reserved 1069056K
  class space    used 2659K, capacity 2804K, committed 2816K, reserved 1048576K
GC Heap History (10 events):
Event: 0.741 GC heap before
{Heap before GC invocations=2 (full 0):
 PSYoungGen      total 38400K, used 38272K [0x0000000795580000, 0x0000000798000000, 0x00000007c0000000)
  eden space 33280K, 100% used [0x0000000795580000,0x0000000797600000,0x0000000797600000)
  from space 5120K, 97% used [0x0000000797600000,0x0000000797ae0038,0x0000000797b00000)
  to   space 5120K, 0% used [0x0000000797b00000,0x0000000797b00000,0x0000000798000000)
 ParOldGen       total 87552K, used 8K [0x0000000740000000, 0x0000000745580000, 0x0000000795580000)
  object space 87552K, 0% used [0x0000000740000000,0x0000000740002000,0x0000000745580000)
 Metaspace       used 11613K, capacity 11752K, committed 12032K, reserved 1060864K
  class space    used 1444K, capacity 1508K, committed 1536K, reserved 1048576K
Event: 0.747 GC heap after
Heap after GC invocations=2 (full 0):
 PSYoungGen      total 38400K, used 5089K [0x0000000795580000, 0x000000079a080000, 0x00000007c0000000)
  eden space 33280K, 0% used [0x0000000795580000,0x0000000795580000,0x0000000797600000)
  from space 5120K, 99% used [0x0000000797b00000,0x0000000797ff85e0,0x0000000798000000)
  to   space 5120K, 0% used [0x0000000797600000,0x0000000797600000,0x0000000797b00000)
 ParOldGen       total 87552K, used 1717K [0x0000000740000000, 0x0000000745580000, 0x0000000795580000)
  object space 87552K, 1% used [0x0000000740000000,0x00000007401ad5b0,0x0000000745580000)
 Metaspace       used 11613K, capacity 11752K, committed 12032K, reserved 1060864K
  class space    used 1444K, capacity 1508K, committed 1536K, reserved 1048576K
}
Event: 1.255 GC heap before
{Heap before GC invocations=3 (full 0):
 PSYoungGen      total 38400K, used 38369K [0x0000000795580000, 0x000000079a080000, 0x00000007c0000000)
  eden space 33280K, 100% used [0x0000000795580000,0x0000000797600000,0x0000000797600000)
  from space 5120K, 99% used [0x0000000797b00000,0x0000000797ff85e0,0x0000000798000000)
  to   space 5120K, 0% used [0x0000000797600000,0x0000000797600000,0x0000000797b00000)
 ParOldGen       total 87552K, used 1717K [0x0000000740000000, 0x0000000745580000, 0x0000000795580000)
  object space 87552K, 1% used [0x0000000740000000,0x00000007401ad5b0,0x0000000745580000)
 Metaspace       used 14939K, capacity 15132K, committed 15360K, reserved 1062912K
  class space    used 1840K, capacity 1938K, committed 2048K, reserved 1048576K
Event: 1.262 GC heap after
Heap after GC invocations=3 (full 0):
 PSYoungGen      total 38400K, used 5104K [0x0000000795580000, 0x000000079a080000, 0x00000007c0000000)
  eden space 33280K, 0% used [0x0000000795580000,0x0000000795580000,0x0000000797600000)
  from space 5120K, 99% used [0x0000000797600000,0x0000000797afc010,0x0000000797b00000)
  to   space 5120K, 0% used [0x0000000799b80000,0x0000000799b80000,0x000000079a080000)
 ParOldGen       total 87552K, used 4042K [0x0000000740000000, 0x0000000745580000, 0x0000000795580000)
  object space 87552K, 4% used [0x0000000740000000,0x00000007403f28f8,0x0000000745580000)
 Metaspace       used 14939K, capacity 15132K, committed 15360K, reserved 1062912K
  class space    used 1840K, capacity 1938K, committed 2048K, reserved 1048576K
}
Event: 1.655 GC heap before
{Heap before GC invocations=4 (full 0):
 PSYoungGen      total 38400K, used 38384K [0x0000000795580000, 0x000000079a080000, 0x00000007c0000000)
  eden space 33280K, 100% used [0x0000000795580000,0x0000000797600000,0x0000000797600000)
  from space 5120K, 99% used [0x0000000797600000,0x0000000797afc010,0x0000000797b00000)
  to   space 5120K, 0% used [0x0000000799b80000,0x0000000799b80000,0x000000079a080000)
 ParOldGen       total 87552K, used 4042K [0x0000000740000000, 0x0000000745580000, 0x0000000795580000)
  object space 87552K, 4% used [0x0000000740000000,0x00000007403f28f8,0x0000000745580000)
 Metaspace       used 15936K, capacity 16306K, committed 16512K, reserved 1062912K
  class space    used 1946K, capacity 2051K, committed 2176K, reserved 1048576K
Event: 1.664 GC heap after
Heap after GC invocations=4 (full 0):
 PSYoungGen      total 71680K, used 5088K [0x0000000795580000, 0x000000079a080000, 0x00000007c0000000)
  eden space 66560K, 0% used [0x0000000795580000,0x0000000795580000,0x0000000799680000)
  from space 5120K, 99% used [0x0000000799b80000,0x000000079a078040,0x000000079a080000)
  to   space 5120K, 0% used [0x0000000799680000,0x0000000799680000,0x0000000799b80000)
 ParOldGen       total 87552K, used 6352K [0x0000000740000000, 0x0000000745580000, 0x0000000795580000)
  object space 87552K, 7% used [0x0000000740000000,0x0000000740634330,0x0000000745580000)
 Metaspace       used 15936K, capacity 16306K, committed 16512K, reserved 1062912K
  class space    used 1946K, capacity 2051K, committed 2176K, reserved 1048576K
}
Event: 2.234 GC heap before
{Heap before GC invocations=5 (full 0):
 PSYoungGen      total 71680K, used 52660K [0x0000000795580000, 0x000000079a080000, 0x00000007c0000000)
  eden space 66560K, 71% used [0x0000000795580000,0x00000007983f4fc0,0x0000000799680000)
  from space 5120K, 99% used [0x0000000799b80000,0x000000079a078040,0x000000079a080000)
  to   space 5120K, 0% used [0x0000000799680000,0x0000000799680000,0x0000000799b80000)
 ParOldGen       total 87552K, used 6352K [0x0000000740000000, 0x0000000745580000, 0x0000000795580000)
  object space 87552K, 7% used [0x0000000740000000,0x0000000740634330,0x0000000745580000)
 Metaspace       used 20792K, capacity 21178K, committed 21296K, reserved 1069056K
  class space    used 2535K, capacity 2675K, committed 2688K, reserved 1048576K
Event: 2.249 GC heap after
Heap after GC invocations=5 (full 0):
 PSYoungGen      total 71680K, used 5088K [0x0000000795580000, 0x000000079f080000, 0x00000007c0000000)
  eden space 66560K, 0% used [0x0000000795580000,0x0000000795580000,0x0000000799680000)
  from space 5120K, 99% used [0x0000000799680000,0x0000000799b78060,0x0000000799b80000)
  to   space 12800K, 0% used [0x000000079e400000,0x000000079e400000,0x000000079f080000)
 ParOldGen       total 87552K, used 14500K [0x0000000740000000, 0x0000000745580000, 0x0000000795580000)
  object space 87552K, 16% used [0x0000000740000000,0x0000000740e29138,0x0000000745580000)
 Metaspace       used 20792K, capacity 21178K, committed 21296K, reserved 1069056K
  class space    used 2535K, capacity 2675K, committed 2688K, reserved 1048576K
}
Event: 2.249 GC heap before
{Heap before GC invocations=6 (full 1):
 PSYoungGen      total 71680K, used 5088K [0x0000000795580000, 0x000000079f080000, 0x00000007c0000000)
  eden space 66560K, 0% used [0x0000000795580000,0x0000000795580000,0x0000000799680000)
  from space 5120K, 99% used [0x0000000799680000,0x0000000799b78060,0x0000000799b80000)
  to   space 12800K, 0% used [0x000000079e400000,0x000000079e400000,0x000000079f080000)
 ParOldGen       total 87552K, used 14500K [0x0000000740000000, 0x0000000745580000, 0x0000000795580000)
  object space 87552K, 16% used [0x0000000740000000,0x0000000740e29138,0x0000000745580000)
 Metaspace       used 20792K, capacity 21178K, committed 21296K, reserved 1069056K
  class space    used 2535K, capacity 2675K, committed 2688K, reserved 1048576K
Event: 2.306 GC heap after
Heap after GC invocations=6 (full 1):
 PSYoungGen      total 71680K, used 0K [0x0000000795580000, 0x000000079f080000, 0x00000007c0000000)
  eden space 66560K, 0% used [0x0000000795580000,0x0000000795580000,0x0000000799680000)
  from space 5120K, 0% used [0x0000000799680000,0x0000000799680000,0x0000000799b80000)
  to   space 12800K, 0% used [0x000000079e400000,0x000000079e400000,0x000000079f080000)
 ParOldGen       total 75264K, used 14574K [0x0000000740000000, 0x0000000744980000, 0x0000000795580000)
  object space 75264K, 19% used [0x0000000740000000,0x0000000740e3b8a0,0x0000000744980000)
 Metaspace       used 20792K, capacity 21178K, committed 21296K, reserved 1069056K
  class space    used 2535K, capacity 2675K, committed 2688K, reserved 1048576K
}

