# JRE version: Java(TM) SE Runtime Environment (8.0_144-b01) (build 1.8.0_144-b01)
# Java VM: Java HotSpot(TM) 64-Bit Server VM (25.144-b01 mixed mode bsd-amd64 compressed oops)
Heap:
 PSYoungGen      total 130048K, used 40390K [0x0000000795580000, 0x000000079e580000, 0x00000007c0000000)
  eden space 118784K, 24% used [0x0000000795580000,0x0000000797208d30,0x000000079c980000)
  from space 11264K, 99% used [0x000000079ce00000,0x000000079d8e8e40,0x000000079d900000)
  to   space 12800K, 0% used [0x000000079d900000,0x000000079d900000,0x000000079e580000)
 ParOldGen       total 75776K, used 14327K [0x0000000740000000, 0x0000000744a00000, 0x0000000795580000)
  object space 75776K, 18% used [0x0000000740000000,0x0000000740dfdfc0,0x0000000744a00000)
 Metaspace       used 30698K, capacity 31618K, committed 31872K, reserved 1077248K
  class space    used 3679K, capacity 3912K, committed 3968K, reserved 1048576K
GC Heap History (10 events):
Event: 1.679 GC heap before
{Heap before GC invocations=4 (full 0):
 PSYoungGen      total 38400K, used 38368K [0x0000000795580000, 0x000000079a080000, 0x00000007c0000000)
  eden space 33280K, 100% used [0x0000000795580000,0x0000000797600000,0x0000000797600000)
  from space 5120K, 99% used [0x0000000797600000,0x0000000797af8040,0x0000000797b00000)
  to   space 5120K, 0% used [0x0000000799b80000,0x0000000799b80000,0x000000079a080000)
 ParOldGen       total 87552K, used 4048K [0x0000000740000000, 0x0000000745580000, 0x0000000795580000)
  object space 87552K, 4% used [0x0000000740000000,0x00000007403f4350,0x0000000745580000)
 Metaspace       used 15957K, capacity 16306K, committed 16512K, reserved 1062912K
  class space    used 1947K, capacity 2051K, committed 2176K, reserved 1048576K
Event: 1.689 GC heap after
Heap after GC invocations=4 (full 0):
 PSYoungGen      total 71680K, used 5104K [0x0000000795580000, 0x000000079a080000, 0x00000007c0000000)
  eden space 66560K, 0% used [0x0000000795580000,0x0000000795580000,0x0000000799680000)
  from space 5120K, 99% used [0x0000000799b80000,0x000000079a07c030,0x000000079a080000)
  to   space 5120K, 0% used [0x0000000799680000,0x0000000799680000,0x0000000799b80000)
 ParOldGen       total 87552K, used 6409K [0x0000000740000000, 0x0000000745580000, 0x0000000795580000)
  object space 87552K, 7% used [0x0000000740000000,0x00000007406424c8,0x0000000745580000)
 Metaspace       used 15957K, capacity 16306K, committed 16512K, reserved 1062912K
  class space    used 1947K, capacity 2051K, committed 2176K, reserved 1048576K
}
Event: 2.314 GC heap before
{Heap before GC invocations=5 (full 0):
 PSYoungGen      total 71680K, used 51496K [0x0000000795580000, 0x000000079a080000, 0x00000007c0000000)
  eden space 66560K, 69% used [0x0000000795580000,0x00000007982ce018,0x0000000799680000)
  from space 5120K, 99% used [0x0000000799b80000,0x000000079a07c030,0x000000079a080000)
  to   space 5120K, 0% used [0x0000000799680000,0x0000000799680000,0x0000000799b80000)
 ParOldGen       total 87552K, used 6409K [0x0000000740000000, 0x0000000745580000, 0x0000000795580000)
  object space 87552K, 7% used [0x0000000740000000,0x00000007406424c8,0x0000000745580000)
 Metaspace       used 20802K, capacity 21178K, committed 21296K, reserved 1069056K
  class space    used 2536K, capacity 2675K, committed 2688K, reserved 1048576K
Event: 2.334 GC heap after
Heap after GC invocations=5 (full 0):
 PSYoungGen      total 71680K, used 5088K [0x0000000795580000, 0x000000079f080000, 0x00000007c0000000)
  eden space 66560K, 0% used [0x0000000795580000,0x0000000795580000,0x0000000799680000)
  from space 5120K, 99% used [0x0000000799680000,0x0000000799b78040,0x0000000799b80000)
  to   space 12800K, 0% used [0x000000079e400000,0x000000079e400000,0x000000079f080000)
 ParOldGen       total 87552K, used 14312K [0x0000000740000000, 0x0000000745580000, 0x0000000795580000)
  object space 87552K, 16% used [0x0000000740000000,0x0000000740dfa200,0x0000000745580000)
 Metaspace       used 20802K, capacity 21178K, committed 21296K, reserved 1069056K
  class space    used 2536K, capacity 2675K, committed 2688K, reserved 1048576K
}
Event: 2.334 GC heap before
{Heap before GC invocations=6 (full 1):
 PSYoungGen      total 71680K, used 5088K [0x0000000795580000, 0x000000079f080000, 0x00000007c0000000)
  eden space 66560K, 0% used [0x0000000795580000,0x0000000795580000,0x0000000799680000)
  from space 5120K, 99% used [0x0000000799680000,0x0000000799b78040,0x0000000799b80000)
  to   space 12800K, 0% used [0x000000079e400000,0x000000079e400000,0x000000079f080000)
 ParOldGen       total 87552K, used 14312K [0x0000000740000000, 0x0000000745580000, 0x0000000795580000)
  object space 87552K, 16% used [0x0000000740000000,0x0000000740dfa200,0x0000000745580000)
 Metaspace       used 20802K, capacity 21178K, committed 21296K, reserved 1069056K
  class space    used 2536K, capacity 2675K, committed 2688K, reserved 1048576K
Event: 2.409 GC heap after
Heap after GC invocations=6 (full 1):
 PSYoungGen      total 71680K, used 0K [0x0000000795580000, 0x000000079f080000, 0x00000007c0000000)
  eden space 66560K, 0% used [0x0000000795580000,0x0000000795580000,0x0000000799680000)
  from space 5120K, 0% used [0x0000000799680000,0x0000000799680000,0x0000000799b80000)
  to   space 12800K, 0% used [0x000000079e400000,0x000000079e400000,0x000000079f080000)
 ParOldGen       total 75776K, used 14311K [0x0000000740000000, 0x0000000744a00000, 0x0000000795580000)
  object space 75776K, 18% used [0x0000000740000000,0x0000000740df9fc0,0x0000000744a00000)
 Metaspace       used 20802K, capacity 21178K, committed 21296K, reserved 1069056K
  class space    used 2536K, capacity 2675K, committed 2688K, reserved 1048576K
}
Event: 3.942 GC heap before
{Heap before GC invocations=7 (full 1):
 PSYoungGen      total 71680K, used 66560K [0x0000000795580000, 0x000000079f080000, 0x00000007c0000000)
  eden space 66560K, 100% used [0x0000000795580000,0x0000000799680000,0x0000000799680000)
  from space 5120K, 0% used [0x0000000799680000,0x0000000799680000,0x0000000799b80000)
  to   space 12800K, 0% used [0x000000079e400000,0x000000079e400000,0x000000079f080000)
 ParOldGen       total 75776K, used 14311K [0x0000000740000000, 0x0000000744a00000, 0x0000000795580000)
  object space 75776K, 18% used [0x0000000740000000,0x0000000740df9fc0,0x0000000744a00000)
 Metaspace       used 24420K, capacity 25098K, committed 25472K, reserved 1071104K
  class space    used 2869K, capacity 3080K, committed 3200K, reserved 1048576K
Event: 3.951 GC heap after
Heap after GC invocations=7 (full 1):
 PSYoungGen      total 94208K, used 3838K [0x0000000795580000, 0x000000079e800000, 0x00000007c0000000)
  eden space 90112K, 0% used [0x0000000795580000,0x0000000795580000,0x000000079ad80000)
  from space 4096K, 93% used [0x000000079e400000,0x000000079e7bf8b0,0x000000079e800000)
  to   space 13312K, 0% used [0x000000079ce00000,0x000000079ce00000,0x000000079db00000)
 ParOldGen       total 75776K, used 14319K [0x0000000740000000, 0x0000000744a00000, 0x0000000795580000)
  object space 75776K, 18% used [0x0000000740000000,0x0000000740dfbfc0,0x0000000744a00000)
 Metaspace       used 24420K, capacity 25098K, committed 25472K, reserved 1071104K
  class space    used 2869K, capacity 3080K, committed 3200K, reserved 1048576K
}
Event: 5.744 GC heap before
{Heap before GC invocations=8 (full 1):
 PSYoungGen      total 94208K, used 93950K [0x0000000795580000, 0x000000079e800000, 0x00000007c0000000)
  eden space 90112K, 100% used [0x0000000795580000,0x000000079ad80000,0x000000079ad80000)
  from space 4096K, 93% used [0x000000079e400000,0x000000079e7bf8b0,0x000000079e800000)
  to   space 13312K, 0% used [0x000000079ce00000,0x000000079ce00000,0x000000079db00000)
 ParOldGen       total 75776K, used 14319K [0x0000000740000000, 0x0000000744a00000, 0x0000000795580000)
  object space 75776K, 18% used [0x0000000740000000,0x0000000740dfbfc0,0x0000000744a00000)
 Metaspace       used 30396K, capacity 31244K, committed 31360K, reserved 1077248K
  class space    used 3672K, capacity 3903K, committed 3968K, reserved 1048576K
Event: 5.759 GC heap after
Heap after GC invocations=8 (full 1):
 PSYoungGen      total 130048K, used 11171K [0x0000000795580000, 0x000000079e580000, 0x00000007c0000000)
  eden space 118784K, 0% used [0x0000000795580000,0x0000000795580000,0x000000079c980000)
  from space 11264K, 99% used [0x000000079ce00000,0x000000079d8e8e40,0x000000079d900000)
  to   space 12800K, 0% used [0x000000079d900000,0x000000079d900000,0x000000079e580000)
 ParOldGen       total 75776K, used 14327K [0x0000000740000000, 0x0000000744a00000, 0x0000000795580000)
  object space 75776K, 18% used [0x0000000740000000,0x0000000740dfdfc0,0x0000000744a00000)
 Metaspace       used 30396K, capacity 31244K, committed 31360K, reserved 1077248K
  class space    used 3672K, capacity 3903K, committed 3968K, reserved 1048576K
}

