# JRE version: Java(TM) SE Runtime Environment (8.0_144-b01) (build 1.8.0_144-b01)
# Java VM: Java HotSpot(TM) 64-Bit Server VM (25.144-b01 mixed mode bsd-amd64 compressed oops)
Heap:
 PSYoungGen      total 53760K, used 22924K [0x0000000795580000, 0x0000000799580000, 0x00000007c0000000)
  eden space 43008K, 44% used [0x0000000795580000,0x0000000796833040,0x0000000797f80000)
  from space 10752K, 35% used [0x0000000798b00000,0x0000000798eb0040,0x0000000799580000)
  to   space 11264K, 0% used [0x0000000797f80000,0x0000000797f80000,0x0000000798a80000)
 ParOldGen       total 70144K, used 13105K [0x0000000740000000, 0x0000000744480000, 0x0000000795580000)
  object space 70144K, 18% used [0x0000000740000000,0x0000000740ccc580,0x0000000744480000)
 Metaspace       used 27083K, capacity 27838K, committed 28032K, reserved 1073152K
  class space    used 3353K, capacity 3586K, committed 3712K, reserved 1048576K
GC Heap History (10 events):
Event: 16.831 GC heap before
{Heap before GC invocations=5 (full 0):
 PSYoungGen      total 38400K, used 37982K [0x0000000795580000, 0x0000000798000000, 0x00000007c0000000)
  eden space 33280K, 98% used [0x0000000795580000,0x000000079759f8b8,0x0000000797600000)
  from space 5120K, 99% used [0x0000000797b00000,0x0000000797ff8020,0x0000000798000000)
  to   space 5120K, 0% used [0x0000000797600000,0x0000000797600000,0x0000000797b00000)
 ParOldGen       total 87552K, used 6577K [0x0000000740000000, 0x0000000745580000, 0x0000000795580000)
  object space 87552K, 7% used [0x0000000740000000,0x000000074066c6b0,0x0000000745580000)
 Metaspace       used 20489K, capacity 20986K, committed 21120K, reserved 1067008K
  class space    used 2521K, capacity 2675K, committed 2688K, reserved 1048576K
Event: 16.867 GC heap after
Heap after GC invocations=5 (full 0):
 PSYoungGen      total 37888K, used 5104K [0x0000000795580000, 0x0000000798880000, 0x00000007c0000000)
  eden space 32768K, 0% used [0x0000000795580000,0x0000000795580000,0x0000000797580000)
  from space 5120K, 99% used [0x0000000797600000,0x0000000797afc010,0x0000000797b00000)
  to   space 9728K, 0% used [0x0000000797f00000,0x0000000797f00000,0x0000000798880000)
 ParOldGen       total 87552K, used 9673K [0x0000000740000000, 0x0000000745580000, 0x0000000795580000)
  object space 87552K, 11% used [0x0000000740000000,0x00000007409727b8,0x0000000745580000)
 Metaspace       used 20489K, capacity 20986K, committed 21120K, reserved 1067008K
  class space    used 2521K, capacity 2675K, committed 2688K, reserved 1048576K
}
Event: 17.691 GC heap before
{Heap before GC invocations=6 (full 0):
 PSYoungGen      total 37888K, used 15117K [0x0000000795580000, 0x0000000798880000, 0x00000007c0000000)
  eden space 32768K, 30% used [0x0000000795580000,0x0000000795f474b0,0x0000000797580000)
  from space 5120K, 99% used [0x0000000797600000,0x0000000797afc010,0x0000000797b00000)
  to   space 9728K, 0% used [0x0000000797f00000,0x0000000797f00000,0x0000000798880000)
 ParOldGen       total 87552K, used 9673K [0x0000000740000000, 0x0000000745580000, 0x0000000795580000)
  object space 87552K, 11% used [0x0000000740000000,0x00000007409727b8,0x0000000745580000)
 Metaspace       used 20707K, capacity 21178K, committed 21296K, reserved 1069056K
  class space    used 2545K, capacity 2675K, committed 2688K, reserved 1048576K
Event: 17.730 GC heap after
Heap after GC invocations=6 (full 0):
 PSYoungGen      total 41472K, used 9479K [0x0000000795580000, 0x000000079aa80000, 0x00000007c0000000)
  eden space 31744K, 0% used [0x0000000795580000,0x0000000795580000,0x0000000797480000)
  from space 9728K, 97% used [0x0000000797f00000,0x0000000798841fe8,0x0000000798880000)
  to   space 10752K, 0% used [0x0000000797480000,0x0000000797480000,0x0000000797f00000)
 ParOldGen       total 87552K, used 9681K [0x0000000740000000, 0x0000000745580000, 0x0000000795580000)
  object space 87552K, 11% used [0x0000000740000000,0x00000007409747b8,0x0000000745580000)
 Metaspace       used 20707K, capacity 21178K, committed 21296K, reserved 1069056K
  class space    used 2545K, capacity 2675K, committed 2688K, reserved 1048576K
}
Event: 17.730 GC heap before
{Heap before GC invocations=7 (full 1):
 PSYoungGen      total 41472K, used 9479K [0x0000000795580000, 0x000000079aa80000, 0x00000007c0000000)
  eden space 31744K, 0% used [0x0000000795580000,0x0000000795580000,0x0000000797480000)
  from space 9728K, 97% used [0x0000000797f00000,0x0000000798841fe8,0x0000000798880000)
  to   space 10752K, 0% used [0x0000000797480000,0x0000000797480000,0x0000000797f00000)
 ParOldGen       total 87552K, used 9681K [0x0000000740000000, 0x0000000745580000, 0x0000000795580000)
  object space 87552K, 11% used [0x0000000740000000,0x00000007409747b8,0x0000000745580000)
 Metaspace       used 20707K, capacity 21178K, committed 21296K, reserved 1069056K
  class space    used 2545K, capacity 2675K, committed 2688K, reserved 1048576K
Event: 18.119 GC heap after
Heap after GC invocations=7 (full 1):
 PSYoungGen      total 41472K, used 0K [0x0000000795580000, 0x000000079aa80000, 0x00000007c0000000)
  eden space 31744K, 0% used [0x0000000795580000,0x0000000795580000,0x0000000797480000)
  from space 9728K, 0% used [0x0000000797f00000,0x0000000797f00000,0x0000000798880000)
  to   space 10752K, 0% used [0x0000000797480000,0x0000000797480000,0x0000000797f00000)
 ParOldGen       total 70144K, used 13089K [0x0000000740000000, 0x0000000744480000, 0x0000000795580000)
  object space 70144K, 18% used [0x0000000740000000,0x0000000740cc8580,0x0000000744480000)
 Metaspace       used 20707K, capacity 21178K, committed 21296K, reserved 1069056K
  class space    used 2545K, capacity 2675K, committed 2688K, reserved 1048576K
}
Event: 21.603 GC heap before
{Heap before GC invocations=8 (full 1):
 PSYoungGen      total 41472K, used 31743K [0x0000000795580000, 0x000000079aa80000, 0x00000007c0000000)
  eden space 31744K, 99% used [0x0000000795580000,0x000000079747fc88,0x0000000797480000)
  from space 9728K, 0% used [0x0000000797f00000,0x0000000797f00000,0x0000000798880000)
  to   space 10752K, 0% used [0x0000000797480000,0x0000000797480000,0x0000000797f00000)
 ParOldGen       total 70144K, used 13089K [0x0000000740000000, 0x0000000744480000, 0x0000000795580000)
  object space 70144K, 18% used [0x0000000740000000,0x0000000740cc8580,0x0000000744480000)
 Metaspace       used 23005K, capacity 23650K, committed 23808K, reserved 1071104K
  class space    used 2815K, capacity 2982K, committed 3072K, reserved 1048576K
Event: 21.609 GC heap after
Heap after GC invocations=8 (full 1):
 PSYoungGen      total 42496K, used 3382K [0x0000000795580000, 0x0000000799600000, 0x00000007c0000000)
  eden space 31744K, 0% used [0x0000000795580000,0x0000000795580000,0x0000000797480000)
  from space 10752K, 31% used [0x0000000797480000,0x00000007977cd850,0x0000000797f00000)
  to   space 11264K, 0% used [0x0000000798b00000,0x0000000798b00000,0x0000000799600000)
 ParOldGen       total 70144K, used 13097K [0x0000000740000000, 0x0000000744480000, 0x0000000795580000)
  object space 70144K, 18% used [0x0000000740000000,0x0000000740cca580,0x0000000744480000)
 Metaspace       used 23005K, capacity 23650K, committed 23808K, reserved 1071104K
  class space    used 2815K, capacity 2982K, committed 3072K, reserved 1048576K
}
Event: 22.798 GC heap before
{Heap before GC invocations=9 (full 1):
 PSYoungGen      total 42496K, used 35126K [0x0000000795580000, 0x0000000799600000, 0x00000007c0000000)
  eden space 31744K, 100% used [0x0000000795580000,0x0000000797480000,0x0000000797480000)
  from space 10752K, 31% used [0x0000000797480000,0x00000007977cd850,0x0000000797f00000)
  to   space 11264K, 0% used [0x0000000798b00000,0x0000000798b00000,0x0000000799600000)
 ParOldGen       total 70144K, used 13097K [0x0000000740000000, 0x0000000744480000, 0x0000000795580000)
  object space 70144K, 18% used [0x0000000740000000,0x0000000740cca580,0x0000000744480000)
 Metaspace       used 23253K, capacity 23932K, committed 24064K, reserved 1071104K
  class space    used 2819K, capacity 2987K, committed 3072K, reserved 1048576K
Event: 22.808 GC heap after
Heap after GC invocations=9 (full 1):
 PSYoungGen      total 53760K, used 3776K [0x0000000795580000, 0x0000000799580000, 0x00000007c0000000)
  eden space 43008K, 0% used [0x0000000795580000,0x0000000795580000,0x0000000797f80000)
  from space 10752K, 35% used [0x0000000798b00000,0x0000000798eb0040,0x0000000799580000)
  to   space 11264K, 0% used [0x0000000797f80000,0x0000000797f80000,0x0000000798a80000)
 ParOldGen       total 70144K, used 13105K [0x0000000740000000, 0x0000000744480000, 0x0000000795580000)
  object space 70144K, 18% used [0x0000000740000000,0x0000000740ccc580,0x0000000744480000)
 Metaspace       used 23253K, capacity 23932K, committed 24064K, reserved 1071104K
  class space    used 2819K, capacity 2987K, committed 3072K, reserved 1048576K
}

