# JRE version: Java(TM) SE Runtime Environment (8.0_144-b01) (build 1.8.0_144-b01)
# Java VM: Java HotSpot(TM) 64-Bit Server VM (25.144-b01 mixed mode bsd-amd64 compressed oops)
Heap:
 PSYoungGen      total 71680K, used 18430K [0x0000000795580000, 0x000000079f080000, 0x00000007c0000000)
  eden space 66560K, 27% used [0x0000000795580000,0x000000079677fa90,0x0000000799680000)
  from space 5120K, 0% used [0x0000000799680000,0x0000000799680000,0x0000000799b80000)
  to   space 12800K, 0% used [0x000000079e400000,0x000000079e400000,0x000000079f080000)
 ParOldGen       total 73216K, used 14011K [0x0000000740000000, 0x0000000744780000, 0x0000000795580000)
  object space 73216K, 19% used [0x0000000740000000,0x0000000740daef90,0x0000000744780000)
 Metaspace       used 21894K, capacity 22418K, committed 22704K, reserved 1069056K
  class space    used 2631K, capacity 2806K, committed 2816K, reserved 1048576K
GC Heap History (10 events):
Event: 1.047 GC heap before
{Heap before GC invocations=2 (full 0):
 PSYoungGen      total 38400K, used 38281K [0x0000000795580000, 0x0000000798000000, 0x00000007c0000000)
  eden space 33280K, 100% used [0x0000000795580000,0x0000000797600000,0x0000000797600000)
  from space 5120K, 97% used [0x0000000797600000,0x0000000797ae25e8,0x0000000797b00000)
  to   space 5120K, 0% used [0x0000000797b00000,0x0000000797b00000,0x0000000798000000)
 ParOldGen       total 87552K, used 8K [0x0000000740000000, 0x0000000745580000, 0x0000000795580000)
  object space 87552K, 0% used [0x0000000740000000,0x0000000740002000,0x0000000745580000)
 Metaspace       used 11616K, capacity 11752K, committed 12032K, reserved 1060864K
  class space    used 1442K, capacity 1508K, committed 1536K, reserved 1048576K
Event: 1.053 GC heap after
Heap after GC invocations=2 (full 0):
 PSYoungGen      total 38400K, used 5088K [0x0000000795580000, 0x000000079a080000, 0x00000007c0000000)
  eden space 33280K, 0% used [0x0000000795580000,0x0000000795580000,0x0000000797600000)
  from space 5120K, 99% used [0x0000000797b00000,0x0000000797ff8340,0x0000000798000000)
  to   space 5120K, 0% used [0x0000000797600000,0x0000000797600000,0x0000000797b00000)
 ParOldGen       total 87552K, used 1755K [0x0000000740000000, 0x0000000745580000, 0x0000000795580000)
  object space 87552K, 2% used [0x0000000740000000,0x00000007401b6fa0,0x0000000745580000)
 Metaspace       used 11616K, capacity 11752K, committed 12032K, reserved 1060864K
  class space    used 1442K, capacity 1508K, committed 1536K, reserved 1048576K
}
Event: 1.667 GC heap before
{Heap before GC invocations=3 (full 0):
 PSYoungGen      total 38400K, used 38368K [0x0000000795580000, 0x000000079a080000, 0x00000007c0000000)
  eden space 33280K, 100% used [0x0000000795580000,0x0000000797600000,0x0000000797600000)
  from space 5120K, 99% used [0x0000000797b00000,0x0000000797ff8340,0x0000000798000000)
  to   space 5120K, 0% used [0x0000000797600000,0x0000000797600000,0x0000000797b00000)
 ParOldGen       total 87552K, used 1755K [0x0000000740000000, 0x0000000745580000, 0x0000000795580000)
  object space 87552K, 2% used [0x0000000740000000,0x00000007401b6fa0,0x0000000745580000)
 Metaspace       used 14973K, capacity 15132K, committed 15360K, reserved 1062912K
  class space    used 1837K, capacity 1938K, committed 2048K, reserved 1048576K
Event: 1.675 GC heap after
Heap after GC invocations=3 (full 0):
 PSYoungGen      total 38400K, used 5120K [0x0000000795580000, 0x000000079a080000, 0x00000007c0000000)
  eden space 33280K, 0% used [0x0000000795580000,0x0000000795580000,0x0000000797600000)
  from space 5120K, 100% used [0x0000000797600000,0x0000000797b00000,0x0000000797b00000)
  to   space 5120K, 0% used [0x0000000799b80000,0x0000000799b80000,0x000000079a080000)
 ParOldGen       total 87552K, used 4065K [0x0000000740000000, 0x0000000745580000, 0x0000000795580000)
  object space 87552K, 4% used [0x0000000740000000,0x00000007403f8678,0x0000000745580000)
 Metaspace       used 14973K, capacity 15132K, committed 15360K, reserved 1062912K
  class space    used 1837K, capacity 1938K, committed 2048K, reserved 1048576K
}
Event: 2.193 GC heap before
{Heap before GC invocations=4 (full 0):
 PSYoungGen      total 38400K, used 38400K [0x0000000795580000, 0x000000079a080000, 0x00000007c0000000)
  eden space 33280K, 100% used [0x0000000795580000,0x0000000797600000,0x0000000797600000)
  from space 5120K, 100% used [0x0000000797600000,0x0000000797b00000,0x0000000797b00000)
  to   space 5120K, 0% used [0x0000000799b80000,0x0000000799b80000,0x000000079a080000)
 ParOldGen       total 87552K, used 4065K [0x0000000740000000, 0x0000000745580000, 0x0000000795580000)
  object space 87552K, 4% used [0x0000000740000000,0x00000007403f8678,0x0000000745580000)
 Metaspace       used 15968K, capacity 16306K, committed 16512K, reserved 1062912K
  class space    used 1942K, capacity 2051K, committed 2176K, reserved 1048576K
Event: 2.204 GC heap after
Heap after GC invocations=4 (full 0):
 PSYoungGen      total 71680K, used 5104K [0x0000000795580000, 0x000000079a080000, 0x00000007c0000000)
  eden space 66560K, 0% used [0x0000000795580000,0x0000000795580000,0x0000000799680000)
  from space 5120K, 99% used [0x0000000799b80000,0x000000079a07c030,0x000000079a080000)
  to   space 5120K, 0% used [0x0000000799680000,0x0000000799680000,0x0000000799b80000)
 ParOldGen       total 87552K, used 6555K [0x0000000740000000, 0x0000000745580000, 0x0000000795580000)
  object space 87552K, 7% used [0x0000000740000000,0x0000000740666e50,0x0000000745580000)
 Metaspace       used 15968K, capacity 16306K, committed 16512K, reserved 1062912K
  class space    used 1942K, capacity 2051K, committed 2176K, reserved 1048576K
}
Event: 2.849 GC heap before
{Heap before GC invocations=5 (full 0):
 PSYoungGen      total 71680K, used 50339K [0x0000000795580000, 0x000000079a080000, 0x00000007c0000000)
  eden space 66560K, 67% used [0x0000000795580000,0x00000007981acc68,0x0000000799680000)
  from space 5120K, 99% used [0x0000000799b80000,0x000000079a07c030,0x000000079a080000)
  to   space 5120K, 0% used [0x0000000799680000,0x0000000799680000,0x0000000799b80000)
 ParOldGen       total 87552K, used 6555K [0x0000000740000000, 0x0000000745580000, 0x0000000795580000)
  object space 87552K, 7% used [0x0000000740000000,0x0000000740666e50,0x0000000745580000)
 Metaspace       used 20764K, capacity 21178K, committed 21296K, reserved 1069056K
  class space    used 2533K, capacity 2675K, committed 2688K, reserved 1048576K
Event: 2.868 GC heap after
Heap after GC invocations=5 (full 0):
 PSYoungGen      total 71680K, used 5113K [0x0000000795580000, 0x000000079f080000, 0x00000007c0000000)
  eden space 66560K, 0% used [0x0000000795580000,0x0000000795580000,0x0000000799680000)
  from space 5120K, 99% used [0x0000000799680000,0x0000000799b7e580,0x0000000799b80000)
  to   space 12800K, 0% used [0x000000079e400000,0x000000079e400000,0x000000079f080000)
 ParOldGen       total 87552K, used 14105K [0x0000000740000000, 0x0000000745580000, 0x0000000795580000)
  object space 87552K, 16% used [0x0000000740000000,0x0000000740dc6710,0x0000000745580000)
 Metaspace       used 20764K, capacity 21178K, committed 21296K, reserved 1069056K
  class space    used 2533K, capacity 2675K, committed 2688K, reserved 1048576K
}
Event: 2.868 GC heap before
{Heap before GC invocations=6 (full 1):
 PSYoungGen      total 71680K, used 5113K [0x0000000795580000, 0x000000079f080000, 0x00000007c0000000)
  eden space 66560K, 0% used [0x0000000795580000,0x0000000795580000,0x0000000799680000)
  from space 5120K, 99% used [0x0000000799680000,0x0000000799b7e580,0x0000000799b80000)
  to   space 12800K, 0% used [0x000000079e400000,0x000000079e400000,0x000000079f080000)
 ParOldGen       total 87552K, used 14105K [0x0000000740000000, 0x0000000745580000, 0x0000000795580000)
  object space 87552K, 16% used [0x0000000740000000,0x0000000740dc6710,0x0000000745580000)
 Metaspace       used 20764K, capacity 21178K, committed 21296K, reserved 1069056K
  class space    used 2533K, capacity 2675K, committed 2688K, reserved 1048576K
Event: 2.929 GC heap after
Heap after GC invocations=6 (full 1):
 PSYoungGen      total 71680K, used 0K [0x0000000795580000, 0x000000079f080000, 0x00000007c0000000)
  eden space 66560K, 0% used [0x0000000795580000,0x0000000795580000,0x0000000799680000)
  from space 5120K, 0% used [0x0000000799680000,0x0000000799680000,0x0000000799b80000)
  to   space 12800K, 0% used [0x000000079e400000,0x000000079e400000,0x000000079f080000)
 ParOldGen       total 73216K, used 14011K [0x0000000740000000, 0x0000000744780000, 0x0000000795580000)
  object space 73216K, 19% used [0x0000000740000000,0x0000000740daef90,0x0000000744780000)
 Metaspace       used 20764K, capacity 21178K, committed 21296K, reserved 1069056K
  class space    used 2533K, capacity 2675K, committed 2688K, reserved 1048576K
}

