# JRE version: Java(TM) SE Runtime Environment (8.0_144-b01) (build 1.8.0_144-b01)
# Java VM: Java HotSpot(TM) 64-Bit Server VM (25.144-b01 mixed mode bsd-amd64 compressed oops)
Heap:
 PSYoungGen      total 99840K, used 62600K [0x0000000795580000, 0x000000079e900000, 0x00000007c0000000)
  eden space 94720K, 60% used [0x0000000795580000,0x0000000798de0e98,0x000000079b200000)
  from space 5120K, 95% used [0x000000079e400000,0x000000079e8c11a8,0x000000079e900000)
  to   space 12800K, 0% used [0x000000079d000000,0x000000079d000000,0x000000079dc80000)
 ParOldGen       total 72704K, used 13966K [0x0000000740000000, 0x0000000744700000, 0x0000000795580000)
  object space 72704K, 19% used [0x0000000740000000,0x0000000740da3bd8,0x0000000744700000)
 Metaspace       used 28945K, capacity 29626K, committed 29696K, reserved 1075200K
  class space    used 3562K, capacity 3788K, committed 3840K, reserved 1048576K
GC Heap History (10 events):
Event: 2.753 GC heap before
{Heap before GC invocations=3 (full 0):
 PSYoungGen      total 38400K, used 38368K [0x0000000795580000, 0x0000000798000000, 0x00000007c0000000)
  eden space 33280K, 100% used [0x0000000795580000,0x0000000797600000,0x0000000797600000)
  from space 5120K, 99% used [0x0000000797b00000,0x0000000797ff8340,0x0000000798000000)
  to   space 5120K, 0% used [0x0000000797600000,0x0000000797600000,0x0000000797b00000)
 ParOldGen       total 87552K, used 1704K [0x0000000740000000, 0x0000000745580000, 0x0000000795580000)
  object space 87552K, 1% used [0x0000000740000000,0x00000007401aa288,0x0000000745580000)
 Metaspace       used 14959K, capacity 15132K, committed 15360K, reserved 1062912K
  class space    used 1836K, capacity 1938K, committed 2048K, reserved 1048576K
Event: 2.766 GC heap after
Heap after GC invocations=3 (full 0):
 PSYoungGen      total 38400K, used 5104K [0x0000000795580000, 0x000000079a080000, 0x00000007c0000000)
  eden space 33280K, 0% used [0x0000000795580000,0x0000000795580000,0x0000000797600000)
  from space 5120K, 99% used [0x0000000797600000,0x0000000797afc030,0x0000000797b00000)
  to   space 5120K, 0% used [0x0000000799b80000,0x0000000799b80000,0x000000079a080000)
 ParOldGen       total 87552K, used 3994K [0x0000000740000000, 0x0000000745580000, 0x0000000795580000)
  object space 87552K, 4% used [0x0000000740000000,0x00000007403e69d0,0x0000000745580000)
 Metaspace       used 14959K, capacity 15132K, committed 15360K, reserved 1062912K
  class space    used 1836K, capacity 1938K, committed 2048K, reserved 1048576K
}
Event: 3.228 GC heap before
{Heap before GC invocations=4 (full 0):
 PSYoungGen      total 38400K, used 38384K [0x0000000795580000, 0x000000079a080000, 0x00000007c0000000)
  eden space 33280K, 100% used [0x0000000795580000,0x0000000797600000,0x0000000797600000)
  from space 5120K, 99% used [0x0000000797600000,0x0000000797afc030,0x0000000797b00000)
  to   space 5120K, 0% used [0x0000000799b80000,0x0000000799b80000,0x000000079a080000)
 ParOldGen       total 87552K, used 3994K [0x0000000740000000, 0x0000000745580000, 0x0000000795580000)
  object space 87552K, 4% used [0x0000000740000000,0x00000007403e69d0,0x0000000745580000)
 Metaspace       used 15984K, capacity 16306K, committed 16512K, reserved 1062912K
  class space    used 1946K, capacity 2051K, committed 2176K, reserved 1048576K
Event: 3.237 GC heap after
Heap after GC invocations=4 (full 0):
 PSYoungGen      total 71680K, used 5104K [0x0000000795580000, 0x000000079a080000, 0x00000007c0000000)
  eden space 66560K, 0% used [0x0000000795580000,0x0000000795580000,0x0000000799680000)
  from space 5120K, 99% used [0x0000000799b80000,0x000000079a07c010,0x000000079a080000)
  to   space 5120K, 0% used [0x0000000799680000,0x0000000799680000,0x0000000799b80000)
 ParOldGen       total 87552K, used 6482K [0x0000000740000000, 0x0000000745580000, 0x0000000795580000)
  object space 87552K, 7% used [0x0000000740000000,0x0000000740654b78,0x0000000745580000)
 Metaspace       used 15984K, capacity 16306K, committed 16512K, reserved 1062912K
  class space    used 1946K, capacity 2051K, committed 2176K, reserved 1048576K
}
Event: 4.231 GC heap before
{Heap before GC invocations=5 (full 0):
 PSYoungGen      total 71680K, used 50896K [0x0000000795580000, 0x000000079a080000, 0x00000007c0000000)
  eden space 66560K, 68% used [0x0000000795580000,0x0000000798238210,0x0000000799680000)
  from space 5120K, 99% used [0x0000000799b80000,0x000000079a07c010,0x000000079a080000)
  to   space 5120K, 0% used [0x0000000799680000,0x0000000799680000,0x0000000799b80000)
 ParOldGen       total 87552K, used 6482K [0x0000000740000000, 0x0000000745580000, 0x0000000795580000)
  object space 87552K, 7% used [0x0000000740000000,0x0000000740654b78,0x0000000745580000)
 Metaspace       used 20705K, capacity 21178K, committed 21296K, reserved 1069056K
  class space    used 2532K, capacity 2675K, committed 2688K, reserved 1048576K
Event: 4.248 GC heap after
Heap after GC invocations=5 (full 0):
 PSYoungGen      total 71680K, used 5104K [0x0000000795580000, 0x000000079f080000, 0x00000007c0000000)
  eden space 66560K, 0% used [0x0000000795580000,0x0000000795580000,0x0000000799680000)
  from space 5120K, 99% used [0x0000000799680000,0x0000000799b7c010,0x0000000799b80000)
  to   space 12800K, 0% used [0x000000079e400000,0x000000079e400000,0x000000079f080000)
 ParOldGen       total 87552K, used 13956K [0x0000000740000000, 0x0000000745580000, 0x0000000795580000)
  object space 87552K, 15% used [0x0000000740000000,0x0000000740da12d8,0x0000000745580000)
 Metaspace       used 20705K, capacity 21178K, committed 21296K, reserved 1069056K
  class space    used 2532K, capacity 2675K, committed 2688K, reserved 1048576K
}
Event: 4.248 GC heap before
{Heap before GC invocations=6 (full 1):
 PSYoungGen      total 71680K, used 5104K [0x0000000795580000, 0x000000079f080000, 0x00000007c0000000)
  eden space 66560K, 0% used [0x0000000795580000,0x0000000795580000,0x0000000799680000)
  from space 5120K, 99% used [0x0000000799680000,0x0000000799b7c010,0x0000000799b80000)
  to   space 12800K, 0% used [0x000000079e400000,0x000000079e400000,0x000000079f080000)
 ParOldGen       total 87552K, used 13956K [0x0000000740000000, 0x0000000745580000, 0x0000000795580000)
  object space 87552K, 15% used [0x0000000740000000,0x0000000740da12d8,0x0000000745580000)
 Metaspace       used 20705K, capacity 21178K, committed 21296K, reserved 1069056K
  class space    used 2532K, capacity 2675K, committed 2688K, reserved 1048576K
Event: 4.313 GC heap after
Heap after GC invocations=6 (full 1):
 PSYoungGen      total 71680K, used 0K [0x0000000795580000, 0x000000079f080000, 0x00000007c0000000)
  eden space 66560K, 0% used [0x0000000795580000,0x0000000795580000,0x0000000799680000)
  from space 5120K, 0% used [0x0000000799680000,0x0000000799680000,0x0000000799b80000)
  to   space 12800K, 0% used [0x000000079e400000,0x000000079e400000,0x000000079f080000)
 ParOldGen       total 72704K, used 13958K [0x0000000740000000, 0x0000000744700000, 0x0000000795580000)
  object space 72704K, 19% used [0x0000000740000000,0x0000000740da1bd8,0x0000000744700000)
 Metaspace       used 20705K, capacity 21178K, committed 21296K, reserved 1069056K
  class space    used 2532K, capacity 2675K, committed 2688K, reserved 1048576K
}
Event: 5.883 GC heap before
{Heap before GC invocations=7 (full 1):
 PSYoungGen      total 71680K, used 66560K [0x0000000795580000, 0x000000079f080000, 0x00000007c0000000)
  eden space 66560K, 100% used [0x0000000795580000,0x0000000799680000,0x0000000799680000)
  from space 5120K, 0% used [0x0000000799680000,0x0000000799680000,0x0000000799b80000)
  to   space 12800K, 0% used [0x000000079e400000,0x000000079e400000,0x000000079f080000)
 ParOldGen       total 72704K, used 13958K [0x0000000740000000, 0x0000000744700000, 0x0000000795580000)
  object space 72704K, 19% used [0x0000000740000000,0x0000000740da1bd8,0x0000000744700000)
 Metaspace       used 24993K, capacity 25594K, committed 25856K, reserved 1071104K
  class space    used 3004K, capacity 3224K, committed 3328K, reserved 1048576K
Event: 5.891 GC heap after
Heap after GC invocations=7 (full 1):
 PSYoungGen      total 99840K, used 4868K [0x0000000795580000, 0x000000079e900000, 0x00000007c0000000)
  eden space 94720K, 0% used [0x0000000795580000,0x0000000795580000,0x000000079b200000)
  from space 5120K, 95% used [0x000000079e400000,0x000000079e8c11a8,0x000000079e900000)
  to   space 12800K, 0% used [0x000000079d000000,0x000000079d000000,0x000000079dc80000)
 ParOldGen       total 72704K, used 13966K [0x0000000740000000, 0x0000000744700000, 0x0000000795580000)
  object space 72704K, 19% used [0x0000000740000000,0x0000000740da3bd8,0x0000000744700000)
 Metaspace       used 24993K, capacity 25594K, committed 25856K, reserved 1071104K
  class space    used 3004K, capacity 3224K, committed 3328K, reserved 1048576K
}

