# JRE version: Java(TM) SE Runtime Environment (8.0_144-b01) (build 1.8.0_144-b01)
# Java VM: Java HotSpot(TM) 64-Bit Server VM (25.144-b01 mixed mode bsd-amd64 compressed oops)
Heap:
 PSYoungGen      total 92672K, used 57679K [0x0000000795580000, 0x000000079e880000, 0x00000007c0000000)
  eden space 87552K, 60% used [0x0000000795580000,0x0000000798939330,0x000000079ab00000)
  from space 5120K, 92% used [0x000000079e380000,0x000000079e81aa00,0x000000079e880000)
  to   space 12800K, 0% used [0x000000079cf80000,0x000000079cf80000,0x000000079dc00000)
 ParOldGen       total 76288K, used 14019K [0x0000000740000000, 0x0000000744a80000, 0x0000000795580000)
  object space 76288K, 18% used [0x0000000740000000,0x0000000740db0c50,0x0000000744a80000)
 Metaspace       used 28839K, capacity 29508K, committed 29696K, reserved 1075200K
  class space    used 3556K, capacity 3779K, committed 3840K, reserved 1048576K
GC Heap History (10 events):
Event: 1.477 GC heap before
{Heap before GC invocations=3 (full 0):
 PSYoungGen      total 38400K, used 38369K [0x0000000795580000, 0x000000079a080000, 0x00000007c0000000)
  eden space 33280K, 100% used [0x0000000795580000,0x0000000797600000,0x0000000797600000)
  from space 5120K, 99% used [0x0000000797b00000,0x0000000797ff85e0,0x0000000798000000)
  to   space 5120K, 0% used [0x0000000797600000,0x0000000797600000,0x0000000797b00000)
 ParOldGen       total 87552K, used 1716K [0x0000000740000000, 0x0000000745580000, 0x0000000795580000)
  object space 87552K, 1% used [0x0000000740000000,0x00000007401ad128,0x0000000745580000)
 Metaspace       used 14942K, capacity 15132K, committed 15360K, reserved 1062912K
  class space    used 1838K, capacity 1938K, committed 2048K, reserved 1048576K
Event: 1.484 GC heap after
Heap after GC invocations=3 (full 0):
 PSYoungGen      total 38400K, used 5088K [0x0000000795580000, 0x000000079a080000, 0x00000007c0000000)
  eden space 33280K, 0% used [0x0000000795580000,0x0000000795580000,0x0000000797600000)
  from space 5120K, 99% used [0x0000000797600000,0x0000000797af8040,0x0000000797b00000)
  to   space 5120K, 0% used [0x0000000799b80000,0x0000000799b80000,0x000000079a080000)
 ParOldGen       total 87552K, used 4113K [0x0000000740000000, 0x0000000745580000, 0x0000000795580000)
  object space 87552K, 4% used [0x0000000740000000,0x00000007404046e0,0x0000000745580000)
 Metaspace       used 14942K, capacity 15132K, committed 15360K, reserved 1062912K
  class space    used 1838K, capacity 1938K, committed 2048K, reserved 1048576K
}
Event: 2.073 GC heap before
{Heap before GC invocations=4 (full 0):
 PSYoungGen      total 38400K, used 38368K [0x0000000795580000, 0x000000079a080000, 0x00000007c0000000)
  eden space 33280K, 100% used [0x0000000795580000,0x0000000797600000,0x0000000797600000)
  from space 5120K, 99% used [0x0000000797600000,0x0000000797af8040,0x0000000797b00000)
  to   space 5120K, 0% used [0x0000000799b80000,0x0000000799b80000,0x000000079a080000)
 ParOldGen       total 87552K, used 4113K [0x0000000740000000, 0x0000000745580000, 0x0000000795580000)
  object space 87552K, 4% used [0x0000000740000000,0x00000007404046e0,0x0000000745580000)
 Metaspace       used 15972K, capacity 16306K, committed 16512K, reserved 1062912K
  class space    used 1946K, capacity 2051K, committed 2176K, reserved 1048576K
Event: 2.082 GC heap after
Heap after GC invocations=4 (full 0):
 PSYoungGen      total 71680K, used 5088K [0x0000000795580000, 0x000000079a080000, 0x00000007c0000000)
  eden space 66560K, 0% used [0x0000000795580000,0x0000000795580000,0x0000000799680000)
  from space 5120K, 99% used [0x0000000799b80000,0x000000079a078020,0x000000079a080000)
  to   space 5120K, 0% used [0x0000000799680000,0x0000000799680000,0x0000000799b80000)
 ParOldGen       total 87552K, used 6319K [0x0000000740000000, 0x0000000745580000, 0x0000000795580000)
  object space 87552K, 7% used [0x0000000740000000,0x000000074062bdf0,0x0000000745580000)
 Metaspace       used 15972K, capacity 16306K, committed 16512K, reserved 1062912K
  class space    used 1946K, capacity 2051K, committed 2176K, reserved 1048576K
}
Event: 2.828 GC heap before
{Heap before GC invocations=5 (full 0):
 PSYoungGen      total 71680K, used 51002K [0x0000000795580000, 0x000000079a080000, 0x00000007c0000000)
  eden space 66560K, 68% used [0x0000000795580000,0x0000000798256910,0x0000000799680000)
  from space 5120K, 99% used [0x0000000799b80000,0x000000079a078020,0x000000079a080000)
  to   space 5120K, 0% used [0x0000000799680000,0x0000000799680000,0x0000000799b80000)
 ParOldGen       total 87552K, used 6319K [0x0000000740000000, 0x0000000745580000, 0x0000000795580000)
  object space 87552K, 7% used [0x0000000740000000,0x000000074062bdf0,0x0000000745580000)
 Metaspace       used 20771K, capacity 21178K, committed 21296K, reserved 1069056K
  class space    used 2535K, capacity 2675K, committed 2688K, reserved 1048576K
Event: 2.846 GC heap after
Heap after GC invocations=5 (full 0):
 PSYoungGen      total 71680K, used 5097K [0x0000000795580000, 0x000000079ef80000, 0x00000007c0000000)
  eden space 66560K, 0% used [0x0000000795580000,0x0000000795580000,0x0000000799680000)
  from space 5120K, 99% used [0x0000000799680000,0x0000000799b7a550,0x0000000799b80000)
  to   space 12288K, 0% used [0x000000079e380000,0x000000079e380000,0x000000079ef80000)
 ParOldGen       total 87552K, used 13833K [0x0000000740000000, 0x0000000745580000, 0x0000000795580000)
  object space 87552K, 15% used [0x0000000740000000,0x0000000740d824c0,0x0000000745580000)
 Metaspace       used 20771K, capacity 21178K, committed 21296K, reserved 1069056K
  class space    used 2535K, capacity 2675K, committed 2688K, reserved 1048576K
}
Event: 2.846 GC heap before
{Heap before GC invocations=6 (full 1):
 PSYoungGen      total 71680K, used 5097K [0x0000000795580000, 0x000000079ef80000, 0x00000007c0000000)
  eden space 66560K, 0% used [0x0000000795580000,0x0000000795580000,0x0000000799680000)
  from space 5120K, 99% used [0x0000000799680000,0x0000000799b7a550,0x0000000799b80000)
  to   space 12288K, 0% used [0x000000079e380000,0x000000079e380000,0x000000079ef80000)
 ParOldGen       total 87552K, used 13833K [0x0000000740000000, 0x0000000745580000, 0x0000000795580000)
  object space 87552K, 15% used [0x0000000740000000,0x0000000740d824c0,0x0000000745580000)
 Metaspace       used 20771K, capacity 21178K, committed 21296K, reserved 1069056K
  class space    used 2535K, capacity 2675K, committed 2688K, reserved 1048576K
Event: 2.932 GC heap after
Heap after GC invocations=6 (full 1):
 PSYoungGen      total 71680K, used 0K [0x0000000795580000, 0x000000079ef80000, 0x00000007c0000000)
  eden space 66560K, 0% used [0x0000000795580000,0x0000000795580000,0x0000000799680000)
  from space 5120K, 0% used [0x0000000799680000,0x0000000799680000,0x0000000799b80000)
  to   space 12288K, 0% used [0x000000079e380000,0x000000079e380000,0x000000079ef80000)
 ParOldGen       total 76288K, used 14011K [0x0000000740000000, 0x0000000744a80000, 0x0000000795580000)
  object space 76288K, 18% used [0x0000000740000000,0x0000000740daec50,0x0000000744a80000)
 Metaspace       used 20771K, capacity 21178K, committed 21296K, reserved 1069056K
  class space    used 2535K, capacity 2675K, committed 2688K, reserved 1048576K
}
Event: 4.769 GC heap before
{Heap before GC invocations=7 (full 1):
 PSYoungGen      total 71680K, used 66560K [0x0000000795580000, 0x000000079ef80000, 0x00000007c0000000)
  eden space 66560K, 100% used [0x0000000795580000,0x0000000799680000,0x0000000799680000)
  from space 5120K, 0% used [0x0000000799680000,0x0000000799680000,0x0000000799b80000)
  to   space 12288K, 0% used [0x000000079e380000,0x000000079e380000,0x000000079ef80000)
 ParOldGen       total 76288K, used 14011K [0x0000000740000000, 0x0000000744a80000, 0x0000000795580000)
  object space 76288K, 18% used [0x0000000740000000,0x0000000740daec50,0x0000000744a80000)
 Metaspace       used 25021K, capacity 25658K, committed 25856K, reserved 1071104K
  class space    used 3004K, capacity 3224K, committed 3328K, reserved 1048576K
Event: 4.775 GC heap after
Heap after GC invocations=7 (full 1):
 PSYoungGen      total 92672K, used 4714K [0x0000000795580000, 0x000000079e880000, 0x00000007c0000000)
  eden space 87552K, 0% used [0x0000000795580000,0x0000000795580000,0x000000079ab00000)
  from space 5120K, 92% used [0x000000079e380000,0x000000079e81aa00,0x000000079e880000)
  to   space 12800K, 0% used [0x000000079cf80000,0x000000079cf80000,0x000000079dc00000)
 ParOldGen       total 76288K, used 14019K [0x0000000740000000, 0x0000000744a80000, 0x0000000795580000)
  object space 76288K, 18% used [0x0000000740000000,0x0000000740db0c50,0x0000000744a80000)
 Metaspace       used 25021K, capacity 25658K, committed 25856K, reserved 1071104K
  class space    used 3004K, capacity 3224K, committed 3328K, reserved 1048576K
}

