# JRE version: Java(TM) SE Runtime Environment (8.0_144-b01) (build 1.8.0_144-b01)
# Java VM: Java HotSpot(TM) 64-Bit Server VM (25.144-b01 mixed mode bsd-amd64 compressed oops)
Heap:
 PSYoungGen      total 171520K, used 90222K [0x0000000795580000, 0x00000007a3b80000, 0x00000007c0000000)
  eden space 158208K, 48% used [0x0000000795580000,0x000000079a0a6968,0x000000079f000000)
  from space 13312K, 99% used [0x00000007a2580000,0x00000007a32750a0,0x00000007a3280000)
  to   space 9216K, 0% used [0x00000007a3280000,0x00000007a3280000,0x00000007a3b80000)
 ParOldGen       total 76800K, used 15488K [0x0000000740000000, 0x0000000744b00000, 0x0000000795580000)
  object space 76800K, 20% used [0x0000000740000000,0x0000000740f20198,0x0000000744b00000)
 Metaspace       used 29924K, capacity 30582K, committed 30720K, reserved 1077248K
  class space    used 3565K, capacity 3788K, committed 3840K, reserved 1048576K
GC Heap History (10 events):
Event: 236.638 GC heap before
{Heap before GC invocations=16 (full 1):
 PSYoungGen      total 202752K, used 202025K [0x0000000795580000, 0x00000007a5d00000, 0x00000007c0000000)
  eden space 191488K, 99% used [0x0000000795580000,0x00000007a0fd1678,0x00000007a1080000)
  from space 11264K, 99% used [0x00000007a5200000,0x00000007a5cf9060,0x00000007a5d00000)
  to   space 16896K, 0% used [0x00000007a3c00000,0x00000007a3c00000,0x00000007a4c80000)
 ParOldGen       total 76800K, used 15472K [0x0000000740000000, 0x0000000744b00000, 0x0000000795580000)
  object space 76800K, 20% used [0x0000000740000000,0x0000000740f1c198,0x0000000744b00000)
 Metaspace       used 29914K, capacity 30582K, committed 30720K, reserved 1077248K
  class space    used 3565K, capacity 3788K, committed 3840K, reserved 1048576K
Event: 236.676 GC heap after
Heap after GC invocations=16 (full 1):
 PSYoungGen      total 193536K, used 9057K [0x0000000795580000, 0x00000007a5280000, 0x00000007c0000000)
  eden space 184320K, 0% used [0x0000000795580000,0x0000000795580000,0x00000007a0980000)
  from space 9216K, 98% used [0x00000007a3c00000,0x00000007a44d84a0,0x00000007a4500000)
  to   space 13824K, 0% used [0x00000007a4500000,0x00000007a4500000,0x00000007a5280000)
 ParOldGen       total 76800K, used 15480K [0x0000000740000000, 0x0000000744b00000, 0x0000000795580000)
  object space 76800K, 20% used [0x0000000740000000,0x0000000740f1e198,0x0000000744b00000)
 Metaspace       used 29914K, capacity 30582K, committed 30720K, reserved 1077248K
  class space    used 3565K, capacity 3788K, committed 3840K, reserved 1048576K
}
Event: 251.402 GC heap before
{Heap before GC invocations=17 (full 1):
 PSYoungGen      total 193536K, used 189787K [0x0000000795580000, 0x00000007a5280000, 0x00000007c0000000)
  eden space 184320K, 98% used [0x0000000795580000,0x00000007a05fe7b8,0x00000007a0980000)
  from space 9216K, 98% used [0x00000007a3c00000,0x00000007a44d84a0,0x00000007a4500000)
  to   space 13824K, 0% used [0x00000007a4500000,0x00000007a4500000,0x00000007a5280000)
 ParOldGen       total 76800K, used 15480K [0x0000000740000000, 0x0000000744b00000, 0x0000000795580000)
  object space 76800K, 20% used [0x0000000740000000,0x0000000740f1e198,0x0000000744b00000)
 Metaspace       used 29917K, capacity 30582K, committed 30720K, reserved 1077248K
  class space    used 3565K, capacity 3788K, committed 3840K, reserved 1048576K
Event: 251.431 GC heap after
Heap after GC invocations=17 (full 1):
 PSYoungGen      total 188416K, used 11042K [0x0000000795580000, 0x00000007a5000000, 0x00000007c0000000)
  eden space 177152K, 0% used [0x0000000795580000,0x0000000795580000,0x00000007a0280000)
  from space 11264K, 98% used [0x00000007a4500000,0x00000007a4fc8890,0x00000007a5000000)
  to   space 16384K, 0% used [0x00000007a3000000,0x00000007a3000000,0x00000007a4000000)
 ParOldGen       total 76800K, used 15480K [0x0000000740000000, 0x0000000744b00000, 0x0000000795580000)
  object space 76800K, 20% used [0x0000000740000000,0x0000000740f1e198,0x0000000744b00000)
 Metaspace       used 29917K, capacity 30582K, committed 30720K, reserved 1077248K
  class space    used 3565K, capacity 3788K, committed 3840K, reserved 1048576K
}
Event: 266.691 GC heap before
{Heap before GC invocations=18 (full 1):
 PSYoungGen      total 188416K, used 185719K [0x0000000795580000, 0x00000007a5000000, 0x00000007c0000000)
  eden space 177152K, 98% used [0x0000000795580000,0x00000007a0015528,0x00000007a0280000)
  from space 11264K, 98% used [0x00000007a4500000,0x00000007a4fc8890,0x00000007a5000000)
  to   space 16384K, 0% used [0x00000007a3000000,0x00000007a3000000,0x00000007a4000000)
 ParOldGen       total 76800K, used 15480K [0x0000000740000000, 0x0000000744b00000, 0x0000000795580000)
  object space 76800K, 20% used [0x0000000740000000,0x0000000740f1e198,0x0000000744b00000)
 Metaspace       used 29917K, capacity 30582K, committed 30720K, reserved 1077248K
  class space    used 3565K, capacity 3788K, committed 3840K, reserved 1048576K
Event: 266.700 GC heap after
Heap after GC invocations=18 (full 1):
 PSYoungGen      total 181760K, used 11220K [0x0000000795580000, 0x00000007a4580000, 0x00000007c0000000)
  eden space 170496K, 0% used [0x0000000795580000,0x0000000795580000,0x000000079fc00000)
  from space 11264K, 99% used [0x00000007a3000000,0x00000007a3af5090,0x00000007a3b00000)
  to   space 10752K, 0% used [0x00000007a3b00000,0x00000007a3b00000,0x00000007a4580000)
 ParOldGen       total 76800K, used 15480K [0x0000000740000000, 0x0000000744b00000, 0x0000000795580000)
  object space 76800K, 20% used [0x0000000740000000,0x0000000740f1e198,0x0000000744b00000)
 Metaspace       used 29917K, capacity 30582K, committed 30720K, reserved 1077248K
  class space    used 3565K, capacity 3788K, committed 3840K, reserved 1048576K
}
Event: 276.814 GC heap before
{Heap before GC invocations=19 (full 1):
 PSYoungGen      total 181760K, used 181651K [0x0000000795580000, 0x00000007a4580000, 0x00000007c0000000)
  eden space 170496K, 99% used [0x0000000795580000,0x000000079fbefee0,0x000000079fc00000)
  from space 11264K, 99% used [0x00000007a3000000,0x00000007a3af5090,0x00000007a3b00000)
  to   space 10752K, 0% used [0x00000007a3b00000,0x00000007a3b00000,0x00000007a4580000)
 ParOldGen       total 76800K, used 15480K [0x0000000740000000, 0x0000000744b00000, 0x0000000795580000)
  object space 76800K, 20% used [0x0000000740000000,0x0000000740f1e198,0x0000000744b00000)
 Metaspace       used 29919K, capacity 30582K, committed 30720K, reserved 1077248K
  class space    used 3565K, capacity 3788K, committed 3840K, reserved 1048576K
Event: 276.823 GC heap after
Heap after GC invocations=19 (full 1):
 PSYoungGen      total 174080K, used 9625K [0x0000000795580000, 0x00000007a4480000, 0x00000007c0000000)
  eden space 164352K, 0% used [0x0000000795580000,0x0000000795580000,0x000000079f600000)
  from space 9728K, 98% used [0x00000007a3b00000,0x00000007a4466500,0x00000007a4480000)
  to   space 15872K, 0% used [0x00000007a2580000,0x00000007a2580000,0x00000007a3500000)
 ParOldGen       total 76800K, used 15488K [0x0000000740000000, 0x0000000744b00000, 0x0000000795580000)
  object space 76800K, 20% used [0x0000000740000000,0x0000000740f20198,0x0000000744b00000)
 Metaspace       used 29919K, capacity 30582K, committed 30720K, reserved 1077248K
  class space    used 3565K, capacity 3788K, committed 3840K, reserved 1048576K
}
Event: 285.078 GC heap before
{Heap before GC invocations=20 (full 1):
 PSYoungGen      total 174080K, used 173977K [0x0000000795580000, 0x00000007a4480000, 0x00000007c0000000)
  eden space 164352K, 100% used [0x0000000795580000,0x000000079f600000,0x000000079f600000)
  from space 9728K, 98% used [0x00000007a3b00000,0x00000007a4466500,0x00000007a4480000)
  to   space 15872K, 0% used [0x00000007a2580000,0x00000007a2580000,0x00000007a3500000)
 ParOldGen       total 76800K, used 15488K [0x0000000740000000, 0x0000000744b00000, 0x0000000795580000)
  object space 76800K, 20% used [0x0000000740000000,0x0000000740f20198,0x0000000744b00000)
 Metaspace       used 29922K, capacity 30582K, committed 30720K, reserved 1077248K
  class space    used 3565K, capacity 3788K, committed 3840K, reserved 1048576K
Event: 285.091 GC heap after
Heap after GC invocations=20 (full 1):
 PSYoungGen      total 171520K, used 13268K [0x0000000795580000, 0x00000007a3b80000, 0x00000007c0000000)
  eden space 158208K, 0% used [0x0000000795580000,0x0000000795580000,0x000000079f000000)
  from space 13312K, 99% used [0x00000007a2580000,0x00000007a32750a0,0x00000007a3280000)
  to   space 9216K, 0% used [0x00000007a3280000,0x00000007a3280000,0x00000007a3b80000)
 ParOldGen       total 76800K, used 15488K [0x0000000740000000, 0x0000000744b00000, 0x0000000795580000)
  object space 76800K, 20% used [0x0000000740000000,0x0000000740f20198,0x0000000744b00000)
 Metaspace       used 29922K, capacity 30582K, committed 30720K, reserved 1077248K
  class space    used 3565K, capacity 3788K, committed 3840K, reserved 1048576K
}

