# JRE version: Java(TM) SE Runtime Environment (8.0_144-b01) (build 1.8.0_144-b01)
# Java VM: Java HotSpot(TM) 64-Bit Server VM (25.144-b01 mixed mode bsd-amd64 compressed oops)
Heap:
 PSYoungGen      total 138240K, used 49803K [0x0000000795580000, 0x000000079f000000, 0x00000007c0000000)
  eden space 125440K, 32% used [0x0000000795580000,0x0000000797dbe3a0,0x000000079d000000)
  from space 12800K, 67% used [0x000000079d000000,0x000000079d864bf0,0x000000079dc80000)
  to   space 12800K, 0% used [0x000000079e380000,0x000000079e380000,0x000000079f000000)
 ParOldGen       total 72704K, used 14012K [0x0000000740000000, 0x0000000744700000, 0x0000000795580000)
  object space 72704K, 19% used [0x0000000740000000,0x0000000740daf340,0x0000000744700000)
 Metaspace       used 29256K, capacity 29942K, committed 30208K, reserved 1075200K
  class space    used 3559K, capacity 3788K, committed 3840K, reserved 1048576K
GC Heap History (10 events):
Event: 1.509 GC heap before
{Heap before GC invocations=4 (full 0):
 PSYoungGen      total 38400K, used 38368K [0x0000000795580000, 0x000000079a080000, 0x00000007c0000000)
  eden space 33280K, 100% used [0x0000000795580000,0x0000000797600000,0x0000000797600000)
  from space 5120K, 99% used [0x0000000797600000,0x0000000797af8020,0x0000000797b00000)
  to   space 5120K, 0% used [0x0000000799b80000,0x0000000799b80000,0x000000079a080000)
 ParOldGen       total 87552K, used 4125K [0x0000000740000000, 0x0000000745580000, 0x0000000795580000)
  object space 87552K, 4% used [0x0000000740000000,0x00000007404074c8,0x0000000745580000)
 Metaspace       used 15960K, capacity 16306K, committed 16512K, reserved 1062912K
  class space    used 1945K, capacity 2051K, committed 2176K, reserved 1048576K
Event: 1.518 GC heap after
Heap after GC invocations=4 (full 0):
 PSYoungGen      total 71680K, used 5088K [0x0000000795580000, 0x000000079a080000, 0x00000007c0000000)
  eden space 66560K, 0% used [0x0000000795580000,0x0000000795580000,0x0000000799680000)
  from space 5120K, 99% used [0x0000000799b80000,0x000000079a078040,0x000000079a080000)
  to   space 5120K, 0% used [0x0000000799680000,0x0000000799680000,0x0000000799b80000)
 ParOldGen       total 87552K, used 6577K [0x0000000740000000, 0x0000000745580000, 0x0000000795580000)
  object space 87552K, 7% used [0x0000000740000000,0x000000074066c438,0x0000000745580000)
 Metaspace       used 15960K, capacity 16306K, committed 16512K, reserved 1062912K
  class space    used 1945K, capacity 2051K, committed 2176K, reserved 1048576K
}
Event: 2.054 GC heap before
{Heap before GC invocations=5 (full 0):
 PSYoungGen      total 71680K, used 49947K [0x0000000795580000, 0x000000079a080000, 0x00000007c0000000)
  eden space 66560K, 67% used [0x0000000795580000,0x000000079814ee58,0x0000000799680000)
  from space 5120K, 99% used [0x0000000799b80000,0x000000079a078040,0x000000079a080000)
  to   space 5120K, 0% used [0x0000000799680000,0x0000000799680000,0x0000000799b80000)
 ParOldGen       total 87552K, used 6577K [0x0000000740000000, 0x0000000745580000, 0x0000000795580000)
  object space 87552K, 7% used [0x0000000740000000,0x000000074066c438,0x0000000745580000)
 Metaspace       used 20745K, capacity 21174K, committed 21296K, reserved 1069056K
  class space    used 2530K, capacity 2675K, committed 2688K, reserved 1048576K
Event: 2.067 GC heap after
Heap after GC invocations=5 (full 0):
 PSYoungGen      total 71680K, used 5104K [0x0000000795580000, 0x000000079f080000, 0x00000007c0000000)
  eden space 66560K, 0% used [0x0000000795580000,0x0000000795580000,0x0000000799680000)
  from space 5120K, 99% used [0x0000000799680000,0x0000000799b7c030,0x0000000799b80000)
  to   space 12800K, 0% used [0x000000079e400000,0x000000079e400000,0x000000079f080000)
 ParOldGen       total 87552K, used 14119K [0x0000000740000000, 0x0000000745580000, 0x0000000795580000)
  object space 87552K, 16% used [0x0000000740000000,0x0000000740dc9da0,0x0000000745580000)
 Metaspace       used 20745K, capacity 21174K, committed 21296K, reserved 1069056K
  class space    used 2530K, capacity 2675K, committed 2688K, reserved 1048576K
}
Event: 2.067 GC heap before
{Heap before GC invocations=6 (full 1):
 PSYoungGen      total 71680K, used 5104K [0x0000000795580000, 0x000000079f080000, 0x00000007c0000000)
  eden space 66560K, 0% used [0x0000000795580000,0x0000000795580000,0x0000000799680000)
  from space 5120K, 99% used [0x0000000799680000,0x0000000799b7c030,0x0000000799b80000)
  to   space 12800K, 0% used [0x000000079e400000,0x000000079e400000,0x000000079f080000)
 ParOldGen       total 87552K, used 14119K [0x0000000740000000, 0x0000000745580000, 0x0000000795580000)
  object space 87552K, 16% used [0x0000000740000000,0x0000000740dc9da0,0x0000000745580000)
 Metaspace       used 20745K, capacity 21174K, committed 21296K, reserved 1069056K
  class space    used 2530K, capacity 2675K, committed 2688K, reserved 1048576K
Event: 2.115 GC heap after
Heap after GC invocations=6 (full 1):
 PSYoungGen      total 71680K, used 0K [0x0000000795580000, 0x000000079f080000, 0x00000007c0000000)
  eden space 66560K, 0% used [0x0000000795580000,0x0000000795580000,0x0000000799680000)
  from space 5120K, 0% used [0x0000000799680000,0x0000000799680000,0x0000000799b80000)
  to   space 12800K, 0% used [0x000000079e400000,0x000000079e400000,0x000000079f080000)
 ParOldGen       total 72704K, used 13996K [0x0000000740000000, 0x0000000744700000, 0x0000000795580000)
  object space 72704K, 19% used [0x0000000740000000,0x0000000740dab340,0x0000000744700000)
 Metaspace       used 20745K, capacity 21174K, committed 21296K, reserved 1069056K
  class space    used 2530K, capacity 2675K, committed 2688K, reserved 1048576K
}
Event: 3.478 GC heap before
{Heap before GC invocations=7 (full 1):
 PSYoungGen      total 71680K, used 66560K [0x0000000795580000, 0x000000079f080000, 0x00000007c0000000)
  eden space 66560K, 100% used [0x0000000795580000,0x0000000799680000,0x0000000799680000)
  from space 5120K, 0% used [0x0000000799680000,0x0000000799680000,0x0000000799b80000)
  to   space 12800K, 0% used [0x000000079e400000,0x000000079e400000,0x000000079f080000)
 ParOldGen       total 72704K, used 13996K [0x0000000740000000, 0x0000000744700000, 0x0000000795580000)
  object space 72704K, 19% used [0x0000000740000000,0x0000000740dab340,0x0000000744700000)
 Metaspace       used 25174K, capacity 25782K, committed 26112K, reserved 1073152K
  class space    used 3004K, capacity 3224K, committed 3328K, reserved 1048576K
Event: 3.496 GC heap after
Heap after GC invocations=7 (full 1):
 PSYoungGen      total 101376K, used 4747K [0x0000000795580000, 0x000000079e900000, 0x00000007c0000000)
  eden space 96256K, 0% used [0x0000000795580000,0x0000000795580000,0x000000079b380000)
  from space 5120K, 92% used [0x000000079e400000,0x000000079e8a2f38,0x000000079e900000)
  to   space 12800K, 0% used [0x000000079d000000,0x000000079d000000,0x000000079dc80000)
 ParOldGen       total 72704K, used 14004K [0x0000000740000000, 0x0000000744700000, 0x0000000795580000)
  object space 72704K, 19% used [0x0000000740000000,0x0000000740dad340,0x0000000744700000)
 Metaspace       used 25174K, capacity 25782K, committed 26112K, reserved 1073152K
  class space    used 3004K, capacity 3224K, committed 3328K, reserved 1048576K
}
Event: 22.416 GC heap before
{Heap before GC invocations=8 (full 1):
 PSYoungGen      total 101376K, used 101003K [0x0000000795580000, 0x000000079e900000, 0x00000007c0000000)
  eden space 96256K, 100% used [0x0000000795580000,0x000000079b380000,0x000000079b380000)
  from space 5120K, 92% used [0x000000079e400000,0x000000079e8a2f38,0x000000079e900000)
  to   space 12800K, 0% used [0x000000079d000000,0x000000079d000000,0x000000079dc80000)
 ParOldGen       total 72704K, used 14004K [0x0000000740000000, 0x0000000744700000, 0x0000000795580000)
  object space 72704K, 19% used [0x0000000740000000,0x0000000740dad340,0x0000000744700000)
 Metaspace       used 29231K, capacity 29878K, committed 29952K, reserved 1075200K
  class space    used 3559K, capacity 3788K, committed 3840K, reserved 1048576K
Event: 22.426 GC heap after
Heap after GC invocations=8 (full 1):
 PSYoungGen      total 138240K, used 8594K [0x0000000795580000, 0x000000079f000000, 0x00000007c0000000)
  eden space 125440K, 0% used [0x0000000795580000,0x0000000795580000,0x000000079d000000)
  from space 12800K, 67% used [0x000000079d000000,0x000000079d864bf0,0x000000079dc80000)
  to   space 12800K, 0% used [0x000000079e380000,0x000000079e380000,0x000000079f000000)
 ParOldGen       total 72704K, used 14012K [0x0000000740000000, 0x0000000744700000, 0x0000000795580000)
  object space 72704K, 19% used [0x0000000740000000,0x0000000740daf340,0x0000000744700000)
 Metaspace       used 29231K, capacity 29878K, committed 29952K, reserved 1075200K
  class space    used 3559K, capacity 3788K, committed 3840K, reserved 1048576K
}

