# JRE version: Java(TM) SE Runtime Environment (8.0_144-b01) (build 1.8.0_144-b01)
# Java VM: Java HotSpot(TM) 64-Bit Server VM (25.144-b01 mixed mode bsd-amd64 compressed oops)
Heap:
 PSYoungGen      total 128000K, used 32463K [0x0000000795580000, 0x000000079e480000, 0x00000007c0000000)
  eden space 118784K, 19% used [0x0000000795580000,0x0000000796cb32c0,0x000000079c980000)
  from space 9216K, 94% used [0x000000079cf80000,0x000000079d800cc0,0x000000079d880000)
  to   space 12288K, 0% used [0x000000079d880000,0x000000079d880000,0x000000079e480000)
 ParOldGen       total 74240K, used 14051K [0x0000000740000000, 0x0000000744880000, 0x0000000795580000)
  object space 74240K, 18% used [0x0000000740000000,0x0000000740db8ce0,0x0000000744880000)
 Metaspace       used 29100K, capacity 29754K, committed 29952K, reserved 1075200K
  class space    used 3560K, capacity 3788K, committed 3840K, reserved 1048576K
GC Heap History (10 events):
Event: 1.948 GC heap before
{Heap before GC invocations=4 (full 0):
 PSYoungGen      total 38400K, used 38400K [0x0000000795580000, 0x000000079a080000, 0x00000007c0000000)
  eden space 33280K, 100% used [0x0000000795580000,0x0000000797600000,0x0000000797600000)
  from space 5120K, 100% used [0x0000000797600000,0x0000000797b00000,0x0000000797b00000)
  to   space 5120K, 0% used [0x0000000799b80000,0x0000000799b80000,0x000000079a080000)
 ParOldGen       total 87552K, used 4068K [0x0000000740000000, 0x0000000745580000, 0x0000000795580000)
  object space 87552K, 4% used [0x0000000740000000,0x00000007403f9270,0x0000000745580000)
 Metaspace       used 15891K, capacity 16242K, committed 16512K, reserved 1062912K
  class space    used 1946K, capacity 2051K, committed 2176K, reserved 1048576K
Event: 1.958 GC heap after
Heap after GC invocations=4 (full 0):
 PSYoungGen      total 71680K, used 5104K [0x0000000795580000, 0x000000079a080000, 0x00000007c0000000)
  eden space 66560K, 0% used [0x0000000795580000,0x0000000795580000,0x0000000799680000)
  from space 5120K, 99% used [0x0000000799b80000,0x000000079a07c010,0x000000079a080000)
  to   space 5120K, 0% used [0x0000000799680000,0x0000000799680000,0x0000000799b80000)
 ParOldGen       total 87552K, used 6444K [0x0000000740000000, 0x0000000745580000, 0x0000000795580000)
  object space 87552K, 7% used [0x0000000740000000,0x000000074064b3c8,0x0000000745580000)
 Metaspace       used 15891K, capacity 16242K, committed 16512K, reserved 1062912K
  class space    used 1946K, capacity 2051K, committed 2176K, reserved 1048576K
}
Event: 2.622 GC heap before
{Heap before GC invocations=5 (full 0):
 PSYoungGen      total 71680K, used 49719K [0x0000000795580000, 0x000000079a080000, 0x00000007c0000000)
  eden space 66560K, 67% used [0x0000000795580000,0x0000000798111dd8,0x0000000799680000)
  from space 5120K, 99% used [0x0000000799b80000,0x000000079a07c010,0x000000079a080000)
  to   space 5120K, 0% used [0x0000000799680000,0x0000000799680000,0x0000000799b80000)
 ParOldGen       total 87552K, used 6444K [0x0000000740000000, 0x0000000745580000, 0x0000000795580000)
  object space 87552K, 7% used [0x0000000740000000,0x000000074064b3c8,0x0000000745580000)
 Metaspace       used 20766K, capacity 21178K, committed 21296K, reserved 1069056K
  class space    used 2535K, capacity 2675K, committed 2688K, reserved 1048576K
Event: 2.636 GC heap after
Heap after GC invocations=5 (full 0):
 PSYoungGen      total 71680K, used 5104K [0x0000000795580000, 0x000000079f080000, 0x00000007c0000000)
  eden space 66560K, 0% used [0x0000000795580000,0x0000000795580000,0x0000000799680000)
  from space 5120K, 99% used [0x0000000799680000,0x0000000799b7c010,0x0000000799b80000)
  to   space 12800K, 0% used [0x000000079e400000,0x000000079e400000,0x000000079f080000)
 ParOldGen       total 87552K, used 13977K [0x0000000740000000, 0x0000000745580000, 0x0000000795580000)
  object space 87552K, 15% used [0x0000000740000000,0x0000000740da6768,0x0000000745580000)
 Metaspace       used 20766K, capacity 21178K, committed 21296K, reserved 1069056K
  class space    used 2535K, capacity 2675K, committed 2688K, reserved 1048576K
}
Event: 2.636 GC heap before
{Heap before GC invocations=6 (full 1):
 PSYoungGen      total 71680K, used 5104K [0x0000000795580000, 0x000000079f080000, 0x00000007c0000000)
  eden space 66560K, 0% used [0x0000000795580000,0x0000000795580000,0x0000000799680000)
  from space 5120K, 99% used [0x0000000799680000,0x0000000799b7c010,0x0000000799b80000)
  to   space 12800K, 0% used [0x000000079e400000,0x000000079e400000,0x000000079f080000)
 ParOldGen       total 87552K, used 13977K [0x0000000740000000, 0x0000000745580000, 0x0000000795580000)
  object space 87552K, 15% used [0x0000000740000000,0x0000000740da6768,0x0000000745580000)
 Metaspace       used 20766K, capacity 21178K, committed 21296K, reserved 1069056K
  class space    used 2535K, capacity 2675K, committed 2688K, reserved 1048576K
Event: 2.694 GC heap after
Heap after GC invocations=6 (full 1):
 PSYoungGen      total 71680K, used 0K [0x0000000795580000, 0x000000079f080000, 0x00000007c0000000)
  eden space 66560K, 0% used [0x0000000795580000,0x0000000795580000,0x0000000799680000)
  from space 5120K, 0% used [0x0000000799680000,0x0000000799680000,0x0000000799b80000)
  to   space 12800K, 0% used [0x000000079e400000,0x000000079e400000,0x000000079f080000)
 ParOldGen       total 74240K, used 14035K [0x0000000740000000, 0x0000000744880000, 0x0000000795580000)
  object space 74240K, 18% used [0x0000000740000000,0x0000000740db4ce0,0x0000000744880000)
 Metaspace       used 20766K, capacity 21178K, committed 21296K, reserved 1069056K
  class space    used 2535K, capacity 2675K, committed 2688K, reserved 1048576K
}
Event: 17.107 GC heap before
{Heap before GC invocations=7 (full 1):
 PSYoungGen      total 71680K, used 66560K [0x0000000795580000, 0x000000079f080000, 0x00000007c0000000)
  eden space 66560K, 100% used [0x0000000795580000,0x0000000799680000,0x0000000799680000)
  from space 5120K, 0% used [0x0000000799680000,0x0000000799680000,0x0000000799b80000)
  to   space 12800K, 0% used [0x000000079e400000,0x000000079e400000,0x000000079f080000)
 ParOldGen       total 74240K, used 14035K [0x0000000740000000, 0x0000000744880000, 0x0000000795580000)
  object space 74240K, 18% used [0x0000000740000000,0x0000000740db4ce0,0x0000000744880000)
 Metaspace       used 25003K, capacity 25658K, committed 25856K, reserved 1071104K
  class space    used 3004K, capacity 3224K, committed 3328K, reserved 1048576K
Event: 17.125 GC heap after
Heap after GC invocations=7 (full 1):
 PSYoungGen      total 95744K, used 4598K [0x0000000795580000, 0x000000079e880000, 0x00000007c0000000)
  eden space 91136K, 0% used [0x0000000795580000,0x0000000795580000,0x000000079ae80000)
  from space 4608K, 99% used [0x000000079e400000,0x000000079e87da58,0x000000079e880000)
  to   space 12800K, 0% used [0x000000079cf80000,0x000000079cf80000,0x000000079dc00000)
 ParOldGen       total 74240K, used 14043K [0x0000000740000000, 0x0000000744880000, 0x0000000795580000)
  object space 74240K, 18% used [0x0000000740000000,0x0000000740db6ce0,0x0000000744880000)
 Metaspace       used 25003K, capacity 25658K, committed 25856K, reserved 1071104K
  class space    used 3004K, capacity 3224K, committed 3328K, reserved 1048576K
}
Event: 376.202 GC heap before
{Heap before GC invocations=8 (full 1):
 PSYoungGen      total 95744K, used 95675K [0x0000000795580000, 0x000000079e880000, 0x00000007c0000000)
  eden space 91136K, 99% used [0x0000000795580000,0x000000079ae713f8,0x000000079ae80000)
  from space 4608K, 99% used [0x000000079e400000,0x000000079e87da58,0x000000079e880000)
  to   space 12800K, 0% used [0x000000079cf80000,0x000000079cf80000,0x000000079dc00000)
 ParOldGen       total 74240K, used 14043K [0x0000000740000000, 0x0000000744880000, 0x0000000795580000)
  object space 74240K, 18% used [0x0000000740000000,0x0000000740db6ce0,0x0000000744880000)
 Metaspace       used 29064K, capacity 29754K, committed 29952K, reserved 1075200K
  class space    used 3560K, capacity 3788K, committed 3840K, reserved 1048576K
Event: 376.218 GC heap after
Heap after GC invocations=8 (full 1):
 PSYoungGen      total 128000K, used 8707K [0x0000000795580000, 0x000000079e480000, 0x00000007c0000000)
  eden space 118784K, 0% used [0x0000000795580000,0x0000000795580000,0x000000079c980000)
  from space 9216K, 94% used [0x000000079cf80000,0x000000079d800cc0,0x000000079d880000)
  to   space 12288K, 0% used [0x000000079d880000,0x000000079d880000,0x000000079e480000)
 ParOldGen       total 74240K, used 14051K [0x0000000740000000, 0x0000000744880000, 0x0000000795580000)
  object space 74240K, 18% used [0x0000000740000000,0x0000000740db8ce0,0x0000000744880000)
 Metaspace       used 29064K, capacity 29754K, committed 29952K, reserved 1075200K
  class space    used 3560K, capacity 3788K, committed 3840K, reserved 1048576K
}

