# JRE version: Java(TM) SE Runtime Environment (8.0_144-b01) (build 1.8.0_144-b01)
# Java VM: Java HotSpot(TM) 64-Bit Server VM (25.144-b01 mixed mode bsd-amd64 compressed oops)
Heap:
 PSYoungGen      total 101376K, used 72174K [0x0000000795580000, 0x000000079e900000, 0x00000007c0000000)
  eden space 96256K, 70% used [0x0000000795580000,0x000000079975c948,0x000000079b380000)
  from space 5120K, 92% used [0x000000079e400000,0x000000079e89efc8,0x000000079e900000)
  to   space 12800K, 0% used [0x000000079d000000,0x000000079d000000,0x000000079dc80000)
 ParOldGen       total 71680K, used 14052K [0x0000000740000000, 0x0000000744600000, 0x0000000795580000)
  object space 71680K, 19% used [0x0000000740000000,0x0000000740db9090,0x0000000744600000)
 Metaspace       used 28959K, capacity 29690K, committed 29952K, reserved 1075200K
  class space    used 3563K, capacity 3788K, committed 3840K, reserved 1048576K
GC Heap History (10 events):
Event: 1.593 GC heap before
{Heap before GC invocations=3 (full 0):
 PSYoungGen      total 38400K, used 38385K [0x0000000795580000, 0x000000079a080000, 0x00000007c0000000)
  eden space 33280K, 100% used [0x0000000795580000,0x0000000797600000,0x0000000797600000)
  from space 5120K, 99% used [0x0000000797b00000,0x0000000797ffc5d0,0x0000000798000000)
  to   space 5120K, 0% used [0x0000000797600000,0x0000000797600000,0x0000000797b00000)
 ParOldGen       total 87552K, used 1631K [0x0000000740000000, 0x0000000745580000, 0x0000000795580000)
  object space 87552K, 1% used [0x0000000740000000,0x0000000740197c10,0x0000000745580000)
 Metaspace       used 14964K, capacity 15132K, committed 15360K, reserved 1062912K
  class space    used 1840K, capacity 1938K, committed 2048K, reserved 1048576K
Event: 1.603 GC heap after
Heap after GC invocations=3 (full 0):
 PSYoungGen      total 38400K, used 5120K [0x0000000795580000, 0x000000079a080000, 0x00000007c0000000)
  eden space 33280K, 0% used [0x0000000795580000,0x0000000795580000,0x0000000797600000)
  from space 5120K, 100% used [0x0000000797600000,0x0000000797b00000,0x0000000797b00000)
  to   space 5120K, 0% used [0x0000000799b80000,0x0000000799b80000,0x000000079a080000)
 ParOldGen       total 87552K, used 3941K [0x0000000740000000, 0x0000000745580000, 0x0000000795580000)
  object space 87552K, 4% used [0x0000000740000000,0x00000007403d9568,0x0000000745580000)
 Metaspace       used 14964K, capacity 15132K, committed 15360K, reserved 1062912K
  class space    used 1840K, capacity 1938K, committed 2048K, reserved 1048576K
}
Event: 2.009 GC heap before
{Heap before GC invocations=4 (full 0):
 PSYoungGen      total 38400K, used 38400K [0x0000000795580000, 0x000000079a080000, 0x00000007c0000000)
  eden space 33280K, 100% used [0x0000000795580000,0x0000000797600000,0x0000000797600000)
  from space 5120K, 100% used [0x0000000797600000,0x0000000797b00000,0x0000000797b00000)
  to   space 5120K, 0% used [0x0000000799b80000,0x0000000799b80000,0x000000079a080000)
 ParOldGen       total 87552K, used 3941K [0x0000000740000000, 0x0000000745580000, 0x0000000795580000)
  object space 87552K, 4% used [0x0000000740000000,0x00000007403d9568,0x0000000745580000)
 Metaspace       used 15953K, capacity 16306K, committed 16512K, reserved 1062912K
  class space    used 1946K, capacity 2051K, committed 2176K, reserved 1048576K
Event: 2.023 GC heap after
Heap after GC invocations=4 (full 0):
 PSYoungGen      total 71680K, used 5088K [0x0000000795580000, 0x000000079a080000, 0x00000007c0000000)
  eden space 66560K, 0% used [0x0000000795580000,0x0000000795580000,0x0000000799680000)
  from space 5120K, 99% used [0x0000000799b80000,0x000000079a078020,0x000000079a080000)
  to   space 5120K, 0% used [0x0000000799680000,0x0000000799680000,0x0000000799b80000)
 ParOldGen       total 87552K, used 6397K [0x0000000740000000, 0x0000000745580000, 0x0000000795580000)
  object space 87552K, 7% used [0x0000000740000000,0x000000074063f6c0,0x0000000745580000)
 Metaspace       used 15953K, capacity 16306K, committed 16512K, reserved 1062912K
  class space    used 1946K, capacity 2051K, committed 2176K, reserved 1048576K
}
Event: 2.574 GC heap before
{Heap before GC invocations=5 (full 0):
 PSYoungGen      total 71680K, used 50411K [0x0000000795580000, 0x000000079a080000, 0x00000007c0000000)
  eden space 66560K, 68% used [0x0000000795580000,0x00000007981c2c98,0x0000000799680000)
  from space 5120K, 99% used [0x0000000799b80000,0x000000079a078020,0x000000079a080000)
  to   space 5120K, 0% used [0x0000000799680000,0x0000000799680000,0x0000000799b80000)
 ParOldGen       total 87552K, used 6397K [0x0000000740000000, 0x0000000745580000, 0x0000000795580000)
  object space 87552K, 7% used [0x0000000740000000,0x000000074063f6c0,0x0000000745580000)
 Metaspace       used 20769K, capacity 21178K, committed 21296K, reserved 1069056K
  class space    used 2545K, capacity 2675K, committed 2688K, reserved 1048576K
Event: 2.590 GC heap after
Heap after GC invocations=5 (full 0):
 PSYoungGen      total 71680K, used 5104K [0x0000000795580000, 0x000000079f080000, 0x00000007c0000000)
  eden space 66560K, 0% used [0x0000000795580000,0x0000000795580000,0x0000000799680000)
  from space 5120K, 99% used [0x0000000799680000,0x0000000799b7c010,0x0000000799b80000)
  to   space 12800K, 0% used [0x000000079e400000,0x000000079e400000,0x000000079f080000)
 ParOldGen       total 87552K, used 14017K [0x0000000740000000, 0x0000000745580000, 0x0000000795580000)
  object space 87552K, 16% used [0x0000000740000000,0x0000000740db0658,0x0000000745580000)
 Metaspace       used 20769K, capacity 21178K, committed 21296K, reserved 1069056K
  class space    used 2545K, capacity 2675K, committed 2688K, reserved 1048576K
}
Event: 2.590 GC heap before
{Heap before GC invocations=6 (full 1):
 PSYoungGen      total 71680K, used 5104K [0x0000000795580000, 0x000000079f080000, 0x00000007c0000000)
  eden space 66560K, 0% used [0x0000000795580000,0x0000000795580000,0x0000000799680000)
  from space 5120K, 99% used [0x0000000799680000,0x0000000799b7c010,0x0000000799b80000)
  to   space 12800K, 0% used [0x000000079e400000,0x000000079e400000,0x000000079f080000)
 ParOldGen       total 87552K, used 14017K [0x0000000740000000, 0x0000000745580000, 0x0000000795580000)
  object space 87552K, 16% used [0x0000000740000000,0x0000000740db0658,0x0000000745580000)
 Metaspace       used 20769K, capacity 21178K, committed 21296K, reserved 1069056K
  class space    used 2545K, capacity 2675K, committed 2688K, reserved 1048576K
Event: 2.647 GC heap after
Heap after GC invocations=6 (full 1):
 PSYoungGen      total 71680K, used 0K [0x0000000795580000, 0x000000079f080000, 0x00000007c0000000)
  eden space 66560K, 0% used [0x0000000795580000,0x0000000795580000,0x0000000799680000)
  from space 5120K, 0% used [0x0000000799680000,0x0000000799680000,0x0000000799b80000)
  to   space 12800K, 0% used [0x000000079e400000,0x000000079e400000,0x000000079f080000)
 ParOldGen       total 71680K, used 14044K [0x0000000740000000, 0x0000000744600000, 0x0000000795580000)
  object space 71680K, 19% used [0x0000000740000000,0x0000000740db7090,0x0000000744600000)
 Metaspace       used 20769K, capacity 21178K, committed 21296K, reserved 1069056K
  class space    used 2545K, capacity 2675K, committed 2688K, reserved 1048576K
}
Event: 3.724 GC heap before
{Heap before GC invocations=7 (full 1):
 PSYoungGen      total 71680K, used 66560K [0x0000000795580000, 0x000000079f080000, 0x00000007c0000000)
  eden space 66560K, 100% used [0x0000000795580000,0x0000000799680000,0x0000000799680000)
  from space 5120K, 0% used [0x0000000799680000,0x0000000799680000,0x0000000799b80000)
  to   space 12800K, 0% used [0x000000079e400000,0x000000079e400000,0x000000079f080000)
 ParOldGen       total 71680K, used 14044K [0x0000000740000000, 0x0000000744600000, 0x0000000795580000)
  object space 71680K, 19% used [0x0000000740000000,0x0000000740db7090,0x0000000744600000)
 Metaspace       used 24947K, capacity 25594K, committed 25856K, reserved 1071104K
  class space    used 3005K, capacity 3224K, committed 3328K, reserved 1048576K
Event: 3.729 GC heap after
Heap after GC invocations=7 (full 1):
 PSYoungGen      total 101376K, used 4731K [0x0000000795580000, 0x000000079e900000, 0x00000007c0000000)
  eden space 96256K, 0% used [0x0000000795580000,0x0000000795580000,0x000000079b380000)
  from space 5120K, 92% used [0x000000079e400000,0x000000079e89efc8,0x000000079e900000)
  to   space 12800K, 0% used [0x000000079d000000,0x000000079d000000,0x000000079dc80000)
 ParOldGen       total 71680K, used 14052K [0x0000000740000000, 0x0000000744600000, 0x0000000795580000)
  object space 71680K, 19% used [0x0000000740000000,0x0000000740db9090,0x0000000744600000)
 Metaspace       used 24947K, capacity 25594K, committed 25856K, reserved 1071104K
  class space    used 3005K, capacity 3224K, committed 3328K, reserved 1048576K
}

