# JRE version: Java(TM) SE Runtime Environment (9.0+11) (build 9.0.1+11)
# Java VM: Java HotSpot(TM) 64-Bit Server VM (9.0.1+11, mixed mode, tiered, compressed oops, g1 gc, bsd-amd64)
Heap:
 garbage-first heap   total 157696K, used 46116K [0x0000000740000000, 0x00000007401004d0, 0x00000007c0000000)
  region size 1024K, 32 young (32768K), 9 survivors (9216K)
 Metaspace       used 37394K, capacity 38790K, committed 38912K, reserved 1083392K
  class space    used 4214K, capacity 4542K, committed 4608K, reserved 1048576K
GC Heap History (10 events):
Event: 0.666 GC heap before
{Heap before GC invocations=1 (full 0):
 garbage-first heap   total 131072K, used 13665K [0x0000000740000000, 0x0000000740100400, 0x00000007c0000000)
  region size 1024K, 11 young (11264K), 2 survivors (2048K)
 Metaspace       used 12113K, capacity 12388K, committed 12672K, reserved 1060864K
  class space    used 1235K, capacity 1341K, committed 1408K, reserved 1048576K
}
Event: 0.670 GC heap after
{Heap after GC invocations=2 (full 0):
 garbage-first heap   total 131072K, used 6374K [0x0000000740000000, 0x0000000740100400, 0x00000007c0000000)
  region size 1024K, 2 young (2048K), 2 survivors (2048K)
 Metaspace       used 12113K, capacity 12388K, committed 12672K, reserved 1060864K
  class space    used 1235K, capacity 1341K, committed 1408K, reserved 1048576K
}
Event: 0.915 GC heap before
{Heap before GC invocations=2 (full 0):
 garbage-first heap   total 131072K, used 30950K [0x0000000740000000, 0x0000000740100400, 0x00000007c0000000)
  region size 1024K, 26 young (26624K), 2 survivors (2048K)
 Metaspace       used 14126K, capacity 14432K, committed 14720K, reserved 1062912K
  class space    used 1486K, capacity 1570K, committed 1664K, reserved 1048576K
}
Event: 0.918 GC heap after
{Heap after GC invocations=3 (full 0):
 garbage-first heap   total 131072K, used 8050K [0x0000000740000000, 0x0000000740100400, 0x00000007c0000000)
  region size 1024K, 4 young (4096K), 4 survivors (4096K)
 Metaspace       used 14126K, capacity 14432K, committed 14720K, reserved 1062912K
  class space    used 1486K, capacity 1570K, committed 1664K, reserved 1048576K
}
Event: 2.050 GC heap before
{Heap before GC invocations=3 (full 0):
 garbage-first heap   total 131072K, used 79730K [0x0000000740000000, 0x0000000740100400, 0x00000007c0000000)
  region size 1024K, 75 young (76800K), 4 survivors (4096K)
 Metaspace       used 20644K, capacity 21134K, committed 21296K, reserved 1069056K
  class space    used 2233K, capacity 2378K, committed 2432K, reserved 1048576K
}
Event: 2.063 GC heap after
{Heap after GC invocations=4 (full 0):
 garbage-first heap   total 131072K, used 14513K [0x0000000740000000, 0x0000000740100400, 0x00000007c0000000)
  region size 1024K, 10 young (10240K), 10 survivors (10240K)
 Metaspace       used 20644K, capacity 21134K, committed 21296K, reserved 1069056K
  class space    used 2233K, capacity 2378K, committed 2432K, reserved 1048576K
}
Event: 3.238 GC heap before
{Heap before GC invocations=5 (full 0):
 garbage-first heap   total 131072K, used 79025K [0x0000000740000000, 0x0000000740100400, 0x00000007c0000000)
  region size 1024K, 73 young (74752K), 10 survivors (10240K)
 Metaspace       used 30101K, capacity 31114K, committed 31232K, reserved 1077248K
  class space    used 3301K, capacity 3559K, committed 3584K, reserved 1048576K
}
Event: 3.253 GC heap after
{Heap after GC invocations=6 (full 0):
 garbage-first heap   total 157696K, used 17010K [0x0000000740000000, 0x00000007401004d0, 0x00000007c0000000)
  region size 1024K, 8 young (8192K), 8 survivors (8192K)
 Metaspace       used 30101K, capacity 31114K, committed 31232K, reserved 1077248K
  class space    used 3301K, capacity 3559K, committed 3584K, reserved 1048576K
}
Event: 4.668 GC heap before
{Heap before GC invocations=6 (full 0):
 garbage-first heap   total 157696K, used 99954K [0x0000000740000000, 0x00000007401004d0, 0x00000007c0000000)
  region size 1024K, 90 young (92160K), 8 survivors (8192K)
 Metaspace       used 34614K, capacity 35800K, committed 35920K, reserved 1081344K
  class space    used 3834K, capacity 4153K, committed 4224K, reserved 1048576K
}
Event: 4.680 GC heap after
{Heap after GC invocations=7 (full 0):
 garbage-first heap   total 157696K, used 23588K [0x0000000740000000, 0x00000007401004d0, 0x00000007c0000000)
  region size 1024K, 9 young (9216K), 9 survivors (9216K)
 Metaspace       used 34614K, capacity 35800K, committed 35920K, reserved 1081344K
  class space    used 3834K, capacity 4153K, committed 4224K, reserved 1048576K
}

