# JRE version: Java(TM) SE Runtime Environment (8.0_144-b01) (build 1.8.0_144-b01)
# Java VM: Java HotSpot(TM) 64-Bit Server VM (25.144-b01 mixed mode bsd-amd64 compressed oops)
Heap:
 PSYoungGen      total 465920K, used 301099K [0x0000000795580000, 0x00000007c0000000, 0x00000007c0000000)
  eden space 232960K, 65% used [0x0000000795580000,0x000000079ea7bf98,0x00000007a3900000)
  from space 232960K, 63% used [0x00000007b1c80000,0x00000007bad8ef50,0x00000007c0000000)
  to   space 232960K, 84% used [0x00000007a3900000,0x00000007af8ef170,0x00000007b1c80000)
 ParOldGen       total 1398272K, used 123582K [0x0000000740000000, 0x0000000795580000, 0x0000000795580000)
  object space 1398272K, 8% used [0x0000000740000000,0x00000007478af8b8,0x0000000795580000)
 Metaspace       used 8486K, capacity 8688K, committed 8832K, reserved 1056768K
  class space    used 1008K, capacity 1074K, committed 1152K, reserved 1048576K
GC Heap History (10 events):
Event: 88.451 GC heap after
Heap after GC invocations=248 (full 35):
 PSYoungGen      total 465920K, used 156999K [0x0000000795580000, 0x00000007c0000000, 0x00000007c0000000)
  eden space 232960K, 0% used [0x0000000795580000,0x0000000795580000,0x00000007a3900000)
  from space 232960K, 67% used [0x00000007a3900000,0x00000007ad251d78,0x00000007b1c80000)
  to   space 232960K, 0% used [0x00000007b1c80000,0x00000007b1c80000,0x00000007c0000000)
 ParOldGen       total 1398272K, used 904639K [0x0000000740000000, 0x0000000795580000, 0x0000000795580000)
  object space 1398272K, 64% used [0x0000000740000000,0x000000077736fed8,0x0000000795580000)
 Metaspace       used 8486K, capacity 8688K, committed 8832K, reserved 1056768K
  class space    used 1008K, capacity 1074K, committed 1152K, reserved 1048576K
}
Event: 88.583 GC heap before
{Heap before GC invocations=249 (full 35):
 PSYoungGen      total 465920K, used 362028K [0x0000000795580000, 0x00000007c0000000, 0x00000007c0000000)
  eden space 232960K, 88% used [0x0000000795580000,0x00000007a1db9620,0x00000007a3900000)
  from space 232960K, 67% used [0x00000007a3900000,0x00000007ad251d78,0x00000007b1c80000)
  to   space 232960K, 0% used [0x00000007b1c80000,0x00000007b1c80000,0x00000007c0000000)
 ParOldGen       total 1398272K, used 904639K [0x0000000740000000, 0x0000000795580000, 0x0000000795580000)
  object space 1398272K, 64% used [0x0000000740000000,0x000000077736fed8,0x0000000795580000)
 Metaspace       used 8486K, capacity 8688K, committed 8832K, reserved 1056768K
  class space    used 1008K, capacity 1074K, committed 1152K, reserved 1048576K
Event: 88.749 GC heap after
Heap after GC invocations=249 (full 35):
 PSYoungGen      total 465920K, used 232946K [0x0000000795580000, 0x00000007c0000000, 0x00000007c0000000)
  eden space 232960K, 0% used [0x0000000795580000,0x0000000795580000,0x00000007a3900000)
  from space 232960K, 99% used [0x00000007b1c80000,0x00000007bfffc888,0x00000007c0000000)
  to   space 232960K, 0% used [0x00000007a3900000,0x00000007a3900000,0x00000007b1c80000)
 ParOldGen       total 1398272K, used 991287K [0x0000000740000000, 0x0000000795580000, 0x0000000795580000)
  object space 1398272K, 70% used [0x0000000740000000,0x000000077c80ded8,0x0000000795580000)
 Metaspace       used 8486K, capacity 8688K, committed 8832K, reserved 1056768K
  class space    used 1008K, capacity 1074K, committed 1152K, reserved 1048576K
}
Event: 88.818 GC heap before
{Heap before GC invocations=250 (full 35):
 PSYoungGen      total 465920K, used 457176K [0x0000000795580000, 0x00000007c0000000, 0x00000007c0000000)
  eden space 232960K, 96% used [0x0000000795580000,0x00000007a3079a88,0x00000007a3900000)
  from space 232960K, 99% used [0x00000007b1c80000,0x00000007bfffc888,0x00000007c0000000)
  to   space 232960K, 0% used [0x00000007a3900000,0x00000007a3900000,0x00000007b1c80000)
 ParOldGen       total 1398272K, used 991287K [0x0000000740000000, 0x0000000795580000, 0x0000000795580000)
  object space 1398272K, 70% used [0x0000000740000000,0x000000077c80ded8,0x0000000795580000)
 Metaspace       used 8486K, capacity 8688K, committed 8832K, reserved 1056768K
  class space    used 1008K, capacity 1074K, committed 1152K, reserved 1048576K
Event: 88.999 GC heap after
Heap after GC invocations=250 (full 35):
 PSYoungGen      total 465920K, used 232946K [0x0000000795580000, 0x00000007c0000000, 0x00000007c0000000)
  eden space 232960K, 0% used [0x0000000795580000,0x0000000795580000,0x00000007a3900000)
  from space 232960K, 99% used [0x00000007a3900000,0x00000007b1c7c850,0x00000007b1c80000)
  to   space 232960K, 0% used [0x00000007b1c80000,0x00000007b1c80000,0x00000007c0000000)
 ParOldGen       total 1398272K, used 1197275K [0x0000000740000000, 0x0000000795580000, 0x0000000795580000)
  object space 1398272K, 85% used [0x0000000740000000,0x0000000789136ea0,0x0000000795580000)
 Metaspace       used 8486K, capacity 8688K, committed 8832K, reserved 1056768K
  class space    used 1008K, capacity 1074K, committed 1152K, reserved 1048576K
}
Event: 88.999 GC heap before
{Heap before GC invocations=251 (full 36):
 PSYoungGen      total 465920K, used 232946K [0x0000000795580000, 0x00000007c0000000, 0x00000007c0000000)
  eden space 232960K, 0% used [0x0000000795580000,0x0000000795580000,0x00000007a3900000)
  from space 232960K, 99% used [0x00000007a3900000,0x00000007b1c7c850,0x00000007b1c80000)
  to   space 232960K, 0% used [0x00000007b1c80000,0x00000007b1c80000,0x00000007c0000000)
 ParOldGen       total 1398272K, used 1197275K [0x0000000740000000, 0x0000000795580000, 0x0000000795580000)
  object space 1398272K, 85% used [0x0000000740000000,0x0000000789136ea0,0x0000000795580000)
 Metaspace       used 8486K, capacity 8688K, committed 8832K, reserved 1056768K
  class space    used 1008K, capacity 1074K, committed 1152K, reserved 1048576K
Event: 89.168 GC heap after
Heap after GC invocations=251 (full 36):
 PSYoungGen      total 465920K, used 0K [0x0000000795580000, 0x00000007c0000000, 0x00000007c0000000)
  eden space 232960K, 0% used [0x0000000795580000,0x0000000795580000,0x00000007a3900000)
  from space 232960K, 0% used [0x00000007a3900000,0x00000007a3900000,0x00000007b1c80000)
  to   space 232960K, 0% used [0x00000007b1c80000,0x00000007b1c80000,0x00000007c0000000)
 ParOldGen       total 1398272K, used 117454K [0x0000000740000000, 0x0000000795580000, 0x0000000795580000)
  object space 1398272K, 8% used [0x0000000740000000,0x00000007472b38b8,0x0000000795580000)
 Metaspace       used 8486K, capacity 8688K, committed 8832K, reserved 1056768K
  class space    used 1008K, capacity 1074K, committed 1152K, reserved 1048576K
}
Event: 89.290 GC heap before
{Heap before GC invocations=252 (full 36):
 PSYoungGen      total 465920K, used 232960K [0x0000000795580000, 0x00000007c0000000, 0x00000007c0000000)
  eden space 232960K, 100% used [0x0000000795580000,0x00000007a3900000,0x00000007a3900000)
  from space 232960K, 0% used [0x00000007a3900000,0x00000007a3900000,0x00000007b1c80000)
  to   space 232960K, 0% used [0x00000007b1c80000,0x00000007b1c80000,0x00000007c0000000)
 ParOldGen       total 1398272K, used 117454K [0x0000000740000000, 0x0000000795580000, 0x0000000795580000)
  object space 1398272K, 8% used [0x0000000740000000,0x00000007472b38b8,0x0000000795580000)
 Metaspace       used 8486K, capacity 8688K, committed 8832K, reserved 1056768K
  class space    used 1008K, capacity 1074K, committed 1152K, reserved 1048576K
Event: 89.403 GC heap after
Heap after GC invocations=252 (full 36):
 PSYoungGen      total 465920K, used 148539K [0x0000000795580000, 0x00000007c0000000, 0x00000007c0000000)
  eden space 232960K, 0% used [0x0000000795580000,0x0000000795580000,0x00000007a3900000)
  from space 232960K, 63% used [0x00000007b1c80000,0x00000007bad8ef50,0x00000007c0000000)
  to   space 232960K, 0% used [0x00000007a3900000,0x00000007a3900000,0x00000007b1c80000)
 ParOldGen       total 1398272K, used 117454K [0x0000000740000000, 0x0000000795580000, 0x0000000795580000)
  object space 1398272K, 8% used [0x0000000740000000,0x00000007472b38b8,0x0000000795580000)
 Metaspace       used 8486K, capacity 8688K, committed 8832K, reserved 1056768K
  class space    used 1008K, capacity 1074K, committed 1152K, reserved 1048576K
}
Event: 89.544 GC heap before
{Heap before GC invocations=253 (full 36):
 PSYoungGen      total 465920K, used 301099K [0x0000000795580000, 0x00000007c0000000, 0x00000007c0000000)
  eden space 232960K, 65% used [0x0000000795580000,0x000000079ea7bf98,0x00000007a3900000)
  from space 232960K, 63% used [0x00000007b1c80000,0x00000007bad8ef50,0x00000007c0000000)
  to   space 232960K, 0% used [0x00000007a3900000,0x00000007a3900000,0x00000007b1c80000)
 ParOldGen       total 1398272K, used 117454K [0x0000000740000000, 0x0000000795580000, 0x0000000795580000)
  object space 1398272K, 8% used [0x0000000740000000,0x00000007472b38b8,0x0000000795580000)
 Metaspace       used 8486K, capacity 8688K, committed 8832K, reserved 1056768K
  class space    used 1008K, capacity 1074K, committed 1152K, reserved 1048576K

