# JRE version: Java(TM) SE Runtime Environment (8.0_144-b01) (build 1.8.0_144-b01)
# Java VM: Java HotSpot(TM) 64-Bit Server VM (25.144-b01 mixed mode bsd-amd64 compressed oops)
Heap:
 PSYoungGen      total 138240K, used 24103K [0x0000000795580000, 0x00000007a2380000, 0x00000007c0000000)
  eden space 133120K, 14% used [0x0000000795580000,0x0000000796811df0,0x000000079d780000)
  from space 5120K, 99% used [0x000000079d780000,0x000000079dc780d0,0x000000079dc80000)
  to   space 14848K, 0% used [0x00000007a1500000,0x00000007a1500000,0x00000007a2380000)
 ParOldGen       total 76800K, used 19505K [0x0000000740000000, 0x0000000744b00000, 0x0000000795580000)
  object space 76800K, 25% used [0x0000000740000000,0x000000074130c5c0,0x0000000744b00000)
 Metaspace       used 28956K, capacity 29626K, committed 29696K, reserved 1075200K
  class space    used 3561K, capacity 3788K, committed 3840K, reserved 1048576K
GC Heap History (10 events):
Event: 0.747 GC heap before
{Heap before GC invocations=2 (full 0):
 PSYoungGen      total 38400K, used 38262K [0x0000000795580000, 0x000000079a080000, 0x00000007c0000000)
  eden space 33280K, 100% used [0x0000000795580000,0x0000000797600000,0x0000000797600000)
  from space 5120K, 97% used [0x0000000797600000,0x0000000797add970,0x0000000797b00000)
  to   space 5120K, 0% used [0x0000000799b80000,0x0000000799b80000,0x000000079a080000)
 ParOldGen       total 87552K, used 8K [0x0000000740000000, 0x0000000745580000, 0x0000000795580000)
  object space 87552K, 0% used [0x0000000740000000,0x0000000740002000,0x0000000745580000)
 Metaspace       used 11621K, capacity 11752K, committed 12032K, reserved 1060864K
  class space    used 1444K, capacity 1508K, committed 1536K, reserved 1048576K
Event: 0.753 GC heap after
Heap after GC invocations=2 (full 0):
 PSYoungGen      total 71680K, used 5089K [0x0000000795580000, 0x000000079a080000, 0x00000007c0000000)
  eden space 66560K, 0% used [0x0000000795580000,0x0000000795580000,0x0000000799680000)
  from space 5120K, 99% used [0x0000000799b80000,0x000000079a0785e0,0x000000079a080000)
  to   space 5120K, 0% used [0x0000000799680000,0x0000000799680000,0x0000000799b80000)
 ParOldGen       total 87552K, used 1692K [0x0000000740000000, 0x0000000745580000, 0x0000000795580000)
  object space 87552K, 1% used [0x0000000740000000,0x00000007401a7390,0x0000000745580000)
 Metaspace       used 11621K, capacity 11752K, committed 12032K, reserved 1060864K
  class space    used 1444K, capacity 1508K, committed 1536K, reserved 1048576K
}
Event: 1.575 GC heap before
{Heap before GC invocations=3 (full 0):
 PSYoungGen      total 71680K, used 71649K [0x0000000795580000, 0x000000079a080000, 0x00000007c0000000)
  eden space 66560K, 100% used [0x0000000795580000,0x0000000799680000,0x0000000799680000)
  from space 5120K, 99% used [0x0000000799b80000,0x000000079a0785e0,0x000000079a080000)
  to   space 5120K, 0% used [0x0000000799680000,0x0000000799680000,0x0000000799b80000)
 ParOldGen       total 87552K, used 1692K [0x0000000740000000, 0x0000000745580000, 0x0000000795580000)
  object space 87552K, 1% used [0x0000000740000000,0x00000007401a7390,0x0000000745580000)
 Metaspace       used 15961K, capacity 16306K, committed 16512K, reserved 1062912K
  class space    used 1947K, capacity 2051K, committed 2176K, reserved 1048576K
Event: 1.586 GC heap after
Heap after GC invocations=3 (full 0):
 PSYoungGen      total 71680K, used 5088K [0x0000000795580000, 0x000000079e180000, 0x00000007c0000000)
  eden space 66560K, 0% used [0x0000000795580000,0x0000000795580000,0x0000000799680000)
  from space 5120K, 99% used [0x0000000799680000,0x0000000799b78020,0x0000000799b80000)
  to   space 5120K, 0% used [0x000000079dc80000,0x000000079dc80000,0x000000079e180000)
 ParOldGen       total 87552K, used 6591K [0x0000000740000000, 0x0000000745580000, 0x0000000795580000)
  object space 87552K, 7% used [0x0000000740000000,0x000000074066fff8,0x0000000745580000)
 Metaspace       used 15961K, capacity 16306K, committed 16512K, reserved 1062912K
  class space    used 1947K, capacity 2051K, committed 2176K, reserved 1048576K
}
Event: 2.138 GC heap before
{Heap before GC invocations=4 (full 0):
 PSYoungGen      total 71680K, used 51069K [0x0000000795580000, 0x000000079e180000, 0x00000007c0000000)
  eden space 66560K, 69% used [0x0000000795580000,0x00000007982674d8,0x0000000799680000)
  from space 5120K, 99% used [0x0000000799680000,0x0000000799b78020,0x0000000799b80000)
  to   space 5120K, 0% used [0x000000079dc80000,0x000000079dc80000,0x000000079e180000)
 ParOldGen       total 87552K, used 6591K [0x0000000740000000, 0x0000000745580000, 0x0000000795580000)
  object space 87552K, 7% used [0x0000000740000000,0x000000074066fff8,0x0000000745580000)
 Metaspace       used 20765K, capacity 21178K, committed 21296K, reserved 1069056K
  class space    used 2545K, capacity 2675K, committed 2688K, reserved 1048576K
Event: 2.152 GC heap after
Heap after GC invocations=4 (full 0):
 PSYoungGen      total 138240K, used 5104K [0x0000000795580000, 0x000000079e180000, 0x00000007c0000000)
  eden space 133120K, 0% used [0x0000000795580000,0x0000000795580000,0x000000079d780000)
  from space 5120K, 99% used [0x000000079dc80000,0x000000079e17c030,0x000000079e180000)
  to   space 5120K, 0% used [0x000000079d780000,0x000000079d780000,0x000000079dc80000)
 ParOldGen       total 87552K, used 14027K [0x0000000740000000, 0x0000000745580000, 0x0000000795580000)
  object space 87552K, 16% used [0x0000000740000000,0x0000000740db2ca8,0x0000000745580000)
 Metaspace       used 20765K, capacity 21178K, committed 21296K, reserved 1069056K
  class space    used 2545K, capacity 2675K, committed 2688K, reserved 1048576K
}
Event: 2.152 GC heap before
{Heap before GC invocations=5 (full 1):
 PSYoungGen      total 138240K, used 5104K [0x0000000795580000, 0x000000079e180000, 0x00000007c0000000)
  eden space 133120K, 0% used [0x0000000795580000,0x0000000795580000,0x000000079d780000)
  from space 5120K, 99% used [0x000000079dc80000,0x000000079e17c030,0x000000079e180000)
  to   space 5120K, 0% used [0x000000079d780000,0x000000079d780000,0x000000079dc80000)
 ParOldGen       total 87552K, used 14027K [0x0000000740000000, 0x0000000745580000, 0x0000000795580000)
  object space 87552K, 16% used [0x0000000740000000,0x0000000740db2ca8,0x0000000745580000)
 Metaspace       used 20765K, capacity 21178K, committed 21296K, reserved 1069056K
  class space    used 2545K, capacity 2675K, committed 2688K, reserved 1048576K
Event: 2.206 GC heap after
Heap after GC invocations=5 (full 1):
 PSYoungGen      total 138240K, used 0K [0x0000000795580000, 0x000000079e180000, 0x00000007c0000000)
  eden space 133120K, 0% used [0x0000000795580000,0x0000000795580000,0x000000079d780000)
  from space 5120K, 0% used [0x000000079dc80000,0x000000079dc80000,0x000000079e180000)
  to   space 5120K, 0% used [0x000000079d780000,0x000000079d780000,0x000000079dc80000)
 ParOldGen       total 76800K, used 14056K [0x0000000740000000, 0x0000000744b00000, 0x0000000795580000)
  object space 76800K, 18% used [0x0000000740000000,0x0000000740dba050,0x0000000744b00000)
 Metaspace       used 20765K, capacity 21178K, committed 21296K, reserved 1069056K
  class space    used 2545K, capacity 2675K, committed 2688K, reserved 1048576K
}
Event: 4.461 GC heap before
{Heap before GC invocations=6 (full 1):
 PSYoungGen      total 138240K, used 133120K [0x0000000795580000, 0x000000079e180000, 0x00000007c0000000)
  eden space 133120K, 100% used [0x0000000795580000,0x000000079d780000,0x000000079d780000)
  from space 5120K, 0% used [0x000000079dc80000,0x000000079dc80000,0x000000079e180000)
  to   space 5120K, 0% used [0x000000079d780000,0x000000079d780000,0x000000079dc80000)
 ParOldGen       total 76800K, used 14056K [0x0000000740000000, 0x0000000744b00000, 0x0000000795580000)
  object space 76800K, 18% used [0x0000000740000000,0x0000000740dba050,0x0000000744b00000)
 Metaspace       used 28775K, capacity 29444K, committed 29696K, reserved 1075200K
  class space    used 3555K, capacity 3779K, committed 3840K, reserved 1048576K
Event: 4.474 GC heap after
Heap after GC invocations=6 (full 1):
 PSYoungGen      total 138240K, used 5088K [0x0000000795580000, 0x00000007a2380000, 0x00000007c0000000)
  eden space 133120K, 0% used [0x0000000795580000,0x0000000795580000,0x000000079d780000)
  from space 5120K, 99% used [0x000000079d780000,0x000000079dc780d0,0x000000079dc80000)
  to   space 14848K, 0% used [0x00000007a1500000,0x00000007a1500000,0x00000007a2380000)
 ParOldGen       total 76800K, used 19505K [0x0000000740000000, 0x0000000744b00000, 0x0000000795580000)
  object space 76800K, 25% used [0x0000000740000000,0x000000074130c5c0,0x0000000744b00000)
 Metaspace       used 28775K, capacity 29444K, committed 29696K, reserved 1075200K
  class space    used 3555K, capacity 3779K, committed 3840K, reserved 1048576K
}

