# JRE version: Java(TM) SE Runtime Environment (8.0_144-b01) (build 1.8.0_144-b01)
# Java VM: Java HotSpot(TM) 64-Bit Server VM (25.144-b01 mixed mode bsd-amd64 compressed oops)
Heap:
 PSYoungGen      total 97280K, used 69736K [0x0000000795580000, 0x000000079e900000, 0x00000007c0000000)
  eden space 92160K, 70% used [0x0000000795580000,0x00000007994db410,0x000000079af80000)
  from space 5120K, 94% used [0x000000079e400000,0x000000079e8befc8,0x000000079e900000)
  to   space 12800K, 0% used [0x000000079d000000,0x000000079d000000,0x000000079dc80000)
 ParOldGen       total 73728K, used 14032K [0x0000000740000000, 0x0000000744800000, 0x0000000795580000)
  object space 73728K, 19% used [0x0000000740000000,0x0000000740db43d8,0x0000000744800000)
 Metaspace       used 28866K, capacity 29498K, committed 29696K, reserved 1075200K
  class space    used 3563K, capacity 3788K, committed 3840K, reserved 1048576K
GC Heap History (10 events):
Event: 1.324 GC heap before
{Heap before GC invocations=3 (full 0):
 PSYoungGen      total 38400K, used 38369K [0x0000000795580000, 0x000000079a080000, 0x00000007c0000000)
  eden space 33280K, 100% used [0x0000000795580000,0x0000000797600000,0x0000000797600000)
  from space 5120K, 99% used [0x0000000797b00000,0x0000000797ff8620,0x0000000798000000)
  to   space 5120K, 0% used [0x0000000797600000,0x0000000797600000,0x0000000797b00000)
 ParOldGen       total 87552K, used 1703K [0x0000000740000000, 0x0000000745580000, 0x0000000795580000)
  object space 87552K, 1% used [0x0000000740000000,0x00000007401a9dd8,0x0000000745580000)
 Metaspace       used 14902K, capacity 15068K, committed 15360K, reserved 1062912K
  class space    used 1835K, capacity 1938K, committed 2048K, reserved 1048576K
Event: 1.331 GC heap after
Heap after GC invocations=3 (full 0):
 PSYoungGen      total 38400K, used 5120K [0x0000000795580000, 0x000000079a080000, 0x00000007c0000000)
  eden space 33280K, 0% used [0x0000000795580000,0x0000000795580000,0x0000000797600000)
  from space 5120K, 100% used [0x0000000797600000,0x0000000797b00000,0x0000000797b00000)
  to   space 5120K, 0% used [0x0000000799b80000,0x0000000799b80000,0x000000079a080000)
 ParOldGen       total 87552K, used 3963K [0x0000000740000000, 0x0000000745580000, 0x0000000795580000)
  object space 87552K, 4% used [0x0000000740000000,0x00000007403ded18,0x0000000745580000)
 Metaspace       used 14902K, capacity 15068K, committed 15360K, reserved 1062912K
  class space    used 1835K, capacity 1938K, committed 2048K, reserved 1048576K
}
Event: 1.755 GC heap before
{Heap before GC invocations=4 (full 0):
 PSYoungGen      total 38400K, used 38400K [0x0000000795580000, 0x000000079a080000, 0x00000007c0000000)
  eden space 33280K, 100% used [0x0000000795580000,0x0000000797600000,0x0000000797600000)
  from space 5120K, 100% used [0x0000000797600000,0x0000000797b00000,0x0000000797b00000)
  to   space 5120K, 0% used [0x0000000799b80000,0x0000000799b80000,0x000000079a080000)
 ParOldGen       total 87552K, used 3963K [0x0000000740000000, 0x0000000745580000, 0x0000000795580000)
  object space 87552K, 4% used [0x0000000740000000,0x00000007403ded18,0x0000000745580000)
 Metaspace       used 15929K, capacity 16306K, committed 16512K, reserved 1062912K
  class space    used 1946K, capacity 2051K, committed 2176K, reserved 1048576K
Event: 1.765 GC heap after
Heap after GC invocations=4 (full 0):
 PSYoungGen      total 71680K, used 5104K [0x0000000795580000, 0x000000079a080000, 0x00000007c0000000)
  eden space 66560K, 0% used [0x0000000795580000,0x0000000795580000,0x0000000799680000)
  from space 5120K, 99% used [0x0000000799b80000,0x000000079a07c030,0x000000079a080000)
  to   space 5120K, 0% used [0x0000000799680000,0x0000000799680000,0x0000000799b80000)
 ParOldGen       total 87552K, used 6317K [0x0000000740000000, 0x0000000745580000, 0x0000000795580000)
  object space 87552K, 7% used [0x0000000740000000,0x000000074062b548,0x0000000745580000)
 Metaspace       used 15929K, capacity 16306K, committed 16512K, reserved 1062912K
  class space    used 1946K, capacity 2051K, committed 2176K, reserved 1048576K
}
Event: 2.316 GC heap before
{Heap before GC invocations=5 (full 0):
 PSYoungGen      total 71680K, used 51360K [0x0000000795580000, 0x000000079a080000, 0x00000007c0000000)
  eden space 66560K, 69% used [0x0000000795580000,0x00000007982ac248,0x0000000799680000)
  from space 5120K, 99% used [0x0000000799b80000,0x000000079a07c030,0x000000079a080000)
  to   space 5120K, 0% used [0x0000000799680000,0x0000000799680000,0x0000000799b80000)
 ParOldGen       total 87552K, used 6317K [0x0000000740000000, 0x0000000745580000, 0x0000000795580000)
  object space 87552K, 7% used [0x0000000740000000,0x000000074062b548,0x0000000745580000)
 Metaspace       used 20801K, capacity 21178K, committed 21296K, reserved 1069056K
  class space    used 2545K, capacity 2675K, committed 2688K, reserved 1048576K
Event: 2.330 GC heap after
Heap after GC invocations=5 (full 0):
 PSYoungGen      total 71680K, used 5104K [0x0000000795580000, 0x000000079f080000, 0x00000007c0000000)
  eden space 66560K, 0% used [0x0000000795580000,0x0000000795580000,0x0000000799680000)
  from space 5120K, 99% used [0x0000000799680000,0x0000000799b7c010,0x0000000799b80000)
  to   space 12800K, 0% used [0x000000079e400000,0x000000079e400000,0x000000079f080000)
 ParOldGen       total 87552K, used 13942K [0x0000000740000000, 0x0000000745580000, 0x0000000795580000)
  object space 87552K, 15% used [0x0000000740000000,0x0000000740d9d980,0x0000000745580000)
 Metaspace       used 20801K, capacity 21178K, committed 21296K, reserved 1069056K
  class space    used 2545K, capacity 2675K, committed 2688K, reserved 1048576K
}
Event: 2.330 GC heap before
{Heap before GC invocations=6 (full 1):
 PSYoungGen      total 71680K, used 5104K [0x0000000795580000, 0x000000079f080000, 0x00000007c0000000)
  eden space 66560K, 0% used [0x0000000795580000,0x0000000795580000,0x0000000799680000)
  from space 5120K, 99% used [0x0000000799680000,0x0000000799b7c010,0x0000000799b80000)
  to   space 12800K, 0% used [0x000000079e400000,0x000000079e400000,0x000000079f080000)
 ParOldGen       total 87552K, used 13942K [0x0000000740000000, 0x0000000745580000, 0x0000000795580000)
  object space 87552K, 15% used [0x0000000740000000,0x0000000740d9d980,0x0000000745580000)
 Metaspace       used 20801K, capacity 21178K, committed 21296K, reserved 1069056K
  class space    used 2545K, capacity 2675K, committed 2688K, reserved 1048576K
Event: 2.385 GC heap after
Heap after GC invocations=6 (full 1):
 PSYoungGen      total 71680K, used 0K [0x0000000795580000, 0x000000079f080000, 0x00000007c0000000)
  eden space 66560K, 0% used [0x0000000795580000,0x0000000795580000,0x0000000799680000)
  from space 5120K, 0% used [0x0000000799680000,0x0000000799680000,0x0000000799b80000)
  to   space 12800K, 0% used [0x000000079e400000,0x000000079e400000,0x000000079f080000)
 ParOldGen       total 73728K, used 14024K [0x0000000740000000, 0x0000000744800000, 0x0000000795580000)
  object space 73728K, 19% used [0x0000000740000000,0x0000000740db23d8,0x0000000744800000)
 Metaspace       used 20801K, capacity 21178K, committed 21296K, reserved 1069056K
  class space    used 2545K, capacity 2675K, committed 2688K, reserved 1048576K
}
Event: 3.610 GC heap before
{Heap before GC invocations=7 (full 1):
 PSYoungGen      total 71680K, used 66560K [0x0000000795580000, 0x000000079f080000, 0x00000007c0000000)
  eden space 66560K, 100% used [0x0000000795580000,0x0000000799680000,0x0000000799680000)
  from space 5120K, 0% used [0x0000000799680000,0x0000000799680000,0x0000000799b80000)
  to   space 12800K, 0% used [0x000000079e400000,0x000000079e400000,0x000000079f080000)
 ParOldGen       total 73728K, used 14024K [0x0000000740000000, 0x0000000744800000, 0x0000000795580000)
  object space 73728K, 19% used [0x0000000740000000,0x0000000740db23d8,0x0000000744800000)
 Metaspace       used 24912K, capacity 25466K, committed 25600K, reserved 1071104K
  class space    used 3004K, capacity 3224K, committed 3328K, reserved 1048576K
Event: 3.616 GC heap after
Heap after GC invocations=7 (full 1):
 PSYoungGen      total 97280K, used 4859K [0x0000000795580000, 0x000000079e900000, 0x00000007c0000000)
  eden space 92160K, 0% used [0x0000000795580000,0x0000000795580000,0x000000079af80000)
  from space 5120K, 94% used [0x000000079e400000,0x000000079e8befc8,0x000000079e900000)
  to   space 12800K, 0% used [0x000000079d000000,0x000000079d000000,0x000000079dc80000)
 ParOldGen       total 73728K, used 14032K [0x0000000740000000, 0x0000000744800000, 0x0000000795580000)
  object space 73728K, 19% used [0x0000000740000000,0x0000000740db43d8,0x0000000744800000)
 Metaspace       used 24912K, capacity 25466K, committed 25600K, reserved 1071104K
  class space    used 3004K, capacity 3224K, committed 3328K, reserved 1048576K
}

