# JRE version: Java(TM) SE Runtime Environment (8.0_144-b01) (build 1.8.0_144-b01)
# Java VM: Java HotSpot(TM) 64-Bit Server VM (25.144-b01 mixed mode bsd-amd64 compressed oops)
Heap:
 PSYoungGen      total 37888K, used 7594K [0x0000000795580000, 0x0000000798280000, 0x00000007c0000000)
  eden space 31744K, 16% used [0x0000000795580000,0x0000000795abfdd0,0x0000000797480000)
  from space 6144K, 36% used [0x0000000797c80000,0x0000000797eaacd8,0x0000000798280000)
  to   space 7168K, 0% used [0x0000000797480000,0x0000000797480000,0x0000000797b80000)
 ParOldGen       total 43008K, used 4764K [0x0000000740000000, 0x0000000742a00000, 0x0000000795580000)
  object space 43008K, 11% used [0x0000000740000000,0x00000007404a7020,0x0000000742a00000)
 Metaspace       used 59485K, capacity 59647K, committed 61184K, reserved 1110016K
  class space    used 1186K, capacity 1234K, committed 1280K, reserved 1048576K
GC Heap History (10 events):
Event: 147.238 GC heap before
{Heap before GC invocations=173 (full 3):
 PSYoungGen      total 41984K, used 38923K [0x0000000795580000, 0x0000000798680000, 0x00000007c0000000)
  eden space 34816K, 100% used [0x0000000795580000,0x0000000797780000,0x0000000797780000)
  from space 7168K, 57% used [0x0000000797800000,0x0000000797c02cd8,0x0000000797f00000)
  to   space 7680K, 0% used [0x0000000797f00000,0x0000000797f00000,0x0000000798680000)
 ParOldGen       total 43008K, used 4692K [0x0000000740000000, 0x0000000742a00000, 0x0000000795580000)
  object space 43008K, 10% used [0x0000000740000000,0x0000000740495020,0x0000000742a00000)
 Metaspace       used 57734K, capacity 57911K, committed 59392K, reserved 1107968K
  class space    used 1179K, capacity 1234K, committed 1280K, reserved 1048576K
Event: 147.245 GC heap after
Heap after GC invocations=173 (full 3):
 PSYoungGen      total 41472K, used 6715K [0x0000000795580000, 0x0000000798800000, 0x00000007c0000000)
  eden space 33792K, 0% used [0x0000000795580000,0x0000000795580000,0x0000000797680000)
  from space 7680K, 87% used [0x0000000797f00000,0x000000079858ed28,0x0000000798680000)
  to   space 8704K, 0% used [0x0000000797680000,0x0000000797680000,0x0000000797f00000)
 ParOldGen       total 43008K, used 4700K [0x0000000740000000, 0x0000000742a00000, 0x0000000795580000)
  object space 43008K, 10% used [0x0000000740000000,0x0000000740497020,0x0000000742a00000)
 Metaspace       used 57734K, capacity 57911K, committed 59392K, reserved 1107968K
  class space    used 1179K, capacity 1234K, committed 1280K, reserved 1048576K
}
Event: 147.910 GC heap before
{Heap before GC invocations=174 (full 3):
 PSYoungGen      total 41472K, used 40507K [0x0000000795580000, 0x0000000798800000, 0x00000007c0000000)
  eden space 33792K, 100% used [0x0000000795580000,0x0000000797680000,0x0000000797680000)
  from space 7680K, 87% used [0x0000000797f00000,0x000000079858ed28,0x0000000798680000)
  to   space 8704K, 0% used [0x0000000797680000,0x0000000797680000,0x0000000797f00000)
 ParOldGen       total 43008K, used 4700K [0x0000000740000000, 0x0000000742a00000, 0x0000000795580000)
  object space 43008K, 10% used [0x0000000740000000,0x0000000740497020,0x0000000742a00000)
 Metaspace       used 57885K, capacity 58039K, committed 59392K, reserved 1107968K
  class space    used 1181K, capacity 1234K, committed 1280K, reserved 1048576K
Event: 147.911 GC heap after
Heap after GC invocations=174 (full 3):
 PSYoungGen      total 34304K, used 651K [0x0000000795580000, 0x0000000798700000, 0x00000007c0000000)
  eden space 33280K, 0% used [0x0000000795580000,0x0000000795580000,0x0000000797600000)
  from space 1024K, 63% used [0x0000000797680000,0x0000000797722cc8,0x0000000797780000)
  to   space 8704K, 0% used [0x0000000797e80000,0x0000000797e80000,0x0000000798700000)
 ParOldGen       total 43008K, used 4724K [0x0000000740000000, 0x0000000742a00000, 0x0000000795580000)
  object space 43008K, 10% used [0x0000000740000000,0x000000074049d020,0x0000000742a00000)
 Metaspace       used 57885K, capacity 58039K, committed 59392K, reserved 1107968K
  class space    used 1181K, capacity 1234K, committed 1280K, reserved 1048576K
}
Event: 148.402 GC heap before
{Heap before GC invocations=175 (full 3):
 PSYoungGen      total 34304K, used 33931K [0x0000000795580000, 0x0000000798700000, 0x00000007c0000000)
  eden space 33280K, 100% used [0x0000000795580000,0x0000000797600000,0x0000000797600000)
  from space 1024K, 63% used [0x0000000797680000,0x0000000797722cc8,0x0000000797780000)
  to   space 8704K, 0% used [0x0000000797e80000,0x0000000797e80000,0x0000000798700000)
 ParOldGen       total 43008K, used 4724K [0x0000000740000000, 0x0000000742a00000, 0x0000000795580000)
  object space 43008K, 10% used [0x0000000740000000,0x000000074049d020,0x0000000742a00000)
 Metaspace       used 58402K, capacity 58555K, committed 59904K, reserved 1107968K
  class space    used 1182K, capacity 1234K, committed 1280K, reserved 1048576K
Event: 148.404 GC heap after
Heap after GC invocations=175 (full 3):
 PSYoungGen      total 39936K, used 1771K [0x0000000795580000, 0x0000000798580000, 0x00000007c0000000)
  eden space 32768K, 0% used [0x0000000795580000,0x0000000795580000,0x0000000797580000)
  from space 7168K, 24% used [0x0000000797e80000,0x000000079803acd8,0x0000000798580000)
  to   space 8192K, 0% used [0x0000000797580000,0x0000000797580000,0x0000000797d80000)
 ParOldGen       total 43008K, used 4740K [0x0000000740000000, 0x0000000742a00000, 0x0000000795580000)
  object space 43008K, 11% used [0x0000000740000000,0x00000007404a1020,0x0000000742a00000)
 Metaspace       used 58402K, capacity 58555K, committed 59904K, reserved 1107968K
  class space    used 1182K, capacity 1234K, committed 1280K, reserved 1048576K
}
Event: 148.828 GC heap before
{Heap before GC invocations=176 (full 3):
 PSYoungGen      total 39936K, used 34539K [0x0000000795580000, 0x0000000798580000, 0x00000007c0000000)
  eden space 32768K, 100% used [0x0000000795580000,0x0000000797580000,0x0000000797580000)
  from space 7168K, 24% used [0x0000000797e80000,0x000000079803acd8,0x0000000798580000)
  to   space 8192K, 0% used [0x0000000797580000,0x0000000797580000,0x0000000797d80000)
 ParOldGen       total 43008K, used 4740K [0x0000000740000000, 0x0000000742a00000, 0x0000000795580000)
  object space 43008K, 11% used [0x0000000740000000,0x00000007404a1020,0x0000000742a00000)
 Metaspace       used 58919K, capacity 59071K, committed 60416K, reserved 1107968K
  class space    used 1184K, capacity 1234K, committed 1280K, reserved 1048576K
Event: 148.833 GC heap after
Heap after GC invocations=176 (full 3):
 PSYoungGen      total 34816K, used 2107K [0x0000000795580000, 0x0000000798400000, 0x00000007c0000000)
  eden space 32256K, 0% used [0x0000000795580000,0x0000000795580000,0x0000000797500000)
  from space 2560K, 82% used [0x0000000797580000,0x000000079778ece8,0x0000000797800000)
  to   space 7680K, 0% used [0x0000000797c80000,0x0000000797c80000,0x0000000798400000)
 ParOldGen       total 43008K, used 4748K [0x0000000740000000, 0x0000000742a00000, 0x0000000795580000)
  object space 43008K, 11% used [0x0000000740000000,0x00000007404a3020,0x0000000742a00000)
 Metaspace       used 58919K, capacity 59071K, committed 60416K, reserved 1107968K
  class space    used 1184K, capacity 1234K, committed 1280K, reserved 1048576K
}
Event: 149.345 GC heap before
{Heap before GC invocations=177 (full 3):
 PSYoungGen      total 34816K, used 34363K [0x0000000795580000, 0x0000000798400000, 0x00000007c0000000)
  eden space 32256K, 100% used [0x0000000795580000,0x0000000797500000,0x0000000797500000)
  from space 2560K, 82% used [0x0000000797580000,0x000000079778ece8,0x0000000797800000)
  to   space 7680K, 0% used [0x0000000797c80000,0x0000000797c80000,0x0000000798400000)
 ParOldGen       total 43008K, used 4748K [0x0000000740000000, 0x0000000742a00000, 0x0000000795580000)
  object space 43008K, 11% used [0x0000000740000000,0x00000007404a3020,0x0000000742a00000)
 Metaspace       used 59369K, capacity 59519K, committed 60928K, reserved 1110016K
  class space    used 1185K, capacity 1234K, committed 1280K, reserved 1048576K
Event: 149.347 GC heap after
Heap after GC invocations=177 (full 3):
 PSYoungGen      total 37888K, used 2219K [0x0000000795580000, 0x0000000798280000, 0x00000007c0000000)
  eden space 31744K, 0% used [0x0000000795580000,0x0000000795580000,0x0000000797480000)
  from space 6144K, 36% used [0x0000000797c80000,0x0000000797eaacd8,0x0000000798280000)
  to   space 7168K, 0% used [0x0000000797480000,0x0000000797480000,0x0000000797b80000)
 ParOldGen       total 43008K, used 4764K [0x0000000740000000, 0x0000000742a00000, 0x0000000795580000)
  object space 43008K, 11% used [0x0000000740000000,0x00000007404a7020,0x0000000742a00000)
 Metaspace       used 59369K, capacity 59519K, committed 60928K, reserved 1110016K
  class space    used 1185K, capacity 1234K, committed 1280K, reserved 1048576K
}

