# JRE version: Java(TM) SE Runtime Environment (9.0+11) (build 9.0.1+11)
# Java VM: Java HotSpot(TM) 64-Bit Server VM (9.0.1+11, mixed mode, tiered, compressed oops, g1 gc, bsd-amd64)
Heap:
 garbage-first heap   total 131072K, used 21406K [0x0000000740000000, 0x0000000740100400, 0x00000007c0000000)
  region size 1024K, 19 young (19456K), 3 survivors (3072K)
 Metaspace       used 15369K, capacity 15970K, committed 16128K, reserved 1064960K
  class space    used 1390K, capacity 1523K, committed 1536K, reserved 1048576K
GC Heap History (6 events):
Event: 0.407 GC heap before
{Heap before GC invocations=0 (full 0):
 garbage-first heap   total 131072K, used 14336K [0x0000000740000000, 0x0000000740100400, 0x00000007c0000000)
  region size 1024K, 14 young (14336K), 0 survivors (0K)
 Metaspace       used 10355K, capacity 10772K, committed 10880K, reserved 1058816K
  class space    used 1008K, capacity 1108K, committed 1152K, reserved 1048576K
}
Event: 0.411 GC heap after
{Heap after GC invocations=1 (full 0):
 garbage-first heap   total 131072K, used 3589K [0x0000000740000000, 0x0000000740100400, 0x00000007c0000000)
  region size 1024K, 2 young (2048K), 2 survivors (2048K)
 Metaspace       used 10355K, capacity 10772K, committed 10880K, reserved 1058816K
  class space    used 1008K, capacity 1108K, committed 1152K, reserved 1048576K
}
Event: 0.676 GC heap before
{Heap before GC invocations=1 (full 0):
 garbage-first heap   total 131072K, used 13829K [0x0000000740000000, 0x0000000740100400, 0x00000007c0000000)
  region size 1024K, 12 young (12288K), 2 survivors (2048K)
 Metaspace       used 11607K, capacity 12162K, committed 12288K, reserved 1060864K
  class space    used 1163K, capacity 1273K, committed 1280K, reserved 1048576K
}
Event: 0.681 GC heap after
{Heap after GC invocations=2 (full 0):
 garbage-first heap   total 131072K, used 5949K [0x0000000740000000, 0x0000000740100400, 0x00000007c0000000)
  region size 1024K, 2 young (2048K), 2 survivors (2048K)
 Metaspace       used 11607K, capacity 12162K, committed 12288K, reserved 1060864K
  class space    used 1163K, capacity 1273K, committed 1280K, reserved 1048576K
}
Event: 1.335 GC heap before
{Heap before GC invocations=2 (full 0):
 garbage-first heap   total 131072K, used 31549K [0x0000000740000000, 0x0000000740100400, 0x00000007c0000000)
  region size 1024K, 27 young (27648K), 2 survivors (2048K)
 Metaspace       used 14433K, capacity 15028K, committed 15104K, reserved 1062912K
  class space    used 1388K, capacity 1522K, committed 1536K, reserved 1048576K
}
Event: 1.339 GC heap after
{Heap after GC invocations=3 (full 0):
 garbage-first heap   total 131072K, used 6046K [0x0000000740000000, 0x0000000740100400, 0x00000007c0000000)
  region size 1024K, 3 young (3072K), 3 survivors (3072K)
 Metaspace       used 14433K, capacity 15028K, committed 15104K, reserved 1062912K
  class space    used 1388K, capacity 1522K, committed 1536K, reserved 1048576K
}

