# JRE version: Java(TM) SE Runtime Environment (8.0_144-b01) (build 1.8.0_144-b01)
# Java VM: Java HotSpot(TM) 64-Bit Server VM (25.144-b01 mixed mode bsd-amd64 compressed oops)
Heap:
 PSYoungGen      total 71680K, used 5120K [0x0000000795580000, 0x00000007a3380000, 0x00000007c0000000)
  eden space 66560K, 0% used [0x0000000795580000,0x0000000795580000,0x0000000799680000)
  from space 5120K, 100% used [0x0000000799680000,0x0000000799b80000,0x0000000799b80000)
  to   space 64000K, 0% used [0x000000079f500000,0x000000079f500000,0x00000007a3380000)
 ParOldGen       total 134144K, used 105362K [0x0000000740000000, 0x0000000748300000, 0x0000000795580000)
  object space 134144K, 78% used [0x0000000740000000,0x00000007466e4988,0x0000000748300000)
 Metaspace       used 8481K, capacity 8688K, committed 8832K, reserved 1056768K
  class space    used 1007K, capacity 1072K, committed 1152K, reserved 1048576K
GC Heap History (10 events):
Event: 0.825 GC heap after
Heap after GC invocations=2 (full 0):
 PSYoungGen      total 38400K, used 5116K [0x0000000795580000, 0x000000079a080000, 0x00000007c0000000)
  eden space 33280K, 0% used [0x0000000795580000,0x0000000795580000,0x0000000797600000)
  from space 5120K, 99% used [0x0000000797b00000,0x0000000797fff020,0x0000000798000000)
  to   space 5120K, 0% used [0x0000000797600000,0x0000000797600000,0x0000000797b00000)
 ParOldGen       total 87552K, used 14596K [0x0000000740000000, 0x0000000745580000, 0x0000000795580000)
  object space 87552K, 16% used [0x0000000740000000,0x0000000740e410a0,0x0000000745580000)
 Metaspace       used 8481K, capacity 8688K, committed 8832K, reserved 1056768K
  class space    used 1007K, capacity 1072K, committed 1152K, reserved 1048576K
}
Event: 0.836 GC heap before
{Heap before GC invocations=3 (full 0):
 PSYoungGen      total 38400K, used 35073K [0x0000000795580000, 0x000000079a080000, 0x00000007c0000000)
  eden space 33280K, 90% used [0x0000000795580000,0x00000007972c1568,0x0000000797600000)
  from space 5120K, 99% used [0x0000000797b00000,0x0000000797fff020,0x0000000798000000)
  to   space 5120K, 0% used [0x0000000797600000,0x0000000797600000,0x0000000797b00000)
 ParOldGen       total 87552K, used 14596K [0x0000000740000000, 0x0000000745580000, 0x0000000795580000)
  object space 87552K, 16% used [0x0000000740000000,0x0000000740e410a0,0x0000000745580000)
 Metaspace       used 8481K, capacity 8688K, committed 8832K, reserved 1056768K
  class space    used 1007K, capacity 1072K, committed 1152K, reserved 1048576K
Event: 0.857 GC heap after
Heap after GC invocations=3 (full 0):
 PSYoungGen      total 38400K, used 5101K [0x0000000795580000, 0x000000079a080000, 0x00000007c0000000)
  eden space 33280K, 0% used [0x0000000795580000,0x0000000795580000,0x0000000797600000)
  from space 5120K, 99% used [0x0000000797600000,0x0000000797afb578,0x0000000797b00000)
  to   space 5120K, 0% used [0x0000000799b80000,0x0000000799b80000,0x000000079a080000)
 ParOldGen       total 87552K, used 31671K [0x0000000740000000, 0x0000000745580000, 0x0000000795580000)
  object space 87552K, 36% used [0x0000000740000000,0x0000000741eedca8,0x0000000745580000)
 Metaspace       used 8481K, capacity 8688K, committed 8832K, reserved 1056768K
  class space    used 1007K, capacity 1072K, committed 1152K, reserved 1048576K
}
Event: 0.867 GC heap before
{Heap before GC invocations=4 (full 0):
 PSYoungGen      total 38400K, used 35632K [0x0000000795580000, 0x000000079a080000, 0x00000007c0000000)
  eden space 33280K, 91% used [0x0000000795580000,0x0000000797350cc0,0x0000000797600000)
  from space 5120K, 99% used [0x0000000797600000,0x0000000797afb578,0x0000000797b00000)
  to   space 5120K, 0% used [0x0000000799b80000,0x0000000799b80000,0x000000079a080000)
 ParOldGen       total 87552K, used 31671K [0x0000000740000000, 0x0000000745580000, 0x0000000795580000)
  object space 87552K, 36% used [0x0000000740000000,0x0000000741eedca8,0x0000000745580000)
 Metaspace       used 8481K, capacity 8688K, committed 8832K, reserved 1056768K
  class space    used 1007K, capacity 1072K, committed 1152K, reserved 1048576K
Event: 0.900 GC heap after
Heap after GC invocations=4 (full 0):
 PSYoungGen      total 71680K, used 5116K [0x0000000795580000, 0x000000079a080000, 0x00000007c0000000)
  eden space 66560K, 0% used [0x0000000795580000,0x0000000795580000,0x0000000799680000)
  from space 5120K, 99% used [0x0000000799b80000,0x000000079a07f020,0x000000079a080000)
  to   space 5120K, 0% used [0x0000000799680000,0x0000000799680000,0x0000000799b80000)
 ParOldGen       total 87552K, used 58791K [0x0000000740000000, 0x0000000745580000, 0x0000000795580000)
  object space 87552K, 67% used [0x0000000740000000,0x0000000743969ea8,0x0000000745580000)
 Metaspace       used 8481K, capacity 8688K, committed 8832K, reserved 1056768K
  class space    used 1007K, capacity 1072K, committed 1152K, reserved 1048576K
}
Event: 0.900 GC heap before
{Heap before GC invocations=5 (full 1):
 PSYoungGen      total 71680K, used 5116K [0x0000000795580000, 0x000000079a080000, 0x00000007c0000000)
  eden space 66560K, 0% used [0x0000000795580000,0x0000000795580000,0x0000000799680000)
  from space 5120K, 99% used [0x0000000799b80000,0x000000079a07f020,0x000000079a080000)
  to   space 5120K, 0% used [0x0000000799680000,0x0000000799680000,0x0000000799b80000)
 ParOldGen       total 87552K, used 58791K [0x0000000740000000, 0x0000000745580000, 0x0000000795580000)
  object space 87552K, 67% used [0x0000000740000000,0x0000000743969ea8,0x0000000745580000)
 Metaspace       used 8481K, capacity 8688K, committed 8832K, reserved 1056768K
  class space    used 1007K, capacity 1072K, committed 1152K, reserved 1048576K
Event: 1.380 GC heap after
Heap after GC invocations=5 (full 1):
 PSYoungGen      total 71680K, used 0K [0x0000000795580000, 0x000000079a080000, 0x00000007c0000000)
  eden space 66560K, 0% used [0x0000000795580000,0x0000000795580000,0x0000000799680000)
  from space 5120K, 0% used [0x0000000799b80000,0x0000000799b80000,0x000000079a080000)
  to   space 5120K, 0% used [0x0000000799680000,0x0000000799680000,0x0000000799b80000)
 ParOldGen       total 134144K, used 50938K [0x0000000740000000, 0x0000000748300000, 0x0000000795580000)
  object space 134144K, 37% used [0x0000000740000000,0x00000007431bea90,0x0000000748300000)
 Metaspace       used 8481K, capacity 8688K, committed 8832K, reserved 1056768K
  class space    used 1007K, capacity 1072K, committed 1152K, reserved 1048576K
}
Event: 1.414 GC heap before
{Heap before GC invocations=6 (full 1):
 PSYoungGen      total 71680K, used 66560K [0x0000000795580000, 0x000000079a080000, 0x00000007c0000000)
  eden space 66560K, 100% used [0x0000000795580000,0x0000000799680000,0x0000000799680000)
  from space 5120K, 0% used [0x0000000799b80000,0x0000000799b80000,0x000000079a080000)
  to   space 5120K, 0% used [0x0000000799680000,0x0000000799680000,0x0000000799b80000)
 ParOldGen       total 134144K, used 50938K [0x0000000740000000, 0x0000000748300000, 0x0000000795580000)
  object space 134144K, 37% used [0x0000000740000000,0x00000007431bea90,0x0000000748300000)
 Metaspace       used 8481K, capacity 8688K, committed 8832K, reserved 1056768K
  class space    used 1007K, capacity 1072K, committed 1152K, reserved 1048576K
Event: 1.474 GC heap after
Heap after GC invocations=6 (full 1):
 PSYoungGen      total 71680K, used 5120K [0x0000000795580000, 0x00000007a3380000, 0x00000007c0000000)
  eden space 66560K, 0% used [0x0000000795580000,0x0000000795580000,0x0000000799680000)
  from space 5120K, 100% used [0x0000000799680000,0x0000000799b80000,0x0000000799b80000)
  to   space 64000K, 0% used [0x000000079f500000,0x000000079f500000,0x00000007a3380000)
 ParOldGen       total 134144K, used 105362K [0x0000000740000000, 0x0000000748300000, 0x0000000795580000)
  object space 134144K, 78% used [0x0000000740000000,0x00000007466e4988,0x0000000748300000)
 Metaspace       used 8481K, capacity 8688K, committed 8832K, reserved 1056768K
  class space    used 1007K, capacity 1072K, committed 1152K, reserved 1048576K
}
Event: 1.474 GC heap before
{Heap before GC invocations=7 (full 2):
 PSYoungGen      total 71680K, used 5120K [0x0000000795580000, 0x00000007a3380000, 0x00000007c0000000)
  eden space 66560K, 0% used [0x0000000795580000,0x0000000795580000,0x0000000799680000)
  from space 5120K, 100% used [0x0000000799680000,0x0000000799b80000,0x0000000799b80000)
  to   space 64000K, 0% used [0x000000079f500000,0x000000079f500000,0x00000007a3380000)
 ParOldGen       total 134144K, used 105362K [0x0000000740000000, 0x0000000748300000, 0x0000000795580000)
  object space 134144K, 78% used [0x0000000740000000,0x00000007466e4988,0x0000000748300000)
 Metaspace       used 8481K, capacity 8688K, committed 8832K, reserved 1056768K
  class space    used 1007K, capacity 1072K, committed 1152K, reserved 1048576K

