# JRE version: Java(TM) SE Runtime Environment (8.0_144-b01) (build 1.8.0_144-b01)
# Java VM: Java HotSpot(TM) 64-Bit Server VM (25.144-b01 mixed mode bsd-amd64 compressed oops)
Heap:
 PSYoungGen      total 98304K, used 5120K [0x0000000795580000, 0x000000079e180000, 0x00000007c0000000)
  eden space 93184K, 0% used [0x0000000795580000,0x0000000795580000,0x000000079b080000)
  from space 5120K, 100% used [0x000000079dc80000,0x000000079e180000,0x000000079e180000)
  to   space 5120K, 0% used [0x000000079d780000,0x000000079d780000,0x000000079dc80000)
 ParOldGen       total 179712K, used 121252K [0x0000000740000000, 0x000000074af80000, 0x0000000795580000)
  object space 179712K, 67% used [0x0000000740000000,0x00000007476690a0,0x000000074af80000)
 Metaspace       used 8290K, capacity 8482K, committed 8576K, reserved 1056768K
  class space    used 995K, capacity 1071K, committed 1152K, reserved 1048576K
GC Heap History (10 events):
Event: 0.649 GC heap after
Heap after GC invocations=1 (full 0):
 PSYoungGen      total 38400K, used 5090K [0x0000000795580000, 0x000000079a080000, 0x00000007c0000000)
  eden space 33280K, 0% used [0x0000000795580000,0x0000000795580000,0x0000000797600000)
  from space 5120K, 99% used [0x0000000797600000,0x0000000797af8890,0x0000000797b00000)
  to   space 5120K, 0% used [0x0000000799b80000,0x0000000799b80000,0x000000079a080000)
 ParOldGen       total 87552K, used 2495K [0x0000000740000000, 0x0000000745580000, 0x0000000795580000)
  object space 87552K, 2% used [0x0000000740000000,0x000000074026fcf0,0x0000000745580000)
 Metaspace       used 8282K, capacity 8482K, committed 8576K, reserved 1056768K
  class space    used 995K, capacity 1071K, committed 1152K, reserved 1048576K
}
Event: 0.691 GC heap before
{Heap before GC invocations=2 (full 0):
 PSYoungGen      total 38400K, used 37492K [0x0000000795580000, 0x000000079a080000, 0x00000007c0000000)
  eden space 33280K, 97% used [0x0000000795580000,0x00000007975249b0,0x0000000797600000)
  from space 5120K, 99% used [0x0000000797600000,0x0000000797af8890,0x0000000797b00000)
  to   space 5120K, 0% used [0x0000000799b80000,0x0000000799b80000,0x000000079a080000)
 ParOldGen       total 87552K, used 2495K [0x0000000740000000, 0x0000000745580000, 0x0000000795580000)
  object space 87552K, 2% used [0x0000000740000000,0x000000074026fcf0,0x0000000745580000)
 Metaspace       used 8290K, capacity 8482K, committed 8576K, reserved 1056768K
  class space    used 995K, capacity 1071K, committed 1152K, reserved 1048576K
Event: 0.715 GC heap after
Heap after GC invocations=2 (full 0):
 PSYoungGen      total 71680K, used 5101K [0x0000000795580000, 0x000000079a080000, 0x00000007c0000000)
  eden space 66560K, 0% used [0x0000000795580000,0x0000000795580000,0x0000000799680000)
  from space 5120K, 99% used [0x0000000799b80000,0x000000079a07b578,0x000000079a080000)
  to   space 5120K, 0% used [0x0000000799680000,0x0000000799680000,0x0000000799b80000)
 ParOldGen       total 87552K, used 23676K [0x0000000740000000, 0x0000000745580000, 0x0000000795580000)
  object space 87552K, 27% used [0x0000000740000000,0x000000074171f258,0x0000000745580000)
 Metaspace       used 8290K, capacity 8482K, committed 8576K, reserved 1056768K
  class space    used 995K, capacity 1071K, committed 1152K, reserved 1048576K
}
Event: 0.811 GC heap before
{Heap before GC invocations=3 (full 0):
 PSYoungGen      total 71680K, used 71661K [0x0000000795580000, 0x000000079a080000, 0x00000007c0000000)
  eden space 66560K, 100% used [0x0000000795580000,0x0000000799680000,0x0000000799680000)
  from space 5120K, 99% used [0x0000000799b80000,0x000000079a07b578,0x000000079a080000)
  to   space 5120K, 0% used [0x0000000799680000,0x0000000799680000,0x0000000799b80000)
 ParOldGen       total 87552K, used 23676K [0x0000000740000000, 0x0000000745580000, 0x0000000795580000)
  object space 87552K, 27% used [0x0000000740000000,0x000000074171f258,0x0000000745580000)
 Metaspace       used 8290K, capacity 8482K, committed 8576K, reserved 1056768K
  class space    used 995K, capacity 1071K, committed 1152K, reserved 1048576K
Event: 0.862 GC heap after
Heap after GC invocations=3 (full 0):
 PSYoungGen      total 71680K, used 5120K [0x0000000795580000, 0x000000079e180000, 0x00000007c0000000)
  eden space 66560K, 0% used [0x0000000795580000,0x0000000795580000,0x0000000799680000)
  from space 5120K, 100% used [0x0000000799680000,0x0000000799b80000,0x0000000799b80000)
  to   space 5120K, 0% used [0x000000079dc80000,0x000000079dc80000,0x000000079e180000)
 ParOldGen       total 87552K, used 70569K [0x0000000740000000, 0x0000000745580000, 0x0000000795580000)
  object space 87552K, 80% used [0x0000000740000000,0x00000007444ea668,0x0000000745580000)
 Metaspace       used 8290K, capacity 8482K, committed 8576K, reserved 1056768K
  class space    used 995K, capacity 1071K, committed 1152K, reserved 1048576K
}
Event: 0.862 GC heap before
{Heap before GC invocations=4 (full 1):
 PSYoungGen      total 71680K, used 5120K [0x0000000795580000, 0x000000079e180000, 0x00000007c0000000)
  eden space 66560K, 0% used [0x0000000795580000,0x0000000795580000,0x0000000799680000)
  from space 5120K, 100% used [0x0000000799680000,0x0000000799b80000,0x0000000799b80000)
  to   space 5120K, 0% used [0x000000079dc80000,0x000000079dc80000,0x000000079e180000)
 ParOldGen       total 87552K, used 70569K [0x0000000740000000, 0x0000000745580000, 0x0000000795580000)
  object space 87552K, 80% used [0x0000000740000000,0x00000007444ea668,0x0000000745580000)
 Metaspace       used 8290K, capacity 8482K, committed 8576K, reserved 1056768K
  class space    used 995K, capacity 1071K, committed 1152K, reserved 1048576K
Event: 1.275 GC heap after
Heap after GC invocations=4 (full 1):
 PSYoungGen      total 71680K, used 0K [0x0000000795580000, 0x000000079e180000, 0x00000007c0000000)
  eden space 66560K, 0% used [0x0000000795580000,0x0000000795580000,0x0000000799680000)
  from space 5120K, 0% used [0x0000000799680000,0x0000000799680000,0x0000000799b80000)
  to   space 5120K, 0% used [0x000000079dc80000,0x000000079dc80000,0x000000079e180000)
 ParOldGen       total 179712K, used 70552K [0x0000000740000000, 0x000000074af80000, 0x0000000795580000)
  object space 179712K, 39% used [0x0000000740000000,0x00000007444e6298,0x000000074af80000)
 Metaspace       used 8290K, capacity 8482K, committed 8576K, reserved 1056768K
  class space    used 995K, capacity 1071K, committed 1152K, reserved 1048576K
}
Event: 1.334 GC heap before
{Heap before GC invocations=5 (full 1):
 PSYoungGen      total 71680K, used 57636K [0x0000000795580000, 0x000000079e180000, 0x00000007c0000000)
  eden space 66560K, 86% used [0x0000000795580000,0x0000000798dc90e8,0x0000000799680000)
  from space 5120K, 0% used [0x0000000799680000,0x0000000799680000,0x0000000799b80000)
  to   space 5120K, 0% used [0x000000079dc80000,0x000000079dc80000,0x000000079e180000)
 ParOldGen       total 179712K, used 70552K [0x0000000740000000, 0x000000074af80000, 0x0000000795580000)
  object space 179712K, 39% used [0x0000000740000000,0x00000007444e6298,0x000000074af80000)
 Metaspace       used 8290K, capacity 8482K, committed 8576K, reserved 1056768K
  class space    used 995K, capacity 1071K, committed 1152K, reserved 1048576K
Event: 1.422 GC heap after
Heap after GC invocations=5 (full 1):
 PSYoungGen      total 98304K, used 5120K [0x0000000795580000, 0x000000079e180000, 0x00000007c0000000)
  eden space 93184K, 0% used [0x0000000795580000,0x0000000795580000,0x000000079b080000)
  from space 5120K, 100% used [0x000000079dc80000,0x000000079e180000,0x000000079e180000)
  to   space 5120K, 0% used [0x000000079d780000,0x000000079d780000,0x000000079dc80000)
 ParOldGen       total 179712K, used 121252K [0x0000000740000000, 0x000000074af80000, 0x0000000795580000)
  object space 179712K, 67% used [0x0000000740000000,0x00000007476690a0,0x000000074af80000)
 Metaspace       used 8290K, capacity 8482K, committed 8576K, reserved 1056768K
  class space    used 995K, capacity 1071K, committed 1152K, reserved 1048576K
}
Event: 1.422 GC heap before
{Heap before GC invocations=6 (full 2):
 PSYoungGen      total 98304K, used 5120K [0x0000000795580000, 0x000000079e180000, 0x00000007c0000000)
  eden space 93184K, 0% used [0x0000000795580000,0x0000000795580000,0x000000079b080000)
  from space 5120K, 100% used [0x000000079dc80000,0x000000079e180000,0x000000079e180000)
  to   space 5120K, 0% used [0x000000079d780000,0x000000079d780000,0x000000079dc80000)
 ParOldGen       total 179712K, used 121252K [0x0000000740000000, 0x000000074af80000, 0x0000000795580000)
  object space 179712K, 67% used [0x0000000740000000,0x00000007476690a0,0x000000074af80000)
 Metaspace       used 8290K, capacity 8482K, committed 8576K, reserved 1056768K
  class space    used 995K, capacity 1071K, committed 1152K, reserved 1048576K

