# JRE version: Java(TM) SE Runtime Environment (8.0_144-b01) (build 1.8.0_144-b01)
# Java VM: Java HotSpot(TM) 64-Bit Server VM (25.144-b01 mixed mode bsd-amd64 compressed oops)
Heap:
 PSYoungGen      total 153600K, used 77528K [0x0000000795580000, 0x00000007a1380000, 0x00000007c0000000)
  eden space 140800K, 48% used [0x0000000795580000,0x0000000799825318,0x000000079df00000)
  from space 12800K, 72% used [0x000000079eb80000,0x000000079f4910a0,0x000000079f800000)
  to   space 12800K, 0% used [0x000000079df00000,0x000000079df00000,0x000000079eb80000)
 ParOldGen       total 73216K, used 14893K [0x0000000740000000, 0x0000000744780000, 0x0000000795580000)
  object space 73216K, 20% used [0x0000000740000000,0x0000000740e8b4d0,0x0000000744780000)
 Metaspace       used 29967K, capacity 30650K, committed 30976K, reserved 1077248K
  class space    used 3564K, capacity 3788K, committed 3840K, reserved 1048576K
GC Heap History (10 events):
Event: 4.844 GC heap before
{Heap before GC invocations=5 (full 0):
 PSYoungGen      total 71680K, used 50064K [0x0000000795580000, 0x000000079a080000, 0x00000007c0000000)
  eden space 66560K, 67% used [0x0000000795580000,0x0000000798168208,0x0000000799680000)
  from space 5120K, 99% used [0x0000000799b80000,0x000000079a07c050,0x000000079a080000)
  to   space 5120K, 0% used [0x0000000799680000,0x0000000799680000,0x0000000799b80000)
 ParOldGen       total 87552K, used 6379K [0x0000000740000000, 0x0000000745580000, 0x0000000795580000)
  object space 87552K, 7% used [0x0000000740000000,0x000000074063ac58,0x0000000745580000)
 Metaspace       used 20697K, capacity 21178K, committed 21296K, reserved 1069056K
  class space    used 2524K, capacity 2675K, committed 2688K, reserved 1048576K
Event: 4.877 GC heap after
Heap after GC invocations=5 (full 0):
 PSYoungGen      total 71680K, used 5088K [0x0000000795580000, 0x000000079f180000, 0x00000007c0000000)
  eden space 66560K, 0% used [0x0000000795580000,0x0000000795580000,0x0000000799680000)
  from space 5120K, 99% used [0x0000000799680000,0x0000000799b78020,0x0000000799b80000)
  to   space 13312K, 0% used [0x000000079e480000,0x000000079e480000,0x000000079f180000)
 ParOldGen       total 87552K, used 14686K [0x0000000740000000, 0x0000000745580000, 0x0000000795580000)
  object space 87552K, 16% used [0x0000000740000000,0x0000000740e57b80,0x0000000745580000)
 Metaspace       used 20697K, capacity 21178K, committed 21296K, reserved 1069056K
  class space    used 2524K, capacity 2675K, committed 2688K, reserved 1048576K
}
Event: 4.877 GC heap before
{Heap before GC invocations=6 (full 1):
 PSYoungGen      total 71680K, used 5088K [0x0000000795580000, 0x000000079f180000, 0x00000007c0000000)
  eden space 66560K, 0% used [0x0000000795580000,0x0000000795580000,0x0000000799680000)
  from space 5120K, 99% used [0x0000000799680000,0x0000000799b78020,0x0000000799b80000)
  to   space 13312K, 0% used [0x000000079e480000,0x000000079e480000,0x000000079f180000)
 ParOldGen       total 87552K, used 14686K [0x0000000740000000, 0x0000000745580000, 0x0000000795580000)
  object space 87552K, 16% used [0x0000000740000000,0x0000000740e57b80,0x0000000745580000)
 Metaspace       used 20697K, capacity 21178K, committed 21296K, reserved 1069056K
  class space    used 2524K, capacity 2675K, committed 2688K, reserved 1048576K
Event: 4.952 GC heap after
Heap after GC invocations=6 (full 1):
 PSYoungGen      total 71680K, used 0K [0x0000000795580000, 0x000000079f180000, 0x00000007c0000000)
  eden space 66560K, 0% used [0x0000000795580000,0x0000000795580000,0x0000000799680000)
  from space 5120K, 0% used [0x0000000799680000,0x0000000799680000,0x0000000799b80000)
  to   space 13312K, 0% used [0x000000079e480000,0x000000079e480000,0x000000079f180000)
 ParOldGen       total 73216K, used 14869K [0x0000000740000000, 0x0000000744780000, 0x0000000795580000)
  object space 73216K, 20% used [0x0000000740000000,0x0000000740e854d0,0x0000000744780000)
 Metaspace       used 20697K, capacity 21178K, committed 21296K, reserved 1069056K
  class space    used 2524K, capacity 2675K, committed 2688K, reserved 1048576K
}
Event: 6.714 GC heap before
{Heap before GC invocations=7 (full 1):
 PSYoungGen      total 71680K, used 66560K [0x0000000795580000, 0x000000079f180000, 0x00000007c0000000)
  eden space 66560K, 100% used [0x0000000795580000,0x0000000799680000,0x0000000799680000)
  from space 5120K, 0% used [0x0000000799680000,0x0000000799680000,0x0000000799b80000)
  to   space 13312K, 0% used [0x000000079e480000,0x000000079e480000,0x000000079f180000)
 ParOldGen       total 73216K, used 14869K [0x0000000740000000, 0x0000000744780000, 0x0000000795580000)
  object space 73216K, 20% used [0x0000000740000000,0x0000000740e854d0,0x0000000744780000)
 Metaspace       used 22311K, capacity 22816K, committed 22960K, reserved 1069056K
  class space    used 2625K, capacity 2772K, committed 2816K, reserved 1048576K
Event: 6.732 GC heap after
Heap after GC invocations=7 (full 1):
 PSYoungGen      total 101888K, used 3453K [0x0000000795580000, 0x000000079e800000, 0x00000007c0000000)
  eden space 98304K, 0% used [0x0000000795580000,0x0000000795580000,0x000000079b580000)
  from space 3584K, 96% used [0x000000079e480000,0x000000079e7df7a0,0x000000079e800000)
  to   space 13312K, 0% used [0x000000079ce00000,0x000000079ce00000,0x000000079db00000)
 ParOldGen       total 73216K, used 14877K [0x0000000740000000, 0x0000000744780000, 0x0000000795580000)
  object space 73216K, 20% used [0x0000000740000000,0x0000000740e874d0,0x0000000744780000)
 Metaspace       used 22311K, capacity 22816K, committed 22960K, reserved 1069056K
  class space    used 2625K, capacity 2772K, committed 2816K, reserved 1048576K
}
Event: 9.470 GC heap before
{Heap before GC invocations=8 (full 1):
 PSYoungGen      total 101888K, used 101757K [0x0000000795580000, 0x000000079e800000, 0x00000007c0000000)
  eden space 98304K, 100% used [0x0000000795580000,0x000000079b580000,0x000000079b580000)
  from space 3584K, 96% used [0x000000079e480000,0x000000079e7df7a0,0x000000079e800000)
  to   space 13312K, 0% used [0x000000079ce00000,0x000000079ce00000,0x000000079db00000)
 ParOldGen       total 73216K, used 14877K [0x0000000740000000, 0x0000000744780000, 0x0000000795580000)
  object space 73216K, 20% used [0x0000000740000000,0x0000000740e874d0,0x0000000744780000)
 Metaspace       used 26539K, capacity 27192K, committed 27520K, reserved 1073152K
  class space    used 3103K, capacity 3329K, committed 3456K, reserved 1048576K
Event: 9.484 GC heap after
Heap after GC invocations=8 (full 1):
 PSYoungGen      total 136704K, used 7430K [0x0000000795580000, 0x000000079f800000, 0x00000007c0000000)
  eden space 123392K, 0% used [0x0000000795580000,0x0000000795580000,0x000000079ce00000)
  from space 13312K, 55% used [0x000000079ce00000,0x000000079d541b80,0x000000079db00000)
  to   space 12800K, 0% used [0x000000079eb80000,0x000000079eb80000,0x000000079f800000)
 ParOldGen       total 73216K, used 14885K [0x0000000740000000, 0x0000000744780000, 0x0000000795580000)
  object space 73216K, 20% used [0x0000000740000000,0x0000000740e894d0,0x0000000744780000)
 Metaspace       used 26539K, capacity 27192K, committed 27520K, reserved 1073152K
  class space    used 3103K, capacity 3329K, committed 3456K, reserved 1048576K
}
Event: 53.618 GC heap before
{Heap before GC invocations=9 (full 1):
 PSYoungGen      total 136704K, used 130822K [0x0000000795580000, 0x000000079f800000, 0x00000007c0000000)
  eden space 123392K, 100% used [0x0000000795580000,0x000000079ce00000,0x000000079ce00000)
  from space 13312K, 55% used [0x000000079ce00000,0x000000079d541b80,0x000000079db00000)
  to   space 12800K, 0% used [0x000000079eb80000,0x000000079eb80000,0x000000079f800000)
 ParOldGen       total 73216K, used 14885K [0x0000000740000000, 0x0000000744780000, 0x0000000795580000)
  object space 73216K, 20% used [0x0000000740000000,0x0000000740e894d0,0x0000000744780000)
 Metaspace       used 29957K, capacity 30650K, committed 30976K, reserved 1077248K
  class space    used 3564K, capacity 3788K, committed 3840K, reserved 1048576K
Event: 53.673 GC heap after
Heap after GC invocations=9 (full 1):
 PSYoungGen      total 153600K, used 9284K [0x0000000795580000, 0x00000007a1380000, 0x00000007c0000000)
  eden space 140800K, 0% used [0x0000000795580000,0x0000000795580000,0x000000079df00000)
  from space 12800K, 72% used [0x000000079eb80000,0x000000079f4910a0,0x000000079f800000)
  to   space 12800K, 0% used [0x000000079df00000,0x000000079df00000,0x000000079eb80000)
 ParOldGen       total 73216K, used 14893K [0x0000000740000000, 0x0000000744780000, 0x0000000795580000)
  object space 73216K, 20% used [0x0000000740000000,0x0000000740e8b4d0,0x0000000744780000)
 Metaspace       used 29957K, capacity 30650K, committed 30976K, reserved 1077248K
  class space    used 3564K, capacity 3788K, committed 3840K, reserved 1048576K
}

